<?xml version="1.0" encoding="UTF-8"?>
<robot generator="Robot 7.0 (Python 3.11.0 on win32)" generated="2024-05-28T15:53:18.915049" rpa="false" schemaversion="5">
<suite id="s1" name="TestCases" source="C:\Users\KARTHIPRIYA R\OneDrive\Desktop\SmartHospital\TestCases">
<suite id="s1-s1" name="Test Valid Viewbilldetails" source="C:\Users\KARTHIPRIYA R\OneDrive\Desktop\SmartHospital\TestCases\Test_Valid_Viewbilldetails.robot">
<test id="s1-s1-t1" name="Successfull search for a bill using bill number" line="11">
<kw name="Open the browser with url" owner="GenericResources" type="SETUP">
<kw name="Create Webdriver" owner="SeleniumLibrary">
<msg time="2024-05-28T15:53:19.457307" level="INFO">Creating an instance of the Chrome WebDriver.</msg>
<arg>Chrome</arg>
<doc>Creates an instance of Selenium WebDriver.</doc>
<status status="PASS" start="2024-05-28T15:53:19.457307" elapsed="3.921076"/>
</kw>
<kw name="Go To" owner="SeleniumLibrary">
<msg time="2024-05-28T15:53:23.381224" level="INFO">Opening url 'https://demo.smart-hospital.in/'</msg>
<arg>${url}</arg>
<doc>Navigates the current browser window to the provided ``url``.</doc>
<status status="PASS" start="2024-05-28T15:53:23.379388" elapsed="8.569169"/>
</kw>
<kw name="Maximize Browser Window" owner="SeleniumLibrary">
<doc>Maximizes current browser window.</doc>
<status status="PASS" start="2024-05-28T15:53:31.949943" elapsed="0.181290"/>
</kw>
<kw name="Set Selenium Implicit Wait" owner="SeleniumLibrary">
<arg>5</arg>
<doc>Sets the implicit wait value used by Selenium.</doc>
<status status="PASS" start="2024-05-28T15:53:32.132245" elapsed="0.029920"/>
</kw>
<status status="PASS" start="2024-05-28T15:53:19.456310" elapsed="12.706042"/>
</kw>
<kw name="Click the login in button" owner="GenericResources">
<kw name="Click Element" owner="SeleniumLibrary">
<msg time="2024-05-28T15:53:32.164731" level="INFO">Clicking element '//i[@class="fa fa-user"]//parent::a'.</msg>
<arg>${login_button}</arg>
<doc>Click the element identified by ``locator``.</doc>
<status status="PASS" start="2024-05-28T15:53:32.163738" elapsed="9.450090"/>
</kw>
<status status="PASS" start="2024-05-28T15:53:32.162849" elapsed="9.451476"/>
</kw>
<kw name="Fill the login form by default credentials for user role" owner="LoginResources">
<kw name="Click Button" owner="SeleniumLibrary">
<msg time="2024-05-28T15:53:41.615491" level="INFO">Clicking button 'css:button[class='btn']'.</msg>
<arg>${signin_button}</arg>
<doc>Clicks the button identified by ``locator``.</doc>
<status status="PASS" start="2024-05-28T15:53:41.615491" elapsed="3.999744"/>
</kw>
<status status="PASS" start="2024-05-28T15:53:41.614822" elapsed="4.000909"/>
</kw>
<kw name="Verify the successfull login with valid credentials for user" owner="LoginResources">
<kw name="Click Link" owner="SeleniumLibrary">
<msg time="2024-05-28T15:53:45.616968" level="INFO">Clicking link 'css:a[class="dropdown-toggle"]'.</msg>
<arg>${pofile_icon}</arg>
<doc>Clicks a link identified by ``locator``.</doc>
<status status="PASS" start="2024-05-28T15:53:45.616774" elapsed="0.059855"/>
</kw>
<kw name="Wait Until Element Is Enabled" owner="SeleniumLibrary">
<arg>${profile_name}</arg>
<doc>Waits until the element ``locator`` is enabled.</doc>
<status status="PASS" start="2024-05-28T15:53:45.677189" elapsed="0.024138"/>
</kw>
<kw name="Element Text Should Be" owner="SeleniumLibrary">
<msg time="2024-05-28T15:53:45.702323" level="INFO">Verifying element 'css:div[class="sstopuser-test"] h5' contains exact text 'Patient'.</msg>
<arg>${profile_name}</arg>
<arg>Patient</arg>
<doc>Verifies that element ``locator`` contains exact the text ``expected``.</doc>
<status status="PASS" start="2024-05-28T15:53:45.702323" elapsed="0.018642"/>
</kw>
<status status="PASS" start="2024-05-28T15:53:45.615731" elapsed="0.106231"/>
</kw>
<kw name="Sucessfull search by bill number" owner="UserResources">
<kw name="Click Link" owner="SeleniumLibrary">
<msg time="2024-05-28T15:53:45.721962" level="INFO">Clicking link 'xpath://i[@class="fas fa-mortar-pestle"]//parent::a'.</msg>
<arg>${pharmacy_option}</arg>
<doc>Clicks a link identified by ``locator``.</doc>
<status status="PASS" start="2024-05-28T15:53:45.721962" elapsed="0.822033"/>
</kw>
<kw name="Wait Until Element Is Enabled" owner="SeleniumLibrary">
<arg>${pharmacy_bill_search_field}</arg>
<doc>Waits until the element ``locator`` is enabled.</doc>
<status status="PASS" start="2024-05-28T15:53:46.543995" elapsed="0.026383"/>
</kw>
<kw name="Input Text" owner="SeleniumLibrary">
<msg time="2024-05-28T15:53:46.571385" level="INFO">Typing text 'PHARMAB307' into text field 'css:input[type="search"]'.</msg>
<arg>${pharmacy_bill_search_field}</arg>
<arg>PHARMAB307</arg>
<doc>Types the given ``text`` into the text field identified by ``locator``.</doc>
<status status="PASS" start="2024-05-28T15:53:46.571385" elapsed="0.124942"/>
</kw>
<status status="PASS" start="2024-05-28T15:53:45.721962" elapsed="0.974365"/>
</kw>
<kw name="Verify the successfull search by bill number" owner="UserResources">
<kw name="Wait Until Element Is Visible" owner="SeleniumLibrary">
<arg>${pharmacy_bill_record_assert}</arg>
<doc>Waits until the element ``locator`` is visible.</doc>
<status status="PASS" start="2024-05-28T15:53:46.696327" elapsed="0.021407"/>
</kw>
<kw name="Should Not Contain" owner="BuiltIn">
<arg>${pharmacy_bill_record_assert}</arg>
<arg>Records: 0 to 0 of 0</arg>
<doc>Fails if ``container`` contains ``item`` one or more times.</doc>
<status status="PASS" start="2024-05-28T15:53:46.717734" elapsed="0.000000"/>
</kw>
<status status="PASS" start="2024-05-28T15:53:46.696327" elapsed="0.021407"/>
</kw>
<kw name="Successfull view of the bill details" owner="UserResources">
<kw name="Wait Until Element Is Enabled" owner="SeleniumLibrary">
<arg>${pharmacy_view_details}</arg>
<doc>Waits until the element ``locator`` is enabled.</doc>
<status status="PASS" start="2024-05-28T15:53:46.718689" elapsed="0.021514"/>
</kw>
<kw name="Click Link" owner="SeleniumLibrary">
<msg time="2024-05-28T15:53:46.740203" level="INFO">Clicking link 'xpath://a[@class="btn btn-default btn-xs"]'.</msg>
<arg>${pharmacy_view_details}</arg>
<doc>Clicks a link identified by ``locator``.</doc>
<status status="PASS" start="2024-05-28T15:53:46.740203" elapsed="0.051137"/>
</kw>
<status status="PASS" start="2024-05-28T15:53:46.717734" elapsed="0.074603"/>
</kw>
<kw name="Verify the successfull view of the bill details" owner="UserResources">
<kw name="Wait Until Element Is Visible" owner="SeleniumLibrary">
<arg>${view_detail_assert}</arg>
<doc>Waits until the element ``locator`` is visible.</doc>
<status status="PASS" start="2024-05-28T15:53:46.793341" elapsed="0.210929"/>
</kw>
<kw name="Element Text Should Be" owner="SeleniumLibrary">
<msg time="2024-05-28T15:53:47.005272" level="INFO">Verifying element 'xpath://h5[text()='Bill No : PHARMAB307']' contains exact text 'Bill No : PHARMAB307'.</msg>
<arg>${view_detail_assert}</arg>
<arg>Bill No : PHARMAB307</arg>
<doc>Verifies that element ``locator`` contains exact the text ``expected``.</doc>
<status status="PASS" start="2024-05-28T15:53:47.004270" elapsed="0.018944"/>
</kw>
<status status="PASS" start="2024-05-28T15:53:46.793341" elapsed="0.230876"/>
</kw>
<kw name="Close the browser" owner="GenericResources" type="TEARDOWN">
<kw name="Close Browser" owner="SeleniumLibrary">
<doc>Closes the current browser.</doc>
<status status="PASS" start="2024-05-28T15:53:47.024217" elapsed="2.170258"/>
</kw>
<status status="PASS" start="2024-05-28T15:53:47.024217" elapsed="2.170258"/>
</kw>
<status status="PASS" start="2024-05-28T15:53:19.455313" elapsed="29.739658"/>
</test>
<doc>Test case for the valid view bill details</doc>
<status status="PASS" start="2024-05-28T15:53:18.986374" elapsed="30.208597"/>
</suite>
<status status="PASS" start="2024-05-28T15:53:18.947005" elapsed="30.249010"/>
</suite>
<statistics>
<total>
<stat pass="1" fail="0" skip="0">All Tests</stat>
</total>
<tag>
</tag>
<suite>
<stat pass="1" fail="0" skip="0" id="s1" name="TestCases">TestCases</stat>
<stat pass="1" fail="0" skip="0" id="s1-s1" name="Test Valid Viewbilldetails">TestCases.Test Valid Viewbilldetails</stat>
</suite>
</statistics>
<errors>
</errors>
</robot>
