<?xml version="1.0" encoding="UTF-8"?>
<robot generator="Robot 7.0 (Python 3.11.0 on win32)" generated="2024-05-29T09:41:31.398119" rpa="false" schemaversion="5">
<suite id="s1" name="Test Invalid Userlogin" source="C:\Users\KARTHIPRIYA R\OneDrive\Desktop\SmartHospital\Smart_Hospital\TestCases\Test_Invalid_Userlogin.robot">
<test id="s1-t1" name="Unsucessfull doctor login using invalid login credentials" line="11">
<kw name="Open the browser with url" owner="GenericResources" type="SETUP">
<kw name="Create Webdriver" owner="SeleniumLibrary">
<msg time="2024-05-29T09:41:31.760812" level="INFO">Creating an instance of the Chrome WebDriver.</msg>
<arg>Chrome</arg>
<doc>Creates an instance of Selenium WebDriver.</doc>
<status status="PASS" start="2024-05-29T09:41:31.760812" elapsed="2.324629"/>
</kw>
<kw name="Go To" owner="SeleniumLibrary">
<msg time="2024-05-29T09:41:34.086439" level="INFO">Opening url 'https://demo.smart-hospital.in/'</msg>
<arg>${url}</arg>
<doc>Navigates the current browser window to the provided ``url``.</doc>
<status status="PASS" start="2024-05-29T09:41:34.086439" elapsed="10.192053"/>
</kw>
<kw name="Maximize Browser Window" owner="SeleniumLibrary">
<doc>Maximizes current browser window.</doc>
<status status="PASS" start="2024-05-29T09:41:44.278492" elapsed="0.034076"/>
</kw>
<kw name="Set Selenium Implicit Wait" owner="SeleniumLibrary">
<arg>5</arg>
<doc>Sets the implicit wait value used by Selenium.</doc>
<status status="PASS" start="2024-05-29T09:41:44.313579" elapsed="0.001985"/>
</kw>
<status status="PASS" start="2024-05-29T09:41:31.759813" elapsed="12.555751"/>
</kw>
<kw name="Click the login in button" owner="GenericResources">
<kw name="Click Element" owner="SeleniumLibrary">
<msg time="2024-05-29T09:41:44.319986" level="INFO">Clicking element '//i[@class="fa fa-user"]//parent::a'.</msg>
<arg>${login_button}</arg>
<doc>Click the element identified by ``locator``.</doc>
<status status="PASS" start="2024-05-29T09:41:44.318992" elapsed="12.019146"/>
</kw>
<status status="PASS" start="2024-05-29T09:41:44.317994" elapsed="12.020144"/>
</kw>
<kw name="Fill the login form with login credentials for user" owner="LoginResources">
<kw name="Input Text" owner="SeleniumLibrary">
<msg time="2024-05-29T09:41:56.339684" level="INFO">Typing text 'sonia@gmail.com' into text field 'css:input[name='username']'.</msg>
<arg>${username_field}</arg>
<arg>${username}</arg>
<doc>Types the given ``text`` into the text field identified by ``locator``.</doc>
<status status="PASS" start="2024-05-29T09:41:56.339684" elapsed="0.177981"/>
</kw>
<kw name="Input Password" owner="SeleniumLibrary">
<msg time="2024-05-29T09:41:56.517665" level="INFO">Typing password into text field 'css:input[name='password']'.</msg>
<msg time="2024-05-29T09:41:56.588447" level="INFO">Temporally setting log level to: NONE</msg>
<arg>${password_field}</arg>
<arg>${password}</arg>
<doc>Types the given password into the text field identified by ``locator``.</doc>
<status status="PASS" start="2024-05-29T09:41:56.517665" elapsed="0.139585"/>
</kw>
<kw name="Click Button" owner="SeleniumLibrary">
<msg time="2024-05-29T09:41:56.658249" level="INFO">Clicking button 'css:button[class='btn']'.</msg>
<arg>${signin_button}</arg>
<doc>Clicks the button identified by ``locator``.</doc>
<status status="PASS" start="2024-05-29T09:41:56.657250" elapsed="0.632091"/>
</kw>
<arg>${doctor_valid_username}</arg>
<arg>${doctor_invalid_password}</arg>
<status status="PASS" start="2024-05-29T09:41:56.338638" elapsed="0.950703"/>
</kw>
<kw name="Verify the unsucessfull login with invalid credentials" owner="LoginResources">
<kw name="Element Text Should Be" owner="SeleniumLibrary">
<msg time="2024-05-29T09:41:57.290337" level="INFO">Verifying element 'css:div[class="alert alert-danger"]' contains exact text 'Invalid Username or Password'.</msg>
<arg>${invalid_credentials_message}</arg>
<arg>Invalid Username or Password</arg>
<doc>Verifies that element ``locator`` contains exact the text ``expected``.</doc>
<status status="PASS" start="2024-05-29T09:41:57.290337" elapsed="0.039023"/>
</kw>
<status status="PASS" start="2024-05-29T09:41:57.290337" elapsed="0.040024"/>
</kw>
<kw name="Close the browser" owner="GenericResources" type="TEARDOWN">
<kw name="Close Browser" owner="SeleniumLibrary">
<doc>Closes the current browser.</doc>
<status status="PASS" start="2024-05-29T09:41:57.330905" elapsed="2.154688"/>
</kw>
<status status="PASS" start="2024-05-29T09:41:57.330905" elapsed="2.154688"/>
</kw>
<tag>smoke</tag>
<status status="PASS" start="2024-05-29T09:41:31.758672" elapsed="27.727925"/>
</test>
<test id="s1-t2" name="Unsucessfull doctor login with blank username" line="17">
<kw name="Open the browser with url" owner="GenericResources" type="SETUP">
<kw name="Create Webdriver" owner="SeleniumLibrary">
<msg time="2024-05-29T09:41:59.489586" level="INFO">Creating an instance of the Chrome WebDriver.</msg>
<arg>Chrome</arg>
<doc>Creates an instance of Selenium WebDriver.</doc>
<status status="PASS" start="2024-05-29T09:41:59.489586" elapsed="1.621778"/>
</kw>
<kw name="Go To" owner="SeleniumLibrary">
<msg time="2024-05-29T09:42:01.112599" level="INFO">Opening url 'https://demo.smart-hospital.in/'</msg>
<arg>${url}</arg>
<doc>Navigates the current browser window to the provided ``url``.</doc>
<status status="PASS" start="2024-05-29T09:42:01.111364" elapsed="8.475535"/>
</kw>
<kw name="Maximize Browser Window" owner="SeleniumLibrary">
<doc>Maximizes current browser window.</doc>
<status status="PASS" start="2024-05-29T09:42:09.586899" elapsed="0.059067"/>
</kw>
<kw name="Set Selenium Implicit Wait" owner="SeleniumLibrary">
<arg>5</arg>
<doc>Sets the implicit wait value used by Selenium.</doc>
<status status="PASS" start="2024-05-29T09:42:09.645966" elapsed="0.002987"/>
</kw>
<status status="PASS" start="2024-05-29T09:41:59.488589" elapsed="10.160364"/>
</kw>
<kw name="Click the login in button" owner="GenericResources">
<kw name="Click Element" owner="SeleniumLibrary">
<msg time="2024-05-29T09:42:09.652681" level="INFO">Clicking element '//i[@class="fa fa-user"]//parent::a'.</msg>
<arg>${login_button}</arg>
<doc>Click the element identified by ``locator``.</doc>
<status status="PASS" start="2024-05-29T09:42:09.651849" elapsed="9.425872"/>
</kw>
<status status="PASS" start="2024-05-29T09:42:09.650839" elapsed="9.426882"/>
</kw>
<kw name="Fill the login form with login credentials for user" owner="LoginResources">
<kw name="Input Text" owner="SeleniumLibrary">
<msg time="2024-05-29T09:42:19.079745" level="INFO">Typing text '' into text field 'css:input[name='username']'.</msg>
<arg>${username_field}</arg>
<arg>${username}</arg>
<doc>Types the given ``text`` into the text field identified by ``locator``.</doc>
<status status="PASS" start="2024-05-29T09:42:19.078744" elapsed="0.169460"/>
</kw>
<kw name="Input Password" owner="SeleniumLibrary">
<msg time="2024-05-29T09:42:19.249214" level="INFO">Typing password into text field 'css:input[name='password']'.</msg>
<msg time="2024-05-29T09:42:19.313089" level="INFO">Temporally setting log level to: NONE</msg>
<arg>${password_field}</arg>
<arg>${password}</arg>
<doc>Types the given password into the text field identified by ``locator``.</doc>
<status status="PASS" start="2024-05-29T09:42:19.248204" elapsed="0.154254"/>
</kw>
<kw name="Click Button" owner="SeleniumLibrary">
<msg time="2024-05-29T09:42:19.403479" level="INFO">Clicking button 'css:button[class='btn']'.</msg>
<arg>${signin_button}</arg>
<doc>Clicks the button identified by ``locator``.</doc>
<status status="PASS" start="2024-05-29T09:42:19.402458" elapsed="0.564320"/>
</kw>
<arg>username=</arg>
<arg>password="sdfghj"</arg>
<status status="PASS" start="2024-05-29T09:42:19.078744" elapsed="0.888034"/>
</kw>
<kw name="Verify the unsucessfull login with the blank username" owner="LoginResources">
<kw name="Element Text Should Be" owner="SeleniumLibrary">
<msg time="2024-05-29T09:42:19.969803" level="INFO">Verifying element 'css:input[name='username']+span&gt;p' contains exact text 'The Username field is required.'.</msg>
<arg>${required_username_message}</arg>
<arg>The Username field is required.</arg>
<doc>Verifies that element ``locator`` contains exact the text ``expected``.</doc>
<status status="PASS" start="2024-05-29T09:42:19.968773" elapsed="0.039481"/>
</kw>
<status status="PASS" start="2024-05-29T09:42:19.967791" elapsed="0.040463"/>
</kw>
<kw name="Close the browser" owner="GenericResources" type="TEARDOWN">
<kw name="Close Browser" owner="SeleniumLibrary">
<doc>Closes the current browser.</doc>
<status status="PASS" start="2024-05-29T09:42:20.010278" elapsed="2.175044"/>
</kw>
<status status="PASS" start="2024-05-29T09:42:20.009281" elapsed="2.176041"/>
</kw>
<status status="PASS" start="2024-05-29T09:41:59.487592" elapsed="22.698737"/>
</test>
<test id="s1-t3" name="Unsucessfull doctor login with the blank password" line="22">
<kw name="Open the browser with url" owner="GenericResources" type="SETUP">
<kw name="Create Webdriver" owner="SeleniumLibrary">
<msg time="2024-05-29T09:42:22.189314" level="INFO">Creating an instance of the Chrome WebDriver.</msg>
<arg>Chrome</arg>
<doc>Creates an instance of Selenium WebDriver.</doc>
<status status="PASS" start="2024-05-29T09:42:22.189314" elapsed="1.576651"/>
</kw>
<kw name="Go To" owner="SeleniumLibrary">
<msg time="2024-05-29T09:42:23.766372" level="INFO">Opening url 'https://demo.smart-hospital.in/'</msg>
<arg>${url}</arg>
<doc>Navigates the current browser window to the provided ``url``.</doc>
<status status="PASS" start="2024-05-29T09:42:23.766372" elapsed="9.108171"/>
</kw>
<kw name="Maximize Browser Window" owner="SeleniumLibrary">
<doc>Maximizes current browser window.</doc>
<status status="PASS" start="2024-05-29T09:42:32.875043" elapsed="0.036913"/>
</kw>
<kw name="Set Selenium Implicit Wait" owner="SeleniumLibrary">
<arg>5</arg>
<doc>Sets the implicit wait value used by Selenium.</doc>
<status status="PASS" start="2024-05-29T09:42:32.911956" elapsed="0.001992"/>
</kw>
<status status="PASS" start="2024-05-29T09:42:22.189314" elapsed="10.724634"/>
</kw>
<kw name="Click the login in button" owner="GenericResources">
<kw name="Click Element" owner="SeleniumLibrary">
<msg time="2024-05-29T09:42:32.915569" level="INFO">Clicking element '//i[@class="fa fa-user"]//parent::a'.</msg>
<arg>${login_button}</arg>
<doc>Click the element identified by ``locator``.</doc>
<status status="PASS" start="2024-05-29T09:42:32.915569" elapsed="9.926136"/>
</kw>
<status status="PASS" start="2024-05-29T09:42:32.915074" elapsed="9.926631"/>
</kw>
<kw name="Fill the login form with login credentials for user" owner="LoginResources">
<kw name="Input Text" owner="SeleniumLibrary">
<msg time="2024-05-29T09:42:42.843229" level="INFO">Typing text '"sonia@gmail.com"' into text field 'css:input[name='username']'.</msg>
<arg>${username_field}</arg>
<arg>${username}</arg>
<doc>Types the given ``text`` into the text field identified by ``locator``.</doc>
<status status="PASS" start="2024-05-29T09:42:42.843229" elapsed="0.197313"/>
</kw>
<kw name="Input Password" owner="SeleniumLibrary">
<msg time="2024-05-29T09:42:43.041544" level="INFO">Typing password into text field 'css:input[name='password']'.</msg>
<msg time="2024-05-29T09:42:43.100784" level="INFO">Temporally setting log level to: NONE</msg>
<arg>${password_field}</arg>
<arg>${password}</arg>
<doc>Types the given password into the text field identified by ``locator``.</doc>
<status status="PASS" start="2024-05-29T09:42:43.041544" elapsed="0.127129"/>
</kw>
<kw name="Click Button" owner="SeleniumLibrary">
<msg time="2024-05-29T09:42:43.170733" level="INFO">Clicking button 'css:button[class='btn']'.</msg>
<arg>${signin_button}</arg>
<doc>Clicks the button identified by ``locator``.</doc>
<status status="PASS" start="2024-05-29T09:42:43.169720" elapsed="0.728419"/>
</kw>
<arg>username="sonia@gmail.com"</arg>
<arg>password=</arg>
<status status="PASS" start="2024-05-29T09:42:42.842896" elapsed="1.056289"/>
</kw>
<kw name="Verify the unsucessfull login with the blank password" owner="LoginResources">
<kw name="Element Text Should Be" owner="SeleniumLibrary">
<msg time="2024-05-29T09:42:43.902599" level="INFO">Verifying element 'css:input[name='password']+span&gt;p' contains exact text 'The Password field is required.'.</msg>
<arg>${required_password_message}</arg>
<arg>The Password field is required.</arg>
<doc>Verifies that element ``locator`` contains exact the text ``expected``.</doc>
<status status="PASS" start="2024-05-29T09:42:43.901594" elapsed="0.041756"/>
</kw>
<status status="PASS" start="2024-05-29T09:42:43.900135" elapsed="0.044236"/>
</kw>
<kw name="Close the browser" owner="GenericResources" type="TEARDOWN">
<kw name="Close Browser" owner="SeleniumLibrary">
<doc>Closes the current browser.</doc>
<status status="PASS" start="2024-05-29T09:42:43.945350" elapsed="2.155757"/>
</kw>
<status status="PASS" start="2024-05-29T09:42:43.945350" elapsed="2.156760"/>
</kw>
<status status="PASS" start="2024-05-29T09:42:22.188317" elapsed="23.914789"/>
</test>
<doc>Test case for the invalid user login</doc>
<status status="PASS" start="2024-05-29T09:41:31.399827" elapsed="74.705277"/>
</suite>
<statistics>
<total>
<stat pass="3" fail="0" skip="0">All Tests</stat>
</total>
<tag>
<stat pass="1" fail="0" skip="0">smoke</stat>
</tag>
<suite>
<stat pass="3" fail="0" skip="0" id="s1" name="Test Invalid Userlogin">Test Invalid Userlogin</stat>
</suite>
</statistics>
<errors>
</errors>
</robot>
