<?xml version="1.0" encoding="UTF-8"?>
<robot generator="Robot 7.0 (Python 3.11.0 on win32)" generated="2024-05-28T14:23:48.820638" rpa="false" schemaversion="5">
<suite id="s1" name="TestCases" source="C:\Users\KARTHIPRIYA R\OneDrive\Desktop\SmartHospital\TestCases">
<suite id="s1-s1" name="Test Invalid Addnewpatient" source="C:\Users\KARTHIPRIYA R\OneDrive\Desktop\SmartHospital\TestCases\Test_Invalid_Addnewpatient.robot">
<test id="s1-s1-t1" name="addition of new patient" line="16">
<kw name="Open the browser with url" owner="GenericResources" type="SETUP">
<kw name="Create Webdriver" owner="SeleniumLibrary">
<msg time="2024-05-28T14:23:50.712754" level="INFO">Creating an instance of the Chrome WebDriver.</msg>
<arg>Chrome</arg>
<doc>Creates an instance of Selenium WebDriver.</doc>
<status status="PASS" start="2024-05-28T14:23:50.712754" elapsed="3.451665"/>
</kw>
<kw name="Go To" owner="SeleniumLibrary">
<msg time="2024-05-28T14:23:54.166253" level="INFO">Opening url 'https://demo.smart-hospital.in/'</msg>
<arg>${url}</arg>
<doc>Navigates the current browser window to the provided ``url``.</doc>
<status status="PASS" start="2024-05-28T14:23:54.165415" elapsed="3.673765"/>
</kw>
<kw name="Maximize Browser Window" owner="SeleniumLibrary">
<doc>Maximizes current browser window.</doc>
<status status="PASS" start="2024-05-28T14:23:57.840146" elapsed="0.041574"/>
</kw>
<kw name="Set Selenium Implicit Wait" owner="SeleniumLibrary">
<arg>5</arg>
<doc>Sets the implicit wait value used by Selenium.</doc>
<status status="PASS" start="2024-05-28T14:23:57.882249" elapsed="0.002002"/>
</kw>
<status status="PASS" start="2024-05-28T14:23:50.711764" elapsed="7.172487"/>
</kw>
<kw name="Unsuccessfull addition of new patient">
<kw name="Click the login in button" owner="GenericResources">
<kw name="Click Element" owner="SeleniumLibrary">
<msg time="2024-05-28T14:23:57.890230" level="INFO">Clicking element '//i[@class="fa fa-user"]//parent::a'.</msg>
<arg>${login_button}</arg>
<doc>Click the element identified by ``locator``.</doc>
<status status="PASS" start="2024-05-28T14:23:57.889235" elapsed="2.438217"/>
</kw>
<status status="PASS" start="2024-05-28T14:23:57.887243" elapsed="2.440415"/>
</kw>
<kw name="Fill the successfull login form by clicking the doctor role" owner="LoginResources">
<kw name="Click Link" owner="SeleniumLibrary">
<msg time="2024-05-28T14:24:00.330155" level="INFO">Clicking link 'xpath://i[@class="fa fa-user"]//parent::a'.</msg>
<arg>${admin_login_button}</arg>
<doc>Clicks a link identified by ``locator``.</doc>
<status status="PASS" start="2024-05-28T14:24:00.329203" elapsed="0.173774"/>
</kw>
<kw name="Switch Window" owner="SeleniumLibrary">
<arg>new</arg>
<doc>Switches to browser window matching ``locator``.</doc>
<status status="PASS" start="2024-05-28T14:24:00.503492" elapsed="0.030545"/>
</kw>
<kw name="Click Link" owner="SeleniumLibrary">
<msg time="2024-05-28T14:24:00.534037" level="INFO">Clicking link 'xpath://a[text()='Doctor']'.</msg>
<arg>${valid_doctor_button}</arg>
<doc>Clicks a link identified by ``locator``.</doc>
<status status="PASS" start="2024-05-28T14:24:00.534037" elapsed="0.568082"/>
</kw>
<kw name="Click Button" owner="SeleniumLibrary">
<msg time="2024-05-28T14:24:01.102615" level="INFO">Clicking button 'css:button[class='btn']'.</msg>
<arg>${signin_button}</arg>
<doc>Clicks the button identified by ``locator``.</doc>
<status status="PASS" start="2024-05-28T14:24:01.102615" elapsed="4.530201"/>
</kw>
<status status="PASS" start="2024-05-28T14:24:00.328155" elapsed="5.305660"/>
</kw>
<kw name="Verify the successfull login with valid credentials for doctor" owner="LoginResources">
<kw name="Click Link" owner="SeleniumLibrary">
<msg time="2024-05-28T14:24:05.635803" level="INFO">Clicking link 'css:a[class="dropdown-toggle"]'.</msg>
<arg>${pofile_icon}</arg>
<doc>Clicks a link identified by ``locator``.</doc>
<status status="PASS" start="2024-05-28T14:24:05.634807" elapsed="0.153239"/>
</kw>
<kw name="Wait Until Element Is Enabled" owner="SeleniumLibrary">
<arg>${profile_name}</arg>
<doc>Waits until the element ``locator`` is enabled.</doc>
<status status="PASS" start="2024-05-28T14:24:05.789106" elapsed="0.063732"/>
</kw>
<kw name="Element Text Should Be" owner="SeleniumLibrary">
<msg time="2024-05-28T14:24:05.853939" level="INFO">Verifying element 'css:div[class="sstopuser-test"] h5' contains exact text 'Doctor'.</msg>
<arg>${profile_name}</arg>
<arg>Doctor</arg>
<doc>Verifies that element ``locator`` contains exact the text ``expected``.</doc>
<status status="PASS" start="2024-05-28T14:24:05.852838" elapsed="0.040632"/>
</kw>
<status status="PASS" start="2024-05-28T14:24:05.633815" elapsed="0.259655"/>
</kw>
<kw name="Addition of new patient in the IPD inpatient with valid Credentials" owner="DoctorResources">
<kw name="Click Link" owner="SeleniumLibrary">
<msg time="2024-05-28T14:24:05.896544" level="INFO">Clicking link 'xpath://i[@class="fas fa-procedures"]//parent::a'.</msg>
<arg>${IPD_in_patient}</arg>
<doc>Clicks a link identified by ``locator``.</doc>
<status status="PASS" start="2024-05-28T14:24:05.896544" elapsed="0.616695"/>
</kw>
<kw name="Click Link" owner="SeleniumLibrary">
<msg time="2024-05-28T14:24:06.513738" level="INFO">Clicking link 'css:a[id="addp"]'.</msg>
<arg>${add_patient_button}</arg>
<doc>Clicks a link identified by ``locator``.</doc>
<status status="PASS" start="2024-05-28T14:24:06.513738" elapsed="0.104882"/>
</kw>
<kw name="Click Link" owner="SeleniumLibrary">
<msg time="2024-05-28T14:24:06.619617" level="INFO">Clicking link 'css:a[id="addpip"]'.</msg>
<arg>${new_patient_button}</arg>
<doc>Clicks a link identified by ``locator``.</doc>
<status status="PASS" start="2024-05-28T14:24:06.618620" elapsed="0.241206"/>
</kw>
<kw name="Input Text" owner="SeleniumLibrary">
<msg time="2024-05-28T14:24:06.861386" level="INFO">Typing text '' into text field 'css:input[id="name"]'.</msg>
<arg>${name_field}</arg>
<arg>${patient_name}</arg>
<doc>Types the given ``text`` into the text field identified by ``locator``.</doc>
<status status="PASS" start="2024-05-28T14:24:06.860891" elapsed="0.410144"/>
</kw>
<kw name="Input Text" owner="SeleniumLibrary">
<msg time="2024-05-28T14:24:07.271035" level="INFO">Typing text 'krish' into text field 'css:div[class="col-lg-6 col-md-6 col-sm-6"] input[name="guardian_name"]'.</msg>
<arg>${guardian_name_field}</arg>
<arg>${guardian_name}</arg>
<doc>Types the given ``text`` into the text field identified by ``locator``.</doc>
<status status="PASS" start="2024-05-28T14:24:07.271035" elapsed="0.184918"/>
</kw>
<kw name="Input Text" owner="SeleniumLibrary">
<msg time="2024-05-28T14:24:07.456946" level="INFO">Typing text '05/29/2002' into text field 'xpath://div[@class="col-sm-4"]//input[@name="dob"]'.</msg>
<arg>${dob_field}</arg>
<arg>${dob}</arg>
<doc>Types the given ``text`` into the text field identified by ``locator``.</doc>
<status status="PASS" start="2024-05-28T14:24:07.456946" elapsed="0.280271"/>
</kw>
<kw name="Input Text" owner="SeleniumLibrary">
<msg time="2024-05-28T14:24:07.738256" level="INFO">Typing text '9977554433' into text field 'css:input[id="number"]'.</msg>
<arg>${phone_number_field}</arg>
<arg>${phone_number}</arg>
<doc>Types the given ``text`` into the text field identified by ``locator``.</doc>
<status status="PASS" start="2024-05-28T14:24:07.737217" elapsed="0.220194"/>
</kw>
<kw name="Input Text" owner="SeleniumLibrary">
<msg time="2024-05-28T14:24:07.958462" level="INFO">Typing text 'praburam@gmail.com' into text field 'css:input[id="addformemail"]'.</msg>
<arg>${email_field}</arg>
<arg>${email}</arg>
<doc>Types the given ``text`` into the text field identified by ``locator``.</doc>
<status status="PASS" start="2024-05-28T14:24:07.958462" elapsed="0.205352"/>
</kw>
<kw name="Input Text" owner="SeleniumLibrary">
<msg time="2024-05-28T14:24:08.163814" level="INFO">Typing text 'kaveri avenu,amman nager,coimbatore-98' into text field 'css:input[name="address"]'.</msg>
<arg>${address_field}</arg>
<arg>${address}</arg>
<doc>Types the given ``text`` into the text field identified by ``locator``.</doc>
<status status="PASS" start="2024-05-28T14:24:08.163814" elapsed="0.197281"/>
</kw>
<kw name="Input Text" owner="SeleniumLibrary">
<msg time="2024-05-28T14:24:08.362087" level="INFO">Typing text 'voimiting' into text field 'css:div[class="col-lg-12 col-md-12 col-sm-12"] textarea[name="known_allergies"]'.</msg>
<arg>${known_allergies_field}</arg>
<arg>${known_allergies}</arg>
<doc>Types the given ``text`` into the text field identified by ``locator``.</doc>
<status status="PASS" start="2024-05-28T14:24:08.362087" elapsed="0.153750"/>
</kw>
<kw name="Input Text" owner="SeleniumLibrary">
<msg time="2024-05-28T14:24:08.516880" level="INFO">Typing text '1876548' into text field 'css:input[name="insurance_id"]'.</msg>
<arg>${TPA_ID_field}</arg>
<arg>${TPA_ID}</arg>
<doc>Types the given ``text`` into the text field identified by ``locator``.</doc>
<status status="PASS" start="2024-05-28T14:24:08.516880" elapsed="0.166866"/>
</kw>
<kw name="Input Text" owner="SeleniumLibrary">
<msg time="2024-05-28T14:24:08.685766" level="INFO">Typing text '2026-09-01 00:00:00' into text field 'css:input[name="validity"]'.</msg>
<arg>${TPA_validity_field}</arg>
<arg>${TPA_Validity}</arg>
<doc>Types the given ``text`` into the text field identified by ``locator``.</doc>
<status status="PASS" start="2024-05-28T14:24:08.684771" elapsed="0.252571"/>
</kw>
<kw name="Input Text" owner="SeleniumLibrary">
<msg time="2024-05-28T14:24:08.938333" level="INFO">Typing text '345678' into text field 'css:input[name="identification_number"]'.</msg>
<arg>${national_identity_number_field}</arg>
<arg>${ni_number}</arg>
<doc>Types the given ``text`` into the text field identified by ``locator``.</doc>
<status status="PASS" start="2024-05-28T14:24:08.937342" elapsed="0.145290"/>
</kw>
<kw name="Input Text" owner="SeleniumLibrary">
<msg time="2024-05-28T14:24:09.084625" level="INFO">Typing text '9876543456' into text field 'css:input[id="custom_fields[patient][3]"]'.</msg>
<arg>${alternate_number_field}</arg>
<arg>${alternate_number}</arg>
<doc>Types the given ``text`` into the text field identified by ``locator``.</doc>
<status status="PASS" start="2024-05-28T14:24:09.083631" elapsed="0.171237"/>
</kw>
<kw name="Click Button" owner="SeleniumLibrary">
<msg time="2024-05-28T14:24:09.255863" level="INFO">Clicking button 'css:button[id="formaddpabtn"]'.</msg>
<arg>${save_button}</arg>
<doc>Clicks the button identified by ``locator``.</doc>
<status status="PASS" start="2024-05-28T14:24:09.255863" elapsed="0.190572"/>
</kw>
<arg>${patient_name}</arg>
<arg>${guardian_name}</arg>
<arg>${dob}</arg>
<arg>${bloodgroup}</arg>
<arg>${marital_status}</arg>
<arg>${phone_number}</arg>
<arg>${email}</arg>
<arg>${address}</arg>
<arg>${known_allergies}</arg>
<arg>${TPA_ID}</arg>
<arg>${TPA_Validity}</arg>
<arg>${ni_number}</arg>
<arg>${alternate_number}</arg>
<status status="PASS" start="2024-05-28T14:24:05.894552" elapsed="3.551883"/>
</kw>
<kw name="Verify the unsuccessfull addition of new patient" owner="DoctorResources">
<kw name="Element Text Should Be" owner="SeleniumLibrary">
<msg time="2024-05-28T14:24:09.448716" level="INFO">Verifying element 'css:div[class='toast-message'] p' contains exact text 'The Name field is required.'.</msg>
<arg>${addnewpatient_invalidalert}</arg>
<arg>The Name field is required.</arg>
<doc>Verifies that element ``locator`` contains exact the text ``expected``.</doc>
<status status="PASS" start="2024-05-28T14:24:09.448481" elapsed="0.623023"/>
</kw>
<status status="PASS" start="2024-05-28T14:24:09.447433" elapsed="0.624071"/>
</kw>
<arg>patient_name=</arg>
<arg>guardian_name=krish</arg>
<arg>dob=05/29/2002</arg>
<arg>bloodgroup=O+</arg>
<arg>marital_status=Single</arg>
<arg>phone_number=9977554433</arg>
<arg>email=praburam@gmail.com</arg>
<arg>address=kaveri avenu,amman nager,coimbatore-98</arg>
<arg>known_allergies=voimiting</arg>
<arg>TPA_ID=1876548</arg>
<arg>TPA_Validity=2026-09-01 00:00:00</arg>
<arg>ni_number=345678</arg>
<arg>alternate_number=9876543456</arg>
<status status="PASS" start="2024-05-28T14:23:57.885248" elapsed="12.186753"/>
</kw>
<kw name="Close the browser" owner="GenericResources" type="TEARDOWN">
<kw name="Close Browser" owner="SeleniumLibrary">
<doc>Closes the current browser.</doc>
<status status="PASS" start="2024-05-28T14:24:10.073011" elapsed="2.354370"/>
</kw>
<status status="PASS" start="2024-05-28T14:24:10.073011" elapsed="2.354370"/>
</kw>
<status status="PASS" start="2024-05-28T14:23:50.708727" elapsed="21.719649"/>
</test>
<doc>Test case to add new patient in the patient list</doc>
<status status="PASS" start="2024-05-28T14:23:48.853773" elapsed="23.578286"/>
</suite>
<suite id="s1-s2" name="Test Invalid Billsearch" source="C:\Users\KARTHIPRIYA R\OneDrive\Desktop\SmartHospital\TestCases\Test_Invalid_Billsearch.robot">
<test id="s1-s2-t1" name="Unsuccessfull search for a bill using bill number" line="11">
<kw name="Open the browser with url" owner="GenericResources" type="SETUP">
<kw name="Create Webdriver" owner="SeleniumLibrary">
<msg time="2024-05-28T14:24:12.456997" level="INFO">Creating an instance of the Chrome WebDriver.</msg>
<arg>Chrome</arg>
<doc>Creates an instance of Selenium WebDriver.</doc>
<status status="PASS" start="2024-05-28T14:24:12.456997" elapsed="1.747246"/>
</kw>
<kw name="Go To" owner="SeleniumLibrary">
<msg time="2024-05-28T14:24:14.205242" level="INFO">Opening url 'https://demo.smart-hospital.in/'</msg>
<arg>${url}</arg>
<doc>Navigates the current browser window to the provided ``url``.</doc>
<status status="PASS" start="2024-05-28T14:24:14.204243" elapsed="2.920346"/>
</kw>
<kw name="Maximize Browser Window" owner="SeleniumLibrary">
<doc>Maximizes current browser window.</doc>
<status status="PASS" start="2024-05-28T14:24:17.125585" elapsed="0.056769"/>
</kw>
<kw name="Set Selenium Implicit Wait" owner="SeleniumLibrary">
<arg>5</arg>
<doc>Sets the implicit wait value used by Selenium.</doc>
<status status="PASS" start="2024-05-28T14:24:17.182354" elapsed="0.001988"/>
</kw>
<status status="PASS" start="2024-05-28T14:24:12.456997" elapsed="4.727345"/>
</kw>
<kw name="Click the login in button" owner="GenericResources">
<kw name="Click Element" owner="SeleniumLibrary">
<msg time="2024-05-28T14:24:17.186337" level="INFO">Clicking element '//i[@class="fa fa-user"]//parent::a'.</msg>
<arg>${login_button}</arg>
<doc>Click the element identified by ``locator``.</doc>
<status status="PASS" start="2024-05-28T14:24:17.186337" elapsed="2.078872"/>
</kw>
<status status="PASS" start="2024-05-28T14:24:17.185343" elapsed="2.080378"/>
</kw>
<kw name="Fill the login form by default credentials for user role" owner="LoginResources">
<kw name="Click Button" owner="SeleniumLibrary">
<msg time="2024-05-28T14:24:19.268384" level="INFO">Clicking button 'css:button[class='btn']'.</msg>
<arg>${signin_button}</arg>
<doc>Clicks the button identified by ``locator``.</doc>
<status status="PASS" start="2024-05-28T14:24:19.267332" elapsed="5.118547"/>
</kw>
<status status="PASS" start="2024-05-28T14:24:19.266279" elapsed="5.119600"/>
</kw>
<kw name="Verify the successfull login with valid credentials for user" owner="LoginResources">
<kw name="Click Link" owner="SeleniumLibrary">
<msg time="2024-05-28T14:24:24.387909" level="INFO">Clicking link 'css:a[class="dropdown-toggle"]'.</msg>
<arg>${pofile_icon}</arg>
<doc>Clicks a link identified by ``locator``.</doc>
<status status="PASS" start="2024-05-28T14:24:24.387909" elapsed="0.089094"/>
</kw>
<kw name="Wait Until Element Is Enabled" owner="SeleniumLibrary">
<arg>${profile_name}</arg>
<doc>Waits until the element ``locator`` is enabled.</doc>
<status status="PASS" start="2024-05-28T14:24:24.477003" elapsed="0.102136"/>
</kw>
<kw name="Element Text Should Be" owner="SeleniumLibrary">
<msg time="2024-05-28T14:24:24.580172" level="INFO">Verifying element 'css:div[class="sstopuser-test"] h5' contains exact text 'Patient'.</msg>
<arg>${profile_name}</arg>
<arg>Patient</arg>
<doc>Verifies that element ``locator`` contains exact the text ``expected``.</doc>
<status status="PASS" start="2024-05-28T14:24:24.579139" elapsed="0.030107"/>
</kw>
<status status="PASS" start="2024-05-28T14:24:24.386897" elapsed="0.223780"/>
</kw>
<kw name="Unsuccessfull search by bill number" owner="UserResources">
<kw name="Click Link" owner="SeleniumLibrary">
<msg time="2024-05-28T14:24:24.612723" level="INFO">Clicking link 'xpath://i[@class="fas fa-mortar-pestle"]//parent::a'.</msg>
<arg>${pharmacy_option}</arg>
<doc>Clicks a link identified by ``locator``.</doc>
<status status="PASS" start="2024-05-28T14:24:24.612723" elapsed="0.755236"/>
</kw>
<kw name="Wait Until Element Is Enabled" owner="SeleniumLibrary">
<arg>${pharmacy_bill_search_field}</arg>
<doc>Waits until the element ``locator`` is enabled.</doc>
<status status="PASS" start="2024-05-28T14:24:25.367959" elapsed="0.055153"/>
</kw>
<kw name="Input Text" owner="SeleniumLibrary">
<msg time="2024-05-28T14:24:25.424114" level="INFO">Typing text 'lkjhgfcvb' into text field 'css:input[type="search"]'.</msg>
<arg>${pharmacy_bill_search_field}</arg>
<arg>lkjhgfcvb</arg>
<doc>Types the given ``text`` into the text field identified by ``locator``.</doc>
<status status="PASS" start="2024-05-28T14:24:25.423112" elapsed="0.194584"/>
</kw>
<status status="PASS" start="2024-05-28T14:24:24.611675" elapsed="1.006021"/>
</kw>
<kw name="Verify the unsuccessfull search by bill number" owner="UserResources">
<kw name="Wait Until Element Is Visible" owner="SeleniumLibrary">
<arg>${pharmacy_bill_record_assert}</arg>
<doc>Waits until the element ``locator`` is visible.</doc>
<status status="PASS" start="2024-05-28T14:24:25.619698" elapsed="0.030873"/>
</kw>
<kw name="Element Text Should Be" owner="SeleniumLibrary">
<msg time="2024-05-28T14:24:25.653577" level="INFO">Verifying element 'css:div[id="DataTables_Table_0_info"]' contains exact text 'Records: 0 to 0 of 0 (filtered from 10 total records)'.</msg>
<arg>${pharmacy_bill_record_assert}</arg>
<arg>Records: 0 to 0 of 0 (filtered from 10 total records)</arg>
<doc>Verifies that element ``locator`` contains exact the text ``expected``.</doc>
<status status="PASS" start="2024-05-28T14:24:25.652553" elapsed="0.030116"/>
</kw>
<status status="PASS" start="2024-05-28T14:24:25.618706" elapsed="0.063963"/>
</kw>
<kw name="Close the browser" owner="GenericResources" type="TEARDOWN">
<kw name="Close Browser" owner="SeleniumLibrary">
<doc>Closes the current browser.</doc>
<status status="PASS" start="2024-05-28T14:24:25.684192" elapsed="2.190381"/>
</kw>
<status status="PASS" start="2024-05-28T14:24:25.683693" elapsed="2.190880"/>
</kw>
<status status="PASS" start="2024-05-28T14:24:12.456262" elapsed="15.419492"/>
</test>
<doc>Test case for the Invalid search for a bill using bill number</doc>
<status status="PASS" start="2024-05-28T14:24:12.435541" elapsed="15.443717"/>
</suite>
<suite id="s1-s3" name="Test Invalid Doctorlogin" source="C:\Users\KARTHIPRIYA R\OneDrive\Desktop\SmartHospital\TestCases\Test_Invalid_Doctorlogin.robot">
<test id="s1-s3-t1" name="Unsucessfull doctor login using invalid login credentials" line="12">
<kw name="Open the browser with url" owner="GenericResources" type="SETUP">
<kw name="Create Webdriver" owner="SeleniumLibrary">
<msg time="2024-05-28T14:24:27.900877" level="INFO">Creating an instance of the Chrome WebDriver.</msg>
<arg>Chrome</arg>
<doc>Creates an instance of Selenium WebDriver.</doc>
<status status="PASS" start="2024-05-28T14:24:27.900877" elapsed="1.605682"/>
</kw>
<kw name="Go To" owner="SeleniumLibrary">
<msg time="2024-05-28T14:24:29.507554" level="INFO">Opening url 'https://demo.smart-hospital.in/'</msg>
<arg>${url}</arg>
<doc>Navigates the current browser window to the provided ``url``.</doc>
<status status="PASS" start="2024-05-28T14:24:29.506559" elapsed="2.955720"/>
</kw>
<kw name="Maximize Browser Window" owner="SeleniumLibrary">
<doc>Maximizes current browser window.</doc>
<status status="PASS" start="2024-05-28T14:24:32.463281" elapsed="0.050746"/>
</kw>
<kw name="Set Selenium Implicit Wait" owner="SeleniumLibrary">
<arg>5</arg>
<doc>Sets the implicit wait value used by Selenium.</doc>
<status status="PASS" start="2024-05-28T14:24:32.514027" elapsed="0.002988"/>
</kw>
<status status="PASS" start="2024-05-28T14:24:27.900877" elapsed="4.616138"/>
</kw>
<kw name="Click the login in button" owner="GenericResources">
<kw name="Click Element" owner="SeleniumLibrary">
<msg time="2024-05-28T14:24:32.519008" level="INFO">Clicking element '//i[@class="fa fa-user"]//parent::a'.</msg>
<arg>${login_button}</arg>
<doc>Click the element identified by ``locator``.</doc>
<status status="PASS" start="2024-05-28T14:24:32.519008" elapsed="2.626045"/>
</kw>
<status status="PASS" start="2024-05-28T14:24:32.518015" elapsed="2.627376"/>
</kw>
<kw name="Fill the login form with login credentials for doctor" owner="LoginResources">
<kw name="Click Link" owner="SeleniumLibrary">
<msg time="2024-05-28T14:24:35.147505" level="INFO">Clicking link 'xpath://i[@class="fa fa-user"]//parent::a'.</msg>
<arg>${admin_login_button}</arg>
<doc>Clicks a link identified by ``locator``.</doc>
<status status="PASS" start="2024-05-28T14:24:35.146097" elapsed="0.137324"/>
</kw>
<kw name="Switch Window" owner="SeleniumLibrary">
<arg>new</arg>
<doc>Switches to browser window matching ``locator``.</doc>
<status status="PASS" start="2024-05-28T14:24:35.283421" elapsed="0.029473"/>
</kw>
<kw name="Input Text" owner="SeleniumLibrary">
<msg time="2024-05-28T14:24:35.313896" level="INFO">Typing text 'sonia@gmail.com' into text field 'css:input[name='username']'.</msg>
<arg>${username_field}</arg>
<arg>${username}</arg>
<doc>Types the given ``text`` into the text field identified by ``locator``.</doc>
<status status="PASS" start="2024-05-28T14:24:35.312894" elapsed="1.227324"/>
</kw>
<kw name="Input Password" owner="SeleniumLibrary">
<msg time="2024-05-28T14:24:36.540218" level="INFO">Typing password into text field 'css:input[name='password']'.</msg>
<msg time="2024-05-28T14:24:36.616444" level="INFO">Temporally setting log level to: NONE</msg>
<arg>${password_field}</arg>
<arg>${password}</arg>
<doc>Types the given password into the text field identified by ``locator``.</doc>
<status status="PASS" start="2024-05-28T14:24:36.540218" elapsed="0.179912"/>
</kw>
<kw name="Click Button" owner="SeleniumLibrary">
<msg time="2024-05-28T14:24:36.721173" level="INFO">Clicking button 'css:button[class='btn']'.</msg>
<arg>${signin_button}</arg>
<doc>Clicks the button identified by ``locator``.</doc>
<status status="PASS" start="2024-05-28T14:24:36.721173" elapsed="0.661871"/>
</kw>
<arg>${doctor_valid_username}</arg>
<arg>${doctor_invalid_password}</arg>
<status status="PASS" start="2024-05-28T14:24:35.146097" elapsed="2.237945"/>
</kw>
<kw name="Verify the unsucessfull login with invalid credentials" owner="LoginResources">
<kw name="Element Text Should Be" owner="SeleniumLibrary">
<msg time="2024-05-28T14:24:37.386044" level="INFO">Verifying element 'css:div[class="alert alert-danger"]' contains exact text 'Invalid Username or Password'.</msg>
<arg>${invalid_credentials_message}</arg>
<arg>Invalid Username or Password</arg>
<doc>Verifies that element ``locator`` contains exact the text ``expected``.</doc>
<status status="PASS" start="2024-05-28T14:24:37.386044" elapsed="0.063801"/>
</kw>
<status status="PASS" start="2024-05-28T14:24:37.385037" elapsed="0.064808"/>
</kw>
<kw name="Close the browser" owner="GenericResources" type="TEARDOWN">
<kw name="Close Browser" owner="SeleniumLibrary">
<doc>Closes the current browser.</doc>
<status status="PASS" start="2024-05-28T14:24:37.451839" elapsed="2.255663"/>
</kw>
<status status="PASS" start="2024-05-28T14:24:37.451839" elapsed="2.256671"/>
</kw>
<status status="PASS" start="2024-05-28T14:24:27.900133" elapsed="11.809369"/>
</test>
<test id="s1-s3-t2" name="Unsucessfull doctor login by clicking invalid user role" line="17">
<kw name="Open the browser with url" owner="GenericResources" type="SETUP">
<kw name="Create Webdriver" owner="SeleniumLibrary">
<msg time="2024-05-28T14:24:39.713095" level="INFO">Creating an instance of the Chrome WebDriver.</msg>
<arg>Chrome</arg>
<doc>Creates an instance of Selenium WebDriver.</doc>
<status status="PASS" start="2024-05-28T14:24:39.713095" elapsed="1.583066"/>
</kw>
<kw name="Go To" owner="SeleniumLibrary">
<msg time="2024-05-28T14:24:41.297282" level="INFO">Opening url 'https://demo.smart-hospital.in/'</msg>
<arg>${url}</arg>
<doc>Navigates the current browser window to the provided ``url``.</doc>
<status status="PASS" start="2024-05-28T14:24:41.297200" elapsed="2.749349"/>
</kw>
<kw name="Maximize Browser Window" owner="SeleniumLibrary">
<doc>Maximizes current browser window.</doc>
<status status="PASS" start="2024-05-28T14:24:44.047569" elapsed="0.050837"/>
</kw>
<kw name="Set Selenium Implicit Wait" owner="SeleniumLibrary">
<arg>5</arg>
<doc>Sets the implicit wait value used by Selenium.</doc>
<status status="PASS" start="2024-05-28T14:24:44.098406" elapsed="0.002090"/>
</kw>
<status status="PASS" start="2024-05-28T14:24:39.713095" elapsed="4.388406"/>
</kw>
<kw name="Click the login in button" owner="GenericResources">
<kw name="Click Element" owner="SeleniumLibrary">
<msg time="2024-05-28T14:24:44.103558" level="INFO">Clicking element '//i[@class="fa fa-user"]//parent::a'.</msg>
<arg>${login_button}</arg>
<doc>Click the element identified by ``locator``.</doc>
<status status="PASS" start="2024-05-28T14:24:44.102495" elapsed="1.960716"/>
</kw>
<status status="PASS" start="2024-05-28T14:24:44.102495" elapsed="1.960716"/>
</kw>
<kw name="Fill the unsuccessfull login form by clicking the doctor role" owner="LoginResources">
<kw name="Click Link" owner="SeleniumLibrary">
<msg time="2024-05-28T14:24:46.066110" level="INFO">Clicking link 'xpath://i[@class="fa fa-user"]//parent::a'.</msg>
<arg>${admin_login_button}</arg>
<doc>Clicks a link identified by ``locator``.</doc>
<status status="PASS" start="2024-05-28T14:24:46.066110" elapsed="0.197286"/>
</kw>
<kw name="Switch Window" owner="SeleniumLibrary">
<arg>new</arg>
<doc>Switches to browser window matching ``locator``.</doc>
<status status="PASS" start="2024-05-28T14:24:46.263895" elapsed="0.019740"/>
</kw>
<kw name="Click Link" owner="SeleniumLibrary">
<msg time="2024-05-28T14:24:46.284624" level="INFO">Clicking link 'xpath://a[text()='Pharmacist']'.</msg>
<arg>${invalid_doctor_button}</arg>
<doc>Clicks a link identified by ``locator``.</doc>
<status status="PASS" start="2024-05-28T14:24:46.284624" elapsed="1.138084"/>
</kw>
<kw name="Click Button" owner="SeleniumLibrary">
<msg time="2024-05-28T14:24:47.423708" level="INFO">Clicking button 'css:button[class='btn']'.</msg>
<arg>${signin_button}</arg>
<doc>Clicks the button identified by ``locator``.</doc>
<status status="PASS" start="2024-05-28T14:24:47.423708" elapsed="7.350731"/>
</kw>
<status status="PASS" start="2024-05-28T14:24:46.065029" elapsed="8.709410"/>
</kw>
<kw name="Verify the unsuccessfull login with valid credentials for doctor" owner="LoginResources">
<kw name="Click Link" owner="SeleniumLibrary">
<msg time="2024-05-28T14:24:54.778113" level="INFO">Clicking link 'css:a[class="dropdown-toggle"]'.</msg>
<arg>${pofile_icon}</arg>
<doc>Clicks a link identified by ``locator``.</doc>
<status status="PASS" start="2024-05-28T14:24:54.777098" elapsed="0.128783"/>
</kw>
<kw name="Element Text Should Not Be" owner="SeleniumLibrary">
<msg time="2024-05-28T14:24:54.906921" level="INFO">Verifying element 'css:div[class="sstopuser-test"] h5' does not contain exact text 'Doctor'.</msg>
<arg>${profile_name}</arg>
<arg>Doctor</arg>
<doc>Verifies that element ``locator`` does not contain exact the text ``not_expected``.</doc>
<status status="PASS" start="2024-05-28T14:24:54.906921" elapsed="0.044239"/>
</kw>
<status status="PASS" start="2024-05-28T14:24:54.776595" elapsed="0.174565"/>
</kw>
<kw name="Close the browser" owner="GenericResources" type="TEARDOWN">
<kw name="Close Browser" owner="SeleniumLibrary">
<doc>Closes the current browser.</doc>
<status status="PASS" start="2024-05-28T14:24:54.952159" elapsed="2.189699"/>
</kw>
<status status="PASS" start="2024-05-28T14:24:54.952159" elapsed="2.190683"/>
</kw>
<status status="PASS" start="2024-05-28T14:24:39.711497" elapsed="17.431917"/>
</test>
<test id="s1-s3-t3" name="Unsucessfull doctor login with blank username and password" line="22">
<kw name="Open the browser with url" owner="GenericResources" type="SETUP">
<kw name="Create Webdriver" owner="SeleniumLibrary">
<msg time="2024-05-28T14:24:57.148725" level="INFO">Creating an instance of the Chrome WebDriver.</msg>
<arg>Chrome</arg>
<doc>Creates an instance of Selenium WebDriver.</doc>
<status status="PASS" start="2024-05-28T14:24:57.148725" elapsed="1.632823"/>
</kw>
<kw name="Go To" owner="SeleniumLibrary">
<msg time="2024-05-28T14:24:58.782547" level="INFO">Opening url 'https://demo.smart-hospital.in/'</msg>
<arg>${url}</arg>
<doc>Navigates the current browser window to the provided ``url``.</doc>
<status status="PASS" start="2024-05-28T14:24:58.781548" elapsed="3.787083"/>
</kw>
<kw name="Maximize Browser Window" owner="SeleniumLibrary">
<doc>Maximizes current browser window.</doc>
<status status="PASS" start="2024-05-28T14:25:02.569618" elapsed="0.050206"/>
</kw>
<kw name="Set Selenium Implicit Wait" owner="SeleniumLibrary">
<arg>5</arg>
<doc>Sets the implicit wait value used by Selenium.</doc>
<status status="PASS" start="2024-05-28T14:25:02.619824" elapsed="0.002002"/>
</kw>
<status status="PASS" start="2024-05-28T14:24:57.147724" elapsed="5.475093"/>
</kw>
<kw name="Click the login in button" owner="GenericResources">
<kw name="Click Element" owner="SeleniumLibrary">
<msg time="2024-05-28T14:25:02.625854" level="INFO">Clicking element '//i[@class="fa fa-user"]//parent::a'.</msg>
<arg>${login_button}</arg>
<doc>Click the element identified by ``locator``.</doc>
<status status="PASS" start="2024-05-28T14:25:02.625357" elapsed="2.306771"/>
</kw>
<status status="PASS" start="2024-05-28T14:25:02.624373" elapsed="2.307755"/>
</kw>
<kw name="Click the admin login button" owner="LoginResources">
<kw name="Click Link" owner="SeleniumLibrary">
<msg time="2024-05-28T14:25:04.935542" level="INFO">Clicking link 'xpath://i[@class="fa fa-user"]//parent::a'.</msg>
<arg>${admin_login_button}</arg>
<doc>Clicks a link identified by ``locator``.</doc>
<status status="PASS" start="2024-05-28T14:25:04.934542" elapsed="0.144005"/>
</kw>
<kw name="Switch Window" owner="SeleniumLibrary">
<arg>new</arg>
<doc>Switches to browser window matching ``locator``.</doc>
<status status="PASS" start="2024-05-28T14:25:05.078547" elapsed="0.016244"/>
</kw>
<status status="PASS" start="2024-05-28T14:25:04.933542" elapsed="0.161249"/>
</kw>
<kw name="Click the signin button" owner="LoginResources">
<kw name="Click Button" owner="SeleniumLibrary">
<msg time="2024-05-28T14:25:05.096782" level="INFO">Clicking button 'css:button[class='btn']'.</msg>
<arg>${signin_button}</arg>
<doc>Clicks the button identified by ``locator``.</doc>
<status status="PASS" start="2024-05-28T14:25:05.096782" elapsed="1.178205"/>
</kw>
<status status="PASS" start="2024-05-28T14:25:05.095784" elapsed="1.180478"/>
</kw>
<kw name="Verify the unsuccessfull login with blank credentials" owner="LoginResources">
<kw name="Element Text Should Be" owner="SeleniumLibrary">
<msg time="2024-05-28T14:25:06.278992" level="INFO">Verifying element 'css:input[name='username']+span&gt;p' contains exact text 'The Username field is required.'.</msg>
<arg>${required_username_message}</arg>
<arg>The Username field is required.</arg>
<doc>Verifies that element ``locator`` contains exact the text ``expected``.</doc>
<status status="PASS" start="2024-05-28T14:25:06.278992" elapsed="0.046242"/>
</kw>
<kw name="Element Text Should Be" owner="SeleniumLibrary">
<msg time="2024-05-28T14:25:06.327226" level="INFO">Verifying element 'css:input[name='password']+span&gt;p' contains exact text 'The Password field is required.'.</msg>
<arg>${required_password_message}</arg>
<arg>The Password field is required.</arg>
<doc>Verifies that element ``locator`` contains exact the text ``expected``.</doc>
<status status="PASS" start="2024-05-28T14:25:06.326231" elapsed="0.039946"/>
</kw>
<status status="PASS" start="2024-05-28T14:25:06.277985" elapsed="0.089181"/>
</kw>
<kw name="Close the browser" owner="GenericResources" type="TEARDOWN">
<kw name="Close Browser" owner="SeleniumLibrary">
<doc>Closes the current browser.</doc>
<status status="PASS" start="2024-05-28T14:25:06.368164" elapsed="2.167791"/>
</kw>
<status status="PASS" start="2024-05-28T14:25:06.368164" elapsed="2.167791"/>
</kw>
<status status="PASS" start="2024-05-28T14:24:57.146947" elapsed="11.390049"/>
</test>
<test id="s1-s3-t4" name="Unsucessfull doctor login with blank username" line="28">
<kw name="Open the browser with url" owner="GenericResources" type="SETUP">
<kw name="Create Webdriver" owner="SeleniumLibrary">
<msg time="2024-05-28T14:25:08.543765" level="INFO">Creating an instance of the Chrome WebDriver.</msg>
<arg>Chrome</arg>
<doc>Creates an instance of Selenium WebDriver.</doc>
<status status="PASS" start="2024-05-28T14:25:08.542768" elapsed="1.589560"/>
</kw>
<kw name="Go To" owner="SeleniumLibrary">
<msg time="2024-05-28T14:25:10.133329" level="INFO">Opening url 'https://demo.smart-hospital.in/'</msg>
<arg>${url}</arg>
<doc>Navigates the current browser window to the provided ``url``.</doc>
<status status="PASS" start="2024-05-28T14:25:10.132328" elapsed="3.093239"/>
</kw>
<kw name="Maximize Browser Window" owner="SeleniumLibrary">
<doc>Maximizes current browser window.</doc>
<status status="PASS" start="2024-05-28T14:25:13.225567" elapsed="0.051994"/>
</kw>
<kw name="Set Selenium Implicit Wait" owner="SeleniumLibrary">
<arg>5</arg>
<doc>Sets the implicit wait value used by Selenium.</doc>
<status status="PASS" start="2024-05-28T14:25:13.278058" elapsed="0.003005"/>
</kw>
<status status="PASS" start="2024-05-28T14:25:08.542768" elapsed="4.738295"/>
</kw>
<kw name="Click the login in button" owner="GenericResources">
<kw name="Click Element" owner="SeleniumLibrary">
<msg time="2024-05-28T14:25:13.283068" level="INFO">Clicking element '//i[@class="fa fa-user"]//parent::a'.</msg>
<arg>${login_button}</arg>
<doc>Click the element identified by ``locator``.</doc>
<status status="PASS" start="2024-05-28T14:25:13.283068" elapsed="2.601991"/>
</kw>
<status status="PASS" start="2024-05-28T14:25:13.283068" elapsed="2.601991"/>
</kw>
<kw name="Fill the login form with login credentials for doctor" owner="LoginResources">
<kw name="Click Link" owner="SeleniumLibrary">
<msg time="2024-05-28T14:25:15.888039" level="INFO">Clicking link 'xpath://i[@class="fa fa-user"]//parent::a'.</msg>
<arg>${admin_login_button}</arg>
<doc>Clicks a link identified by ``locator``.</doc>
<status status="PASS" start="2024-05-28T14:25:15.887023" elapsed="0.179106"/>
</kw>
<kw name="Switch Window" owner="SeleniumLibrary">
<arg>new</arg>
<doc>Switches to browser window matching ``locator``.</doc>
<status status="PASS" start="2024-05-28T14:25:16.066129" elapsed="0.023005"/>
</kw>
<kw name="Input Text" owner="SeleniumLibrary">
<msg time="2024-05-28T14:25:16.090239" level="INFO">Typing text '' into text field 'css:input[name='username']'.</msg>
<arg>${username_field}</arg>
<arg>${username}</arg>
<doc>Types the given ``text`` into the text field identified by ``locator``.</doc>
<status status="PASS" start="2024-05-28T14:25:16.089134" elapsed="1.182725"/>
</kw>
<kw name="Input Password" owner="SeleniumLibrary">
<msg time="2024-05-28T14:25:17.273843" level="INFO">Typing password into text field 'css:input[name='password']'.</msg>
<msg time="2024-05-28T14:25:17.337177" level="INFO">Temporally setting log level to: NONE</msg>
<arg>${password_field}</arg>
<arg>${password}</arg>
<doc>Types the given password into the text field identified by ``locator``.</doc>
<status status="PASS" start="2024-05-28T14:25:17.272908" elapsed="0.164722"/>
</kw>
<kw name="Click Button" owner="SeleniumLibrary">
<msg time="2024-05-28T14:25:17.437630" level="INFO">Clicking button 'css:button[class='btn']'.</msg>
<arg>${signin_button}</arg>
<doc>Clicks the button identified by ``locator``.</doc>
<status status="PASS" start="2024-05-28T14:25:17.437630" elapsed="0.708667"/>
</kw>
<arg>username=</arg>
<arg>password="sdfghj"</arg>
<status status="PASS" start="2024-05-28T14:25:15.886484" elapsed="2.259813"/>
</kw>
<kw name="Verify the unsucessfull login with the blank username" owner="LoginResources">
<kw name="Element Text Should Be" owner="SeleniumLibrary">
<msg time="2024-05-28T14:25:18.148335" level="INFO">Verifying element 'css:input[name='username']+span&gt;p' contains exact text 'The Username field is required.'.</msg>
<arg>${required_username_message}</arg>
<arg>The Username field is required.</arg>
<doc>Verifies that element ``locator`` contains exact the text ``expected``.</doc>
<status status="PASS" start="2024-05-28T14:25:18.148335" elapsed="0.055113"/>
</kw>
<status status="PASS" start="2024-05-28T14:25:18.147290" elapsed="0.056158"/>
</kw>
<kw name="Close the browser" owner="GenericResources" type="TEARDOWN">
<kw name="Close Browser" owner="SeleniumLibrary">
<doc>Closes the current browser.</doc>
<status status="PASS" start="2024-05-28T14:25:18.206077" elapsed="2.200132"/>
</kw>
<status status="PASS" start="2024-05-28T14:25:18.205025" elapsed="2.202654"/>
</kw>
<status status="PASS" start="2024-05-28T14:25:08.540780" elapsed="11.866899"/>
</test>
<test id="s1-s3-t5" name="Unsucessfull doctor login with the blank password" line="33">
<kw name="Open the browser with url" owner="GenericResources" type="SETUP">
<kw name="Create Webdriver" owner="SeleniumLibrary">
<msg time="2024-05-28T14:25:20.413154" level="INFO">Creating an instance of the Chrome WebDriver.</msg>
<arg>Chrome</arg>
<doc>Creates an instance of Selenium WebDriver.</doc>
<status status="PASS" start="2024-05-28T14:25:20.413154" elapsed="1.576441"/>
</kw>
<kw name="Go To" owner="SeleniumLibrary">
<msg time="2024-05-28T14:25:21.991834" level="INFO">Opening url 'https://demo.smart-hospital.in/'</msg>
<arg>${url}</arg>
<doc>Navigates the current browser window to the provided ``url``.</doc>
<status status="PASS" start="2024-05-28T14:25:21.990368" elapsed="3.206823"/>
</kw>
<kw name="Maximize Browser Window" owner="SeleniumLibrary">
<doc>Maximizes current browser window.</doc>
<status status="PASS" start="2024-05-28T14:25:25.198319" elapsed="0.051650"/>
</kw>
<kw name="Set Selenium Implicit Wait" owner="SeleniumLibrary">
<arg>5</arg>
<doc>Sets the implicit wait value used by Selenium.</doc>
<status status="PASS" start="2024-05-28T14:25:25.250972" elapsed="0.001984"/>
</kw>
<status status="PASS" start="2024-05-28T14:25:20.412152" elapsed="4.840804"/>
</kw>
<kw name="Click the login in button" owner="GenericResources">
<kw name="Click Element" owner="SeleniumLibrary">
<msg time="2024-05-28T14:25:25.254999" level="INFO">Clicking element '//i[@class="fa fa-user"]//parent::a'.</msg>
<arg>${login_button}</arg>
<doc>Click the element identified by ``locator``.</doc>
<status status="PASS" start="2024-05-28T14:25:25.254999" elapsed="1.845232"/>
</kw>
<status status="PASS" start="2024-05-28T14:25:25.253965" elapsed="1.846266"/>
</kw>
<kw name="Fill the login form with login credentials for doctor" owner="LoginResources">
<kw name="Click Link" owner="SeleniumLibrary">
<msg time="2024-05-28T14:25:27.103305" level="INFO">Clicking link 'xpath://i[@class="fa fa-user"]//parent::a'.</msg>
<arg>${admin_login_button}</arg>
<doc>Clicks a link identified by ``locator``.</doc>
<status status="PASS" start="2024-05-28T14:25:27.102272" elapsed="0.131843"/>
</kw>
<kw name="Switch Window" owner="SeleniumLibrary">
<arg>new</arg>
<doc>Switches to browser window matching ``locator``.</doc>
<status status="PASS" start="2024-05-28T14:25:27.235187" elapsed="0.031681"/>
</kw>
<kw name="Input Text" owner="SeleniumLibrary">
<msg time="2024-05-28T14:25:27.267865" level="INFO">Typing text '"sonia@gmail.com"' into text field 'css:input[name='username']'.</msg>
<arg>${username_field}</arg>
<arg>${username}</arg>
<doc>Types the given ``text`` into the text field identified by ``locator``.</doc>
<status status="PASS" start="2024-05-28T14:25:27.266868" elapsed="1.190132"/>
</kw>
<kw name="Input Password" owner="SeleniumLibrary">
<msg time="2024-05-28T14:25:28.459202" level="INFO">Typing password into text field 'css:input[name='password']'.</msg>
<msg time="2024-05-28T14:25:28.530686" level="INFO">Temporally setting log level to: NONE</msg>
<arg>${password_field}</arg>
<arg>${password}</arg>
<doc>Types the given password into the text field identified by ``locator``.</doc>
<status status="PASS" start="2024-05-28T14:25:28.458020" elapsed="0.162945"/>
</kw>
<kw name="Click Button" owner="SeleniumLibrary">
<msg time="2024-05-28T14:25:28.620965" level="INFO">Clicking button 'css:button[class='btn']'.</msg>
<arg>${signin_button}</arg>
<doc>Clicks the button identified by ``locator``.</doc>
<status status="PASS" start="2024-05-28T14:25:28.620965" elapsed="0.591232"/>
</kw>
<arg>username="sonia@gmail.com"</arg>
<arg>password=</arg>
<status status="PASS" start="2024-05-28T14:25:27.102272" elapsed="2.110922"/>
</kw>
<kw name="Verify the unsucessfull login with the blank password" owner="LoginResources">
<kw name="Element Text Should Be" owner="SeleniumLibrary">
<msg time="2024-05-28T14:25:29.215195" level="INFO">Verifying element 'css:input[name='password']+span&gt;p' contains exact text 'The Password field is required.'.</msg>
<arg>${required_password_message}</arg>
<arg>The Password field is required.</arg>
<doc>Verifies that element ``locator`` contains exact the text ``expected``.</doc>
<status status="PASS" start="2024-05-28T14:25:29.215195" elapsed="0.068475"/>
</kw>
<status status="PASS" start="2024-05-28T14:25:29.214189" elapsed="0.069481"/>
</kw>
<kw name="Close the browser" owner="GenericResources" type="TEARDOWN">
<kw name="Close Browser" owner="SeleniumLibrary">
<doc>Closes the current browser.</doc>
<status status="PASS" start="2024-05-28T14:25:29.285993" elapsed="2.193316"/>
</kw>
<status status="PASS" start="2024-05-28T14:25:29.284944" elapsed="2.194640"/>
</kw>
<status status="PASS" start="2024-05-28T14:25:20.411475" elapsed="11.068921"/>
</test>
<doc>Test case for the invalid doctor login</doc>
<status status="PASS" start="2024-05-28T14:24:27.882767" elapsed="63.600791"/>
</suite>
<suite id="s1-s4" name="Test Invalid Update Bedstatus" source="C:\Users\KARTHIPRIYA R\OneDrive\Desktop\SmartHospital\TestCases\Test_Invalid_Update_Bedstatus.robot">
<test id="s1-s4-t1" name="Successfull update of bedstaus" line="12">
<kw name="Open the browser with url" owner="GenericResources" type="SETUP">
<kw name="Create Webdriver" owner="SeleniumLibrary">
<msg time="2024-05-28T14:25:31.502288" level="INFO">Creating an instance of the Chrome WebDriver.</msg>
<arg>Chrome</arg>
<doc>Creates an instance of Selenium WebDriver.</doc>
<status status="PASS" start="2024-05-28T14:25:31.502288" elapsed="1.609390"/>
</kw>
<kw name="Go To" owner="SeleniumLibrary">
<msg time="2024-05-28T14:25:33.112832" level="INFO">Opening url 'https://demo.smart-hospital.in/'</msg>
<arg>${url}</arg>
<doc>Navigates the current browser window to the provided ``url``.</doc>
<status status="PASS" start="2024-05-28T14:25:33.112832" elapsed="4.340239"/>
</kw>
<kw name="Maximize Browser Window" owner="SeleniumLibrary">
<doc>Maximizes current browser window.</doc>
<status status="PASS" start="2024-05-28T14:25:37.453071" elapsed="0.043210"/>
</kw>
<kw name="Set Selenium Implicit Wait" owner="SeleniumLibrary">
<arg>5</arg>
<doc>Sets the implicit wait value used by Selenium.</doc>
<status status="PASS" start="2024-05-28T14:25:37.497277" elapsed="0.002339"/>
</kw>
<status status="PASS" start="2024-05-28T14:25:31.502288" elapsed="5.997328"/>
</kw>
<kw name="Click the login in button" owner="GenericResources">
<kw name="Click Element" owner="SeleniumLibrary">
<msg time="2024-05-28T14:25:37.502477" level="INFO">Clicking element '//i[@class="fa fa-user"]//parent::a'.</msg>
<arg>${login_button}</arg>
<doc>Click the element identified by ``locator``.</doc>
<status status="PASS" start="2024-05-28T14:25:37.502477" elapsed="2.759819"/>
</kw>
<status status="PASS" start="2024-05-28T14:25:37.501445" elapsed="2.761135"/>
</kw>
<kw name="Fill the successfull login form by clicking the doctor role" owner="LoginResources">
<kw name="Click Link" owner="SeleniumLibrary">
<msg time="2024-05-28T14:25:40.264280" level="INFO">Clicking link 'xpath://i[@class="fa fa-user"]//parent::a'.</msg>
<arg>${admin_login_button}</arg>
<doc>Clicks a link identified by ``locator``.</doc>
<status status="PASS" start="2024-05-28T14:25:40.263002" elapsed="0.143554"/>
</kw>
<kw name="Switch Window" owner="SeleniumLibrary">
<arg>new</arg>
<doc>Switches to browser window matching ``locator``.</doc>
<status status="PASS" start="2024-05-28T14:25:40.407980" elapsed="0.025502"/>
</kw>
<kw name="Click Link" owner="SeleniumLibrary">
<msg time="2024-05-28T14:25:40.434484" level="INFO">Clicking link 'xpath://a[text()='Doctor']'.</msg>
<arg>${valid_doctor_button}</arg>
<doc>Clicks a link identified by ``locator``.</doc>
<status status="PASS" start="2024-05-28T14:25:40.433482" elapsed="0.675015"/>
</kw>
<kw name="Click Button" owner="SeleniumLibrary">
<msg time="2024-05-28T14:25:41.109172" level="INFO">Clicking button 'css:button[class='btn']'.</msg>
<arg>${signin_button}</arg>
<doc>Clicks the button identified by ``locator``.</doc>
<status status="PASS" start="2024-05-28T14:25:41.108676" elapsed="4.484360"/>
</kw>
<status status="PASS" start="2024-05-28T14:25:40.263002" elapsed="5.330034"/>
</kw>
<kw name="Verify the successfull login with valid credentials for doctor" owner="LoginResources">
<kw name="Click Link" owner="SeleniumLibrary">
<msg time="2024-05-28T14:25:45.596021" level="INFO">Clicking link 'css:a[class="dropdown-toggle"]'.</msg>
<arg>${pofile_icon}</arg>
<doc>Clicks a link identified by ``locator``.</doc>
<status status="PASS" start="2024-05-28T14:25:45.595025" elapsed="0.145921"/>
</kw>
<kw name="Wait Until Element Is Enabled" owner="SeleniumLibrary">
<arg>${profile_name}</arg>
<doc>Waits until the element ``locator`` is enabled.</doc>
<status status="PASS" start="2024-05-28T14:25:45.740946" elapsed="0.045210"/>
</kw>
<kw name="Element Text Should Be" owner="SeleniumLibrary">
<msg time="2024-05-28T14:25:45.787191" level="INFO">Verifying element 'css:div[class="sstopuser-test"] h5' contains exact text 'Doctor'.</msg>
<arg>${profile_name}</arg>
<arg>Doctor</arg>
<doc>Verifies that element ``locator`` contains exact the text ``expected``.</doc>
<status status="PASS" start="2024-05-28T14:25:45.787191" elapsed="0.030385"/>
</kw>
<status status="PASS" start="2024-05-28T14:25:45.595025" elapsed="0.222551"/>
</kw>
<kw name="Unsuccessfull update of the bed status" owner="DoctorResources">
<kw name="Click Link" owner="SeleniumLibrary">
<msg time="2024-05-28T14:25:45.819568" level="INFO">Clicking link 'xpath://i[@class="fas fa-bed cal15"]//parent::a'.</msg>
<arg>${betstatus_icon}</arg>
<doc>Clicks a link identified by ``locator``.</doc>
<status status="PASS" start="2024-05-28T14:25:45.819568" elapsed="0.080049"/>
</kw>
<kw name="Click Element" owner="SeleniumLibrary">
<msg time="2024-05-28T14:25:45.900657" level="INFO">Clicking element 'xpath://div[text()='FF - 145']'.</msg>
<arg>${bed_145}</arg>
<doc>Click the element identified by ``locator``.</doc>
<status status="PASS" start="2024-05-28T14:25:45.900657" elapsed="1.149057"/>
</kw>
<kw name="Click Element" owner="SeleniumLibrary">
<msg time="2024-05-28T14:25:47.050673" level="INFO">Clicking element 'xpath://span[@class="select2-selection select2-selection--single" and @aria-labelledby="select2-addpatient_id-container"]'.</msg>
<arg>${patientSelect_field}</arg>
<doc>Click the element identified by ``locator``.</doc>
<status status="PASS" start="2024-05-28T14:25:47.049714" elapsed="0.185185"/>
</kw>
<kw name="Input Text" owner="SeleniumLibrary">
<msg time="2024-05-28T14:25:47.235395" level="INFO">Typing text 'Olivier' into text field 'css:input[class="select2-search__field"]'.</msg>
<arg>${patientinput_field}</arg>
<arg>Olivier</arg>
<doc>Types the given ``text`` into the text field identified by ``locator``.</doc>
<status status="PASS" start="2024-05-28T14:25:47.235395" elapsed="0.184889"/>
</kw>
<kw name="Click Element" owner="SeleniumLibrary">
<msg time="2024-05-28T14:25:47.421281" level="INFO">Clicking element 'xpath://li[@class='select2-results__option select2-results__option--highlighted']'.</msg>
<arg>${patient_name}</arg>
<doc>Click the element identified by ``locator``.</doc>
<status status="PASS" start="2024-05-28T14:25:47.420284" elapsed="1.006078"/>
</kw>
<kw name="Click Element" owner="SeleniumLibrary">
<msg time="2024-05-28T14:25:48.427366" level="INFO">Clicking element 'css:input[id="admission_date"]'.</msg>
<arg>${Addmision_date}</arg>
<doc>Click the element identified by ``locator``.</doc>
<status status="PASS" start="2024-05-28T14:25:48.426362" elapsed="0.111892"/>
</kw>
<kw name="Select From List By Value" owner="SeleniumLibrary">
<msg time="2024-05-28T14:25:48.538753" level="INFO">Selecting options from selection list 'xpath://select[@id='consultant_doctor']' by value 11.</msg>
<arg>${doctal_consultant_select}</arg>
<arg>11</arg>
<doc>Selects options from selection list ``locator`` by ``values``.</doc>
<status status="PASS" start="2024-05-28T14:25:48.538254" elapsed="0.149375"/>
</kw>
<kw name="Click Button" owner="SeleniumLibrary">
<msg time="2024-05-28T14:25:48.688756" level="INFO">Clicking button 'xpath://button[@id="formaddbtn"]'.</msg>
<arg>${bed_status_save_button}</arg>
<doc>Clicks the button identified by ``locator``.</doc>
<status status="PASS" start="2024-05-28T14:25:48.687629" elapsed="0.124563"/>
</kw>
<status status="PASS" start="2024-05-28T14:25:45.819568" elapsed="2.992624"/>
</kw>
<kw name="Verify the unsuccessfull updation of the bed status" owner="DoctorResources">
<kw name="Wait Until Element Is Visible" owner="SeleniumLibrary">
<arg>css:div[class="toast-message"]</arg>
<doc>Waits until the element ``locator`` is visible.</doc>
<status status="PASS" start="2024-05-28T14:25:48.814424" elapsed="0.301371"/>
</kw>
<kw name="Element Text Should Not Be" owner="SeleniumLibrary">
<msg time="2024-05-28T14:25:49.116835" level="INFO">Verifying element 'css:div[class="toast-message"]' does not contain exact text 'Patient Added Successfully'.</msg>
<arg>css:div[class="toast-message"]</arg>
<arg>Patient Added Successfully</arg>
<doc>Verifies that element ``locator`` does not contain exact the text ``not_expected``.</doc>
<status status="PASS" start="2024-05-28T14:25:49.116835" elapsed="0.030397"/>
</kw>
<status status="PASS" start="2024-05-28T14:25:48.813306" elapsed="0.333926"/>
</kw>
<kw name="Close the browser" owner="GenericResources" type="TEARDOWN">
<kw name="Close Browser" owner="SeleniumLibrary">
<doc>Closes the current browser.</doc>
<status status="PASS" start="2024-05-28T14:25:49.149278" elapsed="2.199164"/>
</kw>
<status status="PASS" start="2024-05-28T14:25:49.148228" elapsed="2.200214"/>
</kw>
<tag>smoke</tag>
<status status="PASS" start="2024-05-28T14:25:31.501292" elapsed="19.848204"/>
</test>
<doc>Test case for the invalid bed status update</doc>
<status status="PASS" start="2024-05-28T14:25:31.486653" elapsed="19.866528"/>
</suite>
<suite id="s1-s5" name="Test Invalid Viewbillsearch" source="C:\Users\KARTHIPRIYA R\OneDrive\Desktop\SmartHospital\TestCases\Test_Invalid_Viewbillsearch.robot">
<test id="s1-s5-t1" name="Unsuccessfull view for a bill details" line="11">
<kw name="Open the browser with url" owner="GenericResources" type="SETUP">
<kw name="Create Webdriver" owner="SeleniumLibrary">
<msg time="2024-05-28T14:25:51.372867" level="INFO">Creating an instance of the Chrome WebDriver.</msg>
<arg>Chrome</arg>
<doc>Creates an instance of Selenium WebDriver.</doc>
<status status="PASS" start="2024-05-28T14:25:51.372867" elapsed="1.611991"/>
</kw>
<kw name="Go To" owner="SeleniumLibrary">
<msg time="2024-05-28T14:25:52.985858" level="INFO">Opening url 'https://demo.smart-hospital.in/'</msg>
<arg>${url}</arg>
<doc>Navigates the current browser window to the provided ``url``.</doc>
<status status="PASS" start="2024-05-28T14:25:52.985858" elapsed="3.144490"/>
</kw>
<kw name="Maximize Browser Window" owner="SeleniumLibrary">
<doc>Maximizes current browser window.</doc>
<status status="PASS" start="2024-05-28T14:25:56.130348" elapsed="0.055246"/>
</kw>
<kw name="Set Selenium Implicit Wait" owner="SeleniumLibrary">
<arg>5</arg>
<doc>Sets the implicit wait value used by Selenium.</doc>
<status status="PASS" start="2024-05-28T14:25:56.185594" elapsed="0.002051"/>
</kw>
<status status="PASS" start="2024-05-28T14:25:51.371877" elapsed="4.816782"/>
</kw>
<kw name="Click the login in button" owner="GenericResources">
<kw name="Click Element" owner="SeleniumLibrary">
<msg time="2024-05-28T14:25:56.191720" level="INFO">Clicking element '//i[@class="fa fa-user"]//parent::a'.</msg>
<arg>${login_button}</arg>
<doc>Click the element identified by ``locator``.</doc>
<status status="PASS" start="2024-05-28T14:25:56.190713" elapsed="2.595577"/>
</kw>
<status status="PASS" start="2024-05-28T14:25:56.190217" elapsed="2.596073"/>
</kw>
<kw name="Fill the login form by default credentials for user role" owner="LoginResources">
<kw name="Click Button" owner="SeleniumLibrary">
<msg time="2024-05-28T14:25:58.789747" level="INFO">Clicking button 'css:button[class='btn']'.</msg>
<arg>${signin_button}</arg>
<doc>Clicks the button identified by ``locator``.</doc>
<status status="PASS" start="2024-05-28T14:25:58.788696" elapsed="4.508284"/>
</kw>
<status status="PASS" start="2024-05-28T14:25:58.788104" elapsed="4.509873"/>
</kw>
<kw name="Verify the successfull login with valid credentials for user" owner="LoginResources">
<kw name="Click Link" owner="SeleniumLibrary">
<msg time="2024-05-28T14:26:03.353674" level="INFO">Clicking link 'css:a[class="dropdown-toggle"]'.</msg>
<arg>${pofile_icon}</arg>
<doc>Clicks a link identified by ``locator``.</doc>
<status status="PASS" start="2024-05-28T14:26:03.299076" elapsed="0.145080"/>
</kw>
<kw name="Wait Until Element Is Enabled" owner="SeleniumLibrary">
<arg>${profile_name}</arg>
<doc>Waits until the element ``locator`` is enabled.</doc>
<status status="PASS" start="2024-05-28T14:26:03.445150" elapsed="0.043904"/>
</kw>
<kw name="Element Text Should Be" owner="SeleniumLibrary">
<msg time="2024-05-28T14:26:03.490578" level="INFO">Verifying element 'css:div[class="sstopuser-test"] h5' contains exact text 'Patient'.</msg>
<arg>${profile_name}</arg>
<arg>Patient</arg>
<doc>Verifies that element ``locator`` contains exact the text ``expected``.</doc>
<status status="PASS" start="2024-05-28T14:26:03.489553" elapsed="0.177273"/>
</kw>
<status status="PASS" start="2024-05-28T14:26:03.299076" elapsed="0.368815"/>
</kw>
<kw name="Sucessfull search by bill number" owner="UserResources">
<kw name="Click Link" owner="SeleniumLibrary">
<msg time="2024-05-28T14:26:03.669884" level="INFO">Clicking link 'xpath://i[@class="fas fa-mortar-pestle"]//parent::a'.</msg>
<arg>${pharmacy_option}</arg>
<doc>Clicks a link identified by ``locator``.</doc>
<status status="PASS" start="2024-05-28T14:26:03.668887" elapsed="0.950588"/>
</kw>
<kw name="Wait Until Element Is Enabled" owner="SeleniumLibrary">
<arg>${pharmacy_bill_search_field}</arg>
<doc>Waits until the element ``locator`` is enabled.</doc>
<status status="PASS" start="2024-05-28T14:26:04.620535" elapsed="0.055983"/>
</kw>
<kw name="Input Text" owner="SeleniumLibrary">
<msg time="2024-05-28T14:26:04.677558" level="INFO">Typing text 'PHARMAB307' into text field 'css:input[type="search"]'.</msg>
<arg>${pharmacy_bill_search_field}</arg>
<arg>PHARMAB307</arg>
<doc>Types the given ``text`` into the text field identified by ``locator``.</doc>
<status status="PASS" start="2024-05-28T14:26:04.676518" elapsed="0.224996"/>
</kw>
<status status="PASS" start="2024-05-28T14:26:03.668887" elapsed="1.232627"/>
</kw>
<kw name="Verify the successfull search by bill number" owner="UserResources">
<kw name="Wait Until Element Is Visible" owner="SeleniumLibrary">
<arg>${pharmacy_bill_record_assert}</arg>
<doc>Waits until the element ``locator`` is visible.</doc>
<status status="PASS" start="2024-05-28T14:26:04.903507" elapsed="0.036718"/>
</kw>
<kw name="Should Not Contain" owner="BuiltIn">
<arg>${pharmacy_bill_record_assert}</arg>
<arg>Records: 0 to 0 of 0</arg>
<doc>Fails if ``container`` contains ``item`` one or more times.</doc>
<status status="PASS" start="2024-05-28T14:26:04.940225" elapsed="0.001040"/>
</kw>
<status status="PASS" start="2024-05-28T14:26:04.902510" elapsed="0.038755"/>
</kw>
<kw name="Successfull view of the bill details" owner="UserResources">
<kw name="Wait Until Element Is Enabled" owner="SeleniumLibrary">
<arg>${pharmacy_view_details}</arg>
<doc>Waits until the element ``locator`` is enabled.</doc>
<status status="PASS" start="2024-05-28T14:26:04.943274" elapsed="0.043921"/>
</kw>
<kw name="Click Link" owner="SeleniumLibrary">
<msg time="2024-05-28T14:26:04.989187" level="INFO">Clicking link 'xpath://a[@class="btn btn-default btn-xs"]'.</msg>
<arg>${pharmacy_view_details}</arg>
<doc>Clicks a link identified by ``locator``.</doc>
<status status="PASS" start="2024-05-28T14:26:04.987195" elapsed="0.105297"/>
</kw>
<status status="PASS" start="2024-05-28T14:26:04.942258" elapsed="0.150234"/>
</kw>
<kw name="verify the unsuccessfull view of the bill details" owner="UserResources">
<kw name="Wait Until Element Is Visible" owner="SeleniumLibrary">
<arg>${view_detail_assert}</arg>
<doc>Waits until the element ``locator`` is visible.</doc>
<status status="PASS" start="2024-05-28T14:26:05.094486" elapsed="0.303267"/>
</kw>
<kw name="Element Text Should Not Be" owner="SeleniumLibrary">
<msg time="2024-05-28T14:26:05.397753" level="INFO">Verifying element 'xpath://h5[text()='Bill No : PHARMAB307']' does not contain exact text 'Bill No : PHARMAB307'.</msg>
<msg time="2024-05-28T14:26:05.618149" level="INFO" html="true">&lt;/td&gt;&lt;/tr&gt;&lt;tr&gt;&lt;td colspan="3"&gt;&lt;a href="selenium-screenshot-1.png"&gt;&lt;img src="selenium-screenshot-1.png" width="800px"&gt;&lt;/a&gt;</msg>
<msg time="2024-05-28T14:26:05.618149" level="FAIL">The text of element 'xpath://h5[text()='Bill No : PHARMAB307']' was not supposed to be 'Bill No : PHARMAB307'.</msg>
<arg>${view_detail_assert}</arg>
<arg>Bill No : PHARMAB307</arg>
<doc>Verifies that element ``locator`` does not contain exact the text ``not_expected``.</doc>
<status status="FAIL" start="2024-05-28T14:26:05.397753" elapsed="0.228830">The text of element 'xpath://h5[text()='Bill No : PHARMAB307']' was not supposed to be 'Bill No : PHARMAB307'.</status>
</kw>
<status status="FAIL" start="2024-05-28T14:26:05.093490" elapsed="0.534075">The text of element 'xpath://h5[text()='Bill No : PHARMAB307']' was not supposed to be 'Bill No : PHARMAB307'.</status>
</kw>
<kw name="Close the browser" owner="GenericResources" type="TEARDOWN">
<kw name="Close Browser" owner="SeleniumLibrary">
<doc>Closes the current browser.</doc>
<status status="PASS" start="2024-05-28T14:26:05.629548" elapsed="2.214379"/>
</kw>
<status status="PASS" start="2024-05-28T14:26:05.628517" elapsed="2.215410"/>
</kw>
<status status="FAIL" start="2024-05-28T14:25:51.370874" elapsed="16.475153">The text of element 'xpath://h5[text()='Bill No : PHARMAB307']' was not supposed to be 'Bill No : PHARMAB307'.</status>
</test>
<doc>Test case for the valid view bill details</doc>
<status status="FAIL" start="2024-05-28T14:25:51.356803" elapsed="16.493015"/>
</suite>
<suite id="s1-s6" name="Test Valid Addnewpatient" source="C:\Users\KARTHIPRIYA R\OneDrive\Desktop\SmartHospital\TestCases\Test_Valid_Addnewpatient.robot">
<test id="s1-s6-t1" name="addition of new patient" line="16">
<kw name="Open the browser with url" owner="GenericResources" type="SETUP">
<kw name="Create Webdriver" owner="SeleniumLibrary">
<msg time="2024-05-28T14:26:07.902905" level="INFO">Creating an instance of the Chrome WebDriver.</msg>
<arg>Chrome</arg>
<doc>Creates an instance of Selenium WebDriver.</doc>
<status status="PASS" start="2024-05-28T14:26:07.902905" elapsed="1.577411"/>
</kw>
<kw name="Go To" owner="SeleniumLibrary">
<msg time="2024-05-28T14:26:09.480316" level="INFO">Opening url 'https://demo.smart-hospital.in/'</msg>
<arg>${url}</arg>
<doc>Navigates the current browser window to the provided ``url``.</doc>
<status status="PASS" start="2024-05-28T14:26:09.480316" elapsed="4.477159"/>
</kw>
<kw name="Maximize Browser Window" owner="SeleniumLibrary">
<doc>Maximizes current browser window.</doc>
<status status="PASS" start="2024-05-28T14:26:13.957475" elapsed="0.052734"/>
</kw>
<kw name="Set Selenium Implicit Wait" owner="SeleniumLibrary">
<arg>5</arg>
<doc>Sets the implicit wait value used by Selenium.</doc>
<status status="PASS" start="2024-05-28T14:26:14.010703" elapsed="0.002013"/>
</kw>
<status status="PASS" start="2024-05-28T14:26:07.902905" elapsed="6.109811"/>
</kw>
<kw name="Successfull addition of new patient">
<kw name="Click the login in button" owner="GenericResources">
<kw name="Click Element" owner="SeleniumLibrary">
<msg time="2024-05-28T14:26:14.014769" level="INFO">Clicking element '//i[@class="fa fa-user"]//parent::a'.</msg>
<arg>${login_button}</arg>
<doc>Click the element identified by ``locator``.</doc>
<status status="PASS" start="2024-05-28T14:26:14.014769" elapsed="3.596577"/>
</kw>
<status status="PASS" start="2024-05-28T14:26:14.013715" elapsed="3.597631"/>
</kw>
<kw name="Fill the successfull login form by clicking the doctor role" owner="LoginResources">
<kw name="Click Link" owner="SeleniumLibrary">
<msg time="2024-05-28T14:26:17.612784" level="INFO">Clicking link 'xpath://i[@class="fa fa-user"]//parent::a'.</msg>
<arg>${admin_login_button}</arg>
<doc>Clicks a link identified by ``locator``.</doc>
<status status="PASS" start="2024-05-28T14:26:17.612784" elapsed="0.136296"/>
</kw>
<kw name="Switch Window" owner="SeleniumLibrary">
<arg>new</arg>
<doc>Switches to browser window matching ``locator``.</doc>
<status status="PASS" start="2024-05-28T14:26:17.749080" elapsed="0.020807"/>
</kw>
<kw name="Click Link" owner="SeleniumLibrary">
<msg time="2024-05-28T14:26:17.770889" level="INFO">Clicking link 'xpath://a[text()='Doctor']'.</msg>
<arg>${valid_doctor_button}</arg>
<doc>Clicks a link identified by ``locator``.</doc>
<status status="PASS" start="2024-05-28T14:26:17.769887" elapsed="0.924128"/>
</kw>
<kw name="Click Button" owner="SeleniumLibrary">
<msg time="2024-05-28T14:26:18.695019" level="INFO">Clicking button 'css:button[class='btn']'.</msg>
<arg>${signin_button}</arg>
<doc>Clicks the button identified by ``locator``.</doc>
<status status="PASS" start="2024-05-28T14:26:18.694015" elapsed="6.089183"/>
</kw>
<status status="PASS" start="2024-05-28T14:26:17.611346" elapsed="7.171959"/>
</kw>
<kw name="Verify the successfull login with valid credentials for doctor" owner="LoginResources">
<kw name="Click Link" owner="SeleniumLibrary">
<msg time="2024-05-28T14:26:24.784320" level="INFO">Clicking link 'css:a[class="dropdown-toggle"]'.</msg>
<arg>${pofile_icon}</arg>
<doc>Clicks a link identified by ``locator``.</doc>
<status status="PASS" start="2024-05-28T14:26:24.784320" elapsed="0.096614"/>
</kw>
<kw name="Wait Until Element Is Enabled" owner="SeleniumLibrary">
<arg>${profile_name}</arg>
<doc>Waits until the element ``locator`` is enabled.</doc>
<status status="PASS" start="2024-05-28T14:26:24.880934" elapsed="0.045353"/>
</kw>
<kw name="Element Text Should Be" owner="SeleniumLibrary">
<msg time="2024-05-28T14:26:24.926287" level="INFO">Verifying element 'css:div[class="sstopuser-test"] h5' contains exact text 'Doctor'.</msg>
<arg>${profile_name}</arg>
<arg>Doctor</arg>
<doc>Verifies that element ``locator`` contains exact the text ``expected``.</doc>
<status status="PASS" start="2024-05-28T14:26:24.926287" elapsed="0.029733"/>
</kw>
<status status="PASS" start="2024-05-28T14:26:24.783305" elapsed="0.172715"/>
</kw>
<kw name="Addition of new patient in the IPD inpatient with valid Credentials" owner="DoctorResources">
<kw name="Click Link" owner="SeleniumLibrary">
<msg time="2024-05-28T14:26:24.958011" level="INFO">Clicking link 'xpath://i[@class="fas fa-procedures"]//parent::a'.</msg>
<arg>${IPD_in_patient}</arg>
<doc>Clicks a link identified by ``locator``.</doc>
<status status="PASS" start="2024-05-28T14:26:24.958011" elapsed="0.753190"/>
</kw>
<kw name="Click Link" owner="SeleniumLibrary">
<msg time="2024-05-28T14:26:25.712205" level="INFO">Clicking link 'css:a[id="addp"]'.</msg>
<arg>${add_patient_button}</arg>
<doc>Clicks a link identified by ``locator``.</doc>
<status status="PASS" start="2024-05-28T14:26:25.711201" elapsed="0.110003"/>
</kw>
<kw name="Click Link" owner="SeleniumLibrary">
<msg time="2024-05-28T14:26:25.822349" level="INFO">Clicking link 'css:a[id="addpip"]'.</msg>
<arg>${new_patient_button}</arg>
<doc>Clicks a link identified by ``locator``.</doc>
<status status="PASS" start="2024-05-28T14:26:25.821848" elapsed="0.225549"/>
</kw>
<kw name="Input Text" owner="SeleniumLibrary">
<msg time="2024-05-28T14:26:26.048395" level="INFO">Typing text 'prabu' into text field 'css:input[id="name"]'.</msg>
<arg>${name_field}</arg>
<arg>${patient_name}</arg>
<doc>Types the given ``text`` into the text field identified by ``locator``.</doc>
<status status="PASS" start="2024-05-28T14:26:26.048395" elapsed="0.401263"/>
</kw>
<kw name="Input Text" owner="SeleniumLibrary">
<msg time="2024-05-28T14:26:26.450709" level="INFO">Typing text 'krish' into text field 'css:div[class="col-lg-6 col-md-6 col-sm-6"] input[name="guardian_name"]'.</msg>
<arg>${guardian_name_field}</arg>
<arg>${guardian_name}</arg>
<doc>Types the given ``text`` into the text field identified by ``locator``.</doc>
<status status="PASS" start="2024-05-28T14:26:26.449658" elapsed="0.182344"/>
</kw>
<kw name="Input Text" owner="SeleniumLibrary">
<msg time="2024-05-28T14:26:26.633021" level="INFO">Typing text '05/29/2002' into text field 'xpath://div[@class="col-sm-4"]//input[@name="dob"]'.</msg>
<arg>${dob_field}</arg>
<arg>${dob}</arg>
<doc>Types the given ``text`` into the text field identified by ``locator``.</doc>
<status status="PASS" start="2024-05-28T14:26:26.632002" elapsed="0.217823"/>
</kw>
<kw name="Input Text" owner="SeleniumLibrary">
<msg time="2024-05-28T14:26:26.850812" level="INFO">Typing text '9977554432' into text field 'css:input[id="number"]'.</msg>
<arg>${phone_number_field}</arg>
<arg>${phone_number}</arg>
<doc>Types the given ``text`` into the text field identified by ``locator``.</doc>
<status status="PASS" start="2024-05-28T14:26:26.850812" elapsed="0.178965"/>
</kw>
<kw name="Input Text" owner="SeleniumLibrary">
<msg time="2024-05-28T14:26:27.030833" level="INFO">Typing text 'praburama@gmail.com' into text field 'css:input[id="addformemail"]'.</msg>
<arg>${email_field}</arg>
<arg>${email}</arg>
<doc>Types the given ``text`` into the text field identified by ``locator``.</doc>
<status status="PASS" start="2024-05-28T14:26:27.029777" elapsed="0.155751"/>
</kw>
<kw name="Input Text" owner="SeleniumLibrary">
<msg time="2024-05-28T14:26:27.186524" level="INFO">Typing text 'kaveri avenu,amman nager,coimbatore-98' into text field 'css:input[name="address"]'.</msg>
<arg>${address_field}</arg>
<arg>${address}</arg>
<doc>Types the given ``text`` into the text field identified by ``locator``.</doc>
<status status="PASS" start="2024-05-28T14:26:27.185528" elapsed="0.192088"/>
</kw>
<kw name="Input Text" owner="SeleniumLibrary">
<msg time="2024-05-28T14:26:27.378611" level="INFO">Typing text 'voimiting' into text field 'css:div[class="col-lg-12 col-md-12 col-sm-12"] textarea[name="known_allergies"]'.</msg>
<arg>${known_allergies_field}</arg>
<arg>${known_allergies}</arg>
<doc>Types the given ``text`` into the text field identified by ``locator``.</doc>
<status status="PASS" start="2024-05-28T14:26:27.377616" elapsed="0.113474"/>
</kw>
<kw name="Input Text" owner="SeleniumLibrary">
<msg time="2024-05-28T14:26:27.492086" level="INFO">Typing text '1876548' into text field 'css:input[name="insurance_id"]'.</msg>
<arg>${TPA_ID_field}</arg>
<arg>${TPA_ID}</arg>
<doc>Types the given ``text`` into the text field identified by ``locator``.</doc>
<status status="PASS" start="2024-05-28T14:26:27.492086" elapsed="0.155091"/>
</kw>
<kw name="Input Text" owner="SeleniumLibrary">
<msg time="2024-05-28T14:26:27.648173" level="INFO">Typing text '2026-09-01 00:00:00' into text field 'css:input[name="validity"]'.</msg>
<arg>${TPA_validity_field}</arg>
<arg>${TPA_Validity}</arg>
<doc>Types the given ``text`` into the text field identified by ``locator``.</doc>
<status status="PASS" start="2024-05-28T14:26:27.647177" elapsed="0.234656"/>
</kw>
<kw name="Input Text" owner="SeleniumLibrary">
<msg time="2024-05-28T14:26:27.883864" level="INFO">Typing text '345678' into text field 'css:input[name="identification_number"]'.</msg>
<arg>${national_identity_number_field}</arg>
<arg>${ni_number}</arg>
<doc>Types the given ``text`` into the text field identified by ``locator``.</doc>
<status status="PASS" start="2024-05-28T14:26:27.882828" elapsed="0.158350"/>
</kw>
<kw name="Input Text" owner="SeleniumLibrary">
<msg time="2024-05-28T14:26:28.042204" level="INFO">Typing text '9876543456' into text field 'css:input[id="custom_fields[patient][3]"]'.</msg>
<arg>${alternate_number_field}</arg>
<arg>${alternate_number}</arg>
<doc>Types the given ``text`` into the text field identified by ``locator``.</doc>
<status status="PASS" start="2024-05-28T14:26:28.042204" elapsed="0.140384"/>
</kw>
<kw name="Click Button" owner="SeleniumLibrary">
<msg time="2024-05-28T14:26:28.183119" level="INFO">Clicking button 'css:button[id="formaddpabtn"]'.</msg>
<arg>${save_button}</arg>
<doc>Clicks the button identified by ``locator``.</doc>
<status status="PASS" start="2024-05-28T14:26:28.182588" elapsed="0.144986"/>
</kw>
<arg>${patient_name}</arg>
<arg>${guardian_name}</arg>
<arg>${dob}</arg>
<arg>${bloodgroup}</arg>
<arg>${marital_status}</arg>
<arg>${phone_number}</arg>
<arg>${email}</arg>
<arg>${address}</arg>
<arg>${known_allergies}</arg>
<arg>${TPA_ID}</arg>
<arg>${TPA_Validity}</arg>
<arg>${ni_number}</arg>
<arg>${alternate_number}</arg>
<status status="PASS" start="2024-05-28T14:26:24.957014" elapsed="3.371580"/>
</kw>
<kw name="Verify the successfull adding of new patient" owner="DoctorResources">
<kw name="Element Text Should Be" owner="SeleniumLibrary">
<msg time="2024-05-28T14:26:28.329582" level="INFO">Verifying element 'css:div[class='toast-message']' contains exact text 'Record Saved Successfully'.</msg>
<arg>${addnewpatient_validalert}</arg>
<arg>Record Saved Successfully</arg>
<doc>Verifies that element ``locator`` contains exact the text ``expected``.</doc>
<status status="PASS" start="2024-05-28T14:26:28.329582" elapsed="0.316755"/>
</kw>
<status status="PASS" start="2024-05-28T14:26:28.328594" elapsed="0.318742"/>
</kw>
<arg>patient_name=prabu</arg>
<arg>guardian_name=krish</arg>
<arg>dob=05/29/2002</arg>
<arg>bloodgroup=O+</arg>
<arg>marital_status=Single</arg>
<arg>phone_number=9977554432</arg>
<arg>email=praburama@gmail.com</arg>
<arg>address=kaveri avenu,amman nager,coimbatore-98</arg>
<arg>known_allergies=voimiting</arg>
<arg>TPA_ID=1876548</arg>
<arg>TPA_Validity=2026-09-01 00:00:00</arg>
<arg>ni_number=345678</arg>
<arg>alternate_number=9876543456</arg>
<status status="PASS" start="2024-05-28T14:26:14.013715" elapsed="14.633621"/>
</kw>
<kw name="Close the browser" owner="GenericResources" type="TEARDOWN">
<kw name="Close Browser" owner="SeleniumLibrary">
<doc>Closes the current browser.</doc>
<status status="PASS" start="2024-05-28T14:26:28.649314" elapsed="2.199117"/>
</kw>
<status status="PASS" start="2024-05-28T14:26:28.648270" elapsed="2.200161"/>
</kw>
<status status="PASS" start="2024-05-28T14:26:07.900948" elapsed="22.948917"/>
</test>
<doc>Test case to add new patient in the patient list</doc>
<status status="PASS" start="2024-05-28T14:26:07.852887" elapsed="23.000446"/>
</suite>
<suite id="s1-s7" name="Test Valid Billsearch" source="C:\Users\KARTHIPRIYA R\OneDrive\Desktop\SmartHospital\TestCases\Test_Valid_Billsearch.robot">
<test id="s1-s7-t1" name="Successfull search for a bill using bill number" line="11">
<kw name="Open the browser with url" owner="GenericResources" type="SETUP">
<kw name="Create Webdriver" owner="SeleniumLibrary">
<msg time="2024-05-28T14:26:30.873998" level="INFO">Creating an instance of the Chrome WebDriver.</msg>
<arg>Chrome</arg>
<doc>Creates an instance of Selenium WebDriver.</doc>
<status status="PASS" start="2024-05-28T14:26:30.873998" elapsed="1.572130"/>
</kw>
<kw name="Go To" owner="SeleniumLibrary">
<msg time="2024-05-28T14:26:32.446128" level="INFO">Opening url 'https://demo.smart-hospital.in/'</msg>
<arg>${url}</arg>
<doc>Navigates the current browser window to the provided ``url``.</doc>
<status status="PASS" start="2024-05-28T14:26:32.446128" elapsed="6.230784"/>
</kw>
<kw name="Maximize Browser Window" owner="SeleniumLibrary">
<doc>Maximizes current browser window.</doc>
<status status="PASS" start="2024-05-28T14:26:38.677875" elapsed="0.038238"/>
</kw>
<kw name="Set Selenium Implicit Wait" owner="SeleniumLibrary">
<arg>5</arg>
<doc>Sets the implicit wait value used by Selenium.</doc>
<status status="PASS" start="2024-05-28T14:26:38.717111" elapsed="0.003239"/>
</kw>
<status status="PASS" start="2024-05-28T14:26:30.873998" elapsed="7.846849"/>
</kw>
<kw name="Click the login in button" owner="GenericResources">
<kw name="Click Element" owner="SeleniumLibrary">
<msg time="2024-05-28T14:26:38.723556" level="INFO">Clicking element '//i[@class="fa fa-user"]//parent::a'.</msg>
<arg>${login_button}</arg>
<doc>Click the element identified by ``locator``.</doc>
<status status="PASS" start="2024-05-28T14:26:38.723556" elapsed="4.872862"/>
</kw>
<status status="PASS" start="2024-05-28T14:26:38.722432" elapsed="4.873986"/>
</kw>
<kw name="Fill the login form by default credentials for user role" owner="LoginResources">
<kw name="Click Button" owner="SeleniumLibrary">
<msg time="2024-05-28T14:26:43.598349" level="INFO">Clicking button 'css:button[class='btn']'.</msg>
<arg>${signin_button}</arg>
<doc>Clicks the button identified by ``locator``.</doc>
<status status="PASS" start="2024-05-28T14:26:43.598349" elapsed="5.248590"/>
</kw>
<status status="PASS" start="2024-05-28T14:26:43.598349" elapsed="5.248590"/>
</kw>
<kw name="Verify the successfull login with valid credentials for user" owner="LoginResources">
<kw name="Click Link" owner="SeleniumLibrary">
<msg time="2024-05-28T14:26:48.849041" level="INFO">Clicking link 'css:a[class="dropdown-toggle"]'.</msg>
<arg>${pofile_icon}</arg>
<doc>Clicks a link identified by ``locator``.</doc>
<status status="PASS" start="2024-05-28T14:26:48.849041" elapsed="0.150665"/>
</kw>
<kw name="Wait Until Element Is Enabled" owner="SeleniumLibrary">
<arg>${profile_name}</arg>
<doc>Waits until the element ``locator`` is enabled.</doc>
<status status="PASS" start="2024-05-28T14:26:49.000685" elapsed="0.054882"/>
</kw>
<kw name="Element Text Should Be" owner="SeleniumLibrary">
<msg time="2024-05-28T14:26:49.056563" level="INFO">Verifying element 'css:div[class="sstopuser-test"] h5' contains exact text 'Patient'.</msg>
<arg>${profile_name}</arg>
<arg>Patient</arg>
<doc>Verifies that element ``locator`` contains exact the text ``expected``.</doc>
<status status="PASS" start="2024-05-28T14:26:49.055567" elapsed="0.030043"/>
</kw>
<status status="PASS" start="2024-05-28T14:26:48.847934" elapsed="0.237784"/>
</kw>
<kw name="Sucessfull search by bill number" owner="UserResources">
<kw name="Click Link" owner="SeleniumLibrary">
<msg time="2024-05-28T14:26:49.088214" level="INFO">Clicking link 'xpath://i[@class="fas fa-mortar-pestle"]//parent::a'.</msg>
<arg>${pharmacy_option}</arg>
<doc>Clicks a link identified by ``locator``.</doc>
<status status="PASS" start="2024-05-28T14:26:49.087222" elapsed="0.916991"/>
</kw>
<kw name="Wait Until Element Is Enabled" owner="SeleniumLibrary">
<arg>${pharmacy_bill_search_field}</arg>
<doc>Waits until the element ``locator`` is enabled.</doc>
<status status="PASS" start="2024-05-28T14:26:50.004758" elapsed="0.056104"/>
</kw>
<kw name="Input Text" owner="SeleniumLibrary">
<msg time="2024-05-28T14:26:50.061860" level="INFO">Typing text 'PHARMAB307' into text field 'css:input[type="search"]'.</msg>
<arg>${pharmacy_bill_search_field}</arg>
<arg>PHARMAB307</arg>
<doc>Types the given ``text`` into the text field identified by ``locator``.</doc>
<status status="PASS" start="2024-05-28T14:26:50.060862" elapsed="0.229983"/>
</kw>
<status status="PASS" start="2024-05-28T14:26:49.087222" elapsed="1.203623"/>
</kw>
<kw name="Verify the successfull search by bill number" owner="UserResources">
<kw name="Wait Until Element Is Visible" owner="SeleniumLibrary">
<arg>${pharmacy_bill_record_assert}</arg>
<doc>Waits until the element ``locator`` is visible.</doc>
<status status="PASS" start="2024-05-28T14:26:50.292919" elapsed="0.032949"/>
</kw>
<kw name="Should Not Contain" owner="BuiltIn">
<arg>${pharmacy_bill_record_assert}</arg>
<arg>Records: 0 to 0 of 0</arg>
<doc>Fails if ``container`` contains ``item`` one or more times.</doc>
<status status="PASS" start="2024-05-28T14:26:50.325868" elapsed="0.001007"/>
</kw>
<status status="PASS" start="2024-05-28T14:26:50.291922" elapsed="0.034953"/>
</kw>
<kw name="Close the browser" owner="GenericResources" type="TEARDOWN">
<kw name="Close Browser" owner="SeleniumLibrary">
<doc>Closes the current browser.</doc>
<status status="PASS" start="2024-05-28T14:26:50.328863" elapsed="2.271687"/>
</kw>
<status status="PASS" start="2024-05-28T14:26:50.328070" elapsed="2.272841"/>
</kw>
<status status="PASS" start="2024-05-28T14:26:30.873375" elapsed="21.727743"/>
</test>
<doc>Test case for the valid for a bill search</doc>
<status status="PASS" start="2024-05-28T14:26:30.857530" elapsed="21.745531"/>
</suite>
<suite id="s1-s8" name="Test Valid Doctorlogin" source="C:\Users\KARTHIPRIYA R\OneDrive\Desktop\SmartHospital\TestCases\Test_Valid_Doctorlogin.robot">
<test id="s1-s8-t1" name="Successfull doctor login by clicking doctor login button" line="12">
<kw name="Open the browser with url" owner="GenericResources" type="SETUP">
<kw name="Create Webdriver" owner="SeleniumLibrary">
<msg time="2024-05-28T14:26:52.615442" level="INFO">Creating an instance of the Chrome WebDriver.</msg>
<arg>Chrome</arg>
<doc>Creates an instance of Selenium WebDriver.</doc>
<status status="PASS" start="2024-05-28T14:26:52.615442" elapsed="1.610674"/>
</kw>
<kw name="Go To" owner="SeleniumLibrary">
<msg time="2024-05-28T14:26:54.226116" level="INFO">Opening url 'https://demo.smart-hospital.in/'</msg>
<arg>${url}</arg>
<doc>Navigates the current browser window to the provided ``url``.</doc>
<status status="PASS" start="2024-05-28T14:26:54.226116" elapsed="3.446861"/>
</kw>
<kw name="Maximize Browser Window" owner="SeleniumLibrary">
<doc>Maximizes current browser window.</doc>
<status status="PASS" start="2024-05-28T14:26:57.673466" elapsed="0.046613"/>
</kw>
<kw name="Set Selenium Implicit Wait" owner="SeleniumLibrary">
<arg>5</arg>
<doc>Sets the implicit wait value used by Selenium.</doc>
<status status="PASS" start="2024-05-28T14:26:57.720577" elapsed="0.001997"/>
</kw>
<status status="PASS" start="2024-05-28T14:26:52.615442" elapsed="5.107132"/>
</kw>
[...]
<status status="PASS" start="2024-05-28T14:27:58.844093" elapsed="0.018521"/>
</kw>
<kw name="Click Link" owner="SeleniumLibrary">
<msg time="2024-05-28T14:27:58.863611" level="INFO">Clicking link 'xpath://a[text()='Doctor']'.</msg>
<arg>${valid_doctor_button}</arg>
<doc>Clicks a link identified by ``locator``.</doc>
<status status="PASS" start="2024-05-28T14:27:58.862614" elapsed="1.160064"/>
</kw>
<kw name="Click Button" owner="SeleniumLibrary">
<msg time="2024-05-28T14:28:00.023683" level="INFO">Clicking button 'css:button[class='btn']'.</msg>
<arg>${signin_button}</arg>
<doc>Clicks the button identified by ``locator``.</doc>
<status status="PASS" start="2024-05-28T14:28:00.022678" elapsed="5.003869"/>
</kw>
<status status="PASS" start="2024-05-28T14:27:58.711835" elapsed="6.314712"/>
</kw>
<kw name="Verify the successfull login with valid credentials for doctor" owner="LoginResources">
<kw name="Click Link" owner="SeleniumLibrary">
<msg time="2024-05-28T14:28:05.028664" level="INFO">Clicking link 'css:a[class="dropdown-toggle"]'.</msg>
<arg>${pofile_icon}</arg>
<doc>Clicks a link identified by ``locator``.</doc>
<status status="PASS" start="2024-05-28T14:28:05.028664" elapsed="0.108665"/>
</kw>
<kw name="Wait Until Element Is Enabled" owner="SeleniumLibrary">
<arg>${profile_name}</arg>
<doc>Waits until the element ``locator`` is enabled.</doc>
<status status="PASS" start="2024-05-28T14:28:05.138326" elapsed="0.032752"/>
</kw>
<kw name="Element Text Should Be" owner="SeleniumLibrary">
<msg time="2024-05-28T14:28:05.171389" level="INFO">Verifying element 'css:div[class="sstopuser-test"] h5' contains exact text 'Doctor'.</msg>
<arg>${profile_name}</arg>
<arg>Doctor</arg>
<doc>Verifies that element ``locator`` contains exact the text ``expected``.</doc>
<status status="PASS" start="2024-05-28T14:28:05.171389" elapsed="0.020660"/>
</kw>
<status status="PASS" start="2024-05-28T14:28:05.027667" elapsed="0.164382"/>
</kw>
<kw name="Successfull update of the bed status" owner="DoctorResources">
<kw name="Click Link" owner="SeleniumLibrary">
<msg time="2024-05-28T14:28:05.193814" level="INFO">Clicking link 'xpath://i[@class="fas fa-bed cal15"]//parent::a'.</msg>
<arg>${betstatus_icon}</arg>
<doc>Clicks a link identified by ``locator``.</doc>
<status status="PASS" start="2024-05-28T14:28:05.193814" elapsed="0.070223"/>
</kw>
<kw name="Click Element" owner="SeleniumLibrary">
<msg time="2024-05-28T14:28:05.265375" level="INFO">Clicking element 'xpath://div[text()='FF - 145']'.</msg>
<arg>${bed_145}</arg>
<doc>Click the element identified by ``locator``.</doc>
<status status="PASS" start="2024-05-28T14:28:05.264878" elapsed="1.119065"/>
</kw>
<kw name="Click Element" owner="SeleniumLibrary">
<msg time="2024-05-28T14:28:06.384940" level="INFO">Clicking element 'xpath://span[@class="select2-selection select2-selection--single" and @aria-labelledby="select2-addpatient_id-container"]'.</msg>
<arg>${patientSelect_field}</arg>
<doc>Click the element identified by ``locator``.</doc>
<status status="PASS" start="2024-05-28T14:28:06.383943" elapsed="0.242599"/>
</kw>
<kw name="Input Text" owner="SeleniumLibrary">
<msg time="2024-05-28T14:28:06.627654" level="INFO">Typing text 'Evander' into text field 'css:input[class="select2-search__field"]'.</msg>
<arg>${patientinput_field}</arg>
<arg>Evander</arg>
<doc>Types the given ``text`` into the text field identified by ``locator``.</doc>
<status status="PASS" start="2024-05-28T14:28:06.626542" elapsed="0.144770"/>
</kw>
<kw name="Click Element" owner="SeleniumLibrary">
<msg time="2024-05-28T14:28:06.772309" level="INFO">Clicking element 'xpath://li[@class='select2-results__option select2-results__option--highlighted']'.</msg>
<arg>${patient_name}</arg>
<doc>Click the element identified by ``locator``.</doc>
<status status="PASS" start="2024-05-28T14:28:06.771312" elapsed="0.652759"/>
</kw>
<kw name="Click Element" owner="SeleniumLibrary">
<msg time="2024-05-28T14:28:07.425081" level="INFO">Clicking element 'css:input[id="admission_date"]'.</msg>
<arg>${Addmision_date}</arg>
<doc>Click the element identified by ``locator``.</doc>
<status status="PASS" start="2024-05-28T14:28:07.424071" elapsed="0.099402"/>
</kw>
<kw name="Select From List By Value" owner="SeleniumLibrary">
<msg time="2024-05-28T14:28:07.523473" level="INFO">Selecting options from selection list 'xpath://select[@id='consultant_doctor']' by value 11.</msg>
<arg>${doctal_consultant_select}</arg>
<arg>11</arg>
<doc>Selects options from selection list ``locator`` by ``values``.</doc>
<status status="PASS" start="2024-05-28T14:28:07.523473" elapsed="0.152327"/>
</kw>
<kw name="Click Button" owner="SeleniumLibrary">
<msg time="2024-05-28T14:28:07.676782" level="INFO">Clicking button 'xpath://button[@id="formaddbtn"]'.</msg>
<arg>${bed_status_save_button}</arg>
<doc>Clicks the button identified by ``locator``.</doc>
<status status="PASS" start="2024-05-28T14:28:07.675800" elapsed="0.109964"/>
</kw>
<status status="PASS" start="2024-05-28T14:28:05.193317" elapsed="2.592447"/>
</kw>
<kw name="Verify the successfull updation of the bed status" owner="DoctorResources">
<kw name="Wait Until Element Is Visible" owner="SeleniumLibrary">
<arg>css:div[class="toast-message"]</arg>
<doc>Waits until the element ``locator`` is visible.</doc>
<status status="PASS" start="2024-05-28T14:28:07.787766" elapsed="0.393950"/>
</kw>
<kw name="Element Text Should Be" owner="SeleniumLibrary">
<msg time="2024-05-28T14:28:08.183579" level="INFO">Verifying element 'css:div[class="toast-message"]' contains exact text 'Patient Added Successfully'.</msg>
<arg>css:div[class="toast-message"]</arg>
<arg>Patient Added Successfully</arg>
<doc>Verifies that element ``locator`` contains exact the text ``expected``.</doc>
<status status="PASS" start="2024-05-28T14:28:08.182519" elapsed="0.039379"/>
</kw>
<status status="PASS" start="2024-05-28T14:28:07.787766" elapsed="0.435129"/>
</kw>
<kw name="Close the browser" owner="GenericResources" type="TEARDOWN">
<kw name="Close Browser" owner="SeleniumLibrary">
<doc>Closes the current browser.</doc>
<status status="PASS" start="2024-05-28T14:28:08.223892" elapsed="2.263149"/>
</kw>
<status status="PASS" start="2024-05-28T14:28:08.223892" elapsed="2.263149"/>
</kw>
<tag>smoke</tag>
<status status="PASS" start="2024-05-28T14:27:50.487956" elapsed="20.000096"/>
</test>
<doc>Test case for the valid bed status update</doc>
<status status="PASS" start="2024-05-28T14:27:50.472794" elapsed="20.017251"/>
</suite>
<suite id="s1-s11" name="Test Valid Userlogin" source="C:\Users\KARTHIPRIYA R\OneDrive\Desktop\SmartHospital\TestCases\Test_Valid_Userlogin.robot">
<test id="s1-s11-t1" name="Successful patient login by the default login credentials" line="12">
<kw name="Open the browser with url" owner="GenericResources" type="SETUP">
<kw name="Create Webdriver" owner="SeleniumLibrary">
<msg time="2024-05-28T14:28:10.516831" level="INFO">Creating an instance of the Chrome WebDriver.</msg>
<arg>Chrome</arg>
<doc>Creates an instance of Selenium WebDriver.</doc>
<status status="PASS" start="2024-05-28T14:28:10.515756" elapsed="1.673459"/>
</kw>
<kw name="Go To" owner="SeleniumLibrary">
<msg time="2024-05-28T14:28:12.190255" level="INFO">Opening url 'https://demo.smart-hospital.in/'</msg>
<arg>${url}</arg>
<doc>Navigates the current browser window to the provided ``url``.</doc>
<status status="PASS" start="2024-05-28T14:28:12.190255" elapsed="3.314270"/>
</kw>
<kw name="Maximize Browser Window" owner="SeleniumLibrary">
<doc>Maximizes current browser window.</doc>
<status status="PASS" start="2024-05-28T14:28:15.505617" elapsed="0.036164"/>
</kw>
<kw name="Set Selenium Implicit Wait" owner="SeleniumLibrary">
<arg>5</arg>
<doc>Sets the implicit wait value used by Selenium.</doc>
<status status="PASS" start="2024-05-28T14:28:15.542278" elapsed="0.001528"/>
</kw>
<status status="PASS" start="2024-05-28T14:28:10.515756" elapsed="5.028050"/>
</kw>
<kw name="Click the login in button" owner="GenericResources">
<kw name="Click Element" owner="SeleniumLibrary">
<msg time="2024-05-28T14:28:15.546117" level="INFO">Clicking element '//i[@class="fa fa-user"]//parent::a'.</msg>
<arg>${login_button}</arg>
<doc>Click the element identified by ``locator``.</doc>
<status status="PASS" start="2024-05-28T14:28:15.546117" elapsed="2.758162"/>
</kw>
<status status="PASS" start="2024-05-28T14:28:15.544801" elapsed="2.759478"/>
</kw>
<kw name="Fill the login form by default credentials for user role" owner="LoginResources">
<kw name="Click Button" owner="SeleniumLibrary">
<msg time="2024-05-28T14:28:18.306474" level="INFO">Clicking button 'css:button[class='btn']'.</msg>
<arg>${signin_button}</arg>
<doc>Clicks the button identified by ``locator``.</doc>
<status status="PASS" start="2024-05-28T14:28:18.305426" elapsed="5.828116"/>
</kw>
<status status="PASS" start="2024-05-28T14:28:18.305426" elapsed="5.828116"/>
</kw>
<kw name="Verify the successfull login with valid credentials for user" owner="LoginResources">
<kw name="Click Link" owner="SeleniumLibrary">
<msg time="2024-05-28T14:28:24.136037" level="INFO">Clicking link 'css:a[class="dropdown-toggle"]'.</msg>
<arg>${pofile_icon}</arg>
<doc>Clicks a link identified by ``locator``.</doc>
<status status="PASS" start="2024-05-28T14:28:24.135000" elapsed="0.126026"/>
</kw>
<kw name="Wait Until Element Is Enabled" owner="SeleniumLibrary">
<arg>${profile_name}</arg>
<doc>Waits until the element ``locator`` is enabled.</doc>
<status status="PASS" start="2024-05-28T14:28:24.261026" elapsed="0.071055"/>
</kw>
<kw name="Element Text Should Be" owner="SeleniumLibrary">
<msg time="2024-05-28T14:28:24.333112" level="INFO">Verifying element 'css:div[class="sstopuser-test"] h5' contains exact text 'Patient'.</msg>
<arg>${profile_name}</arg>
<arg>Patient</arg>
<doc>Verifies that element ``locator`` contains exact the text ``expected``.</doc>
<status status="PASS" start="2024-05-28T14:28:24.333112" elapsed="0.028317"/>
</kw>
<status status="PASS" start="2024-05-28T14:28:24.135000" elapsed="0.227475"/>
</kw>
<kw name="Close the browser" owner="GenericResources" type="TEARDOWN">
<kw name="Close Browser" owner="SeleniumLibrary">
<doc>Closes the current browser.</doc>
<status status="PASS" start="2024-05-28T14:28:24.363472" elapsed="2.228793"/>
</kw>
<status status="PASS" start="2024-05-28T14:28:24.363472" elapsed="2.228793"/>
</kw>
<status status="PASS" start="2024-05-28T14:28:10.513818" elapsed="16.079458"/>
</test>
<doc>Test case for the valid user login</doc>
<status status="PASS" start="2024-05-28T14:28:10.493036" elapsed="16.102233"/>
</suite>
<suite id="s1-s12" name="Test Valid Viewbilldetails" source="C:\Users\KARTHIPRIYA R\OneDrive\Desktop\SmartHospital\TestCases\Test_Valid_Viewbilldetails.robot">
<test id="s1-s12-t1" name="Successfull search for a bill using bill number" line="11">
<kw name="Open the browser with url" owner="GenericResources" type="SETUP">
<kw name="Create Webdriver" owner="SeleniumLibrary">
<msg time="2024-05-28T14:28:26.621464" level="INFO">Creating an instance of the Chrome WebDriver.</msg>
<arg>Chrome</arg>
<doc>Creates an instance of Selenium WebDriver.</doc>
<status status="PASS" start="2024-05-28T14:28:26.620469" elapsed="1.569226"/>
</kw>
<kw name="Go To" owner="SeleniumLibrary">
<msg time="2024-05-28T14:28:28.190728" level="INFO">Opening url 'https://demo.smart-hospital.in/'</msg>
<arg>${url}</arg>
<doc>Navigates the current browser window to the provided ``url``.</doc>
<status status="PASS" start="2024-05-28T14:28:28.189695" elapsed="3.966727"/>
</kw>
<kw name="Maximize Browser Window" owner="SeleniumLibrary">
<doc>Maximizes current browser window.</doc>
<status status="PASS" start="2024-05-28T14:28:32.156422" elapsed="0.040228"/>
</kw>
<kw name="Set Selenium Implicit Wait" owner="SeleniumLibrary">
<arg>5</arg>
<doc>Sets the implicit wait value used by Selenium.</doc>
<status status="PASS" start="2024-05-28T14:28:32.197645" elapsed="0.001403"/>
</kw>
<status status="PASS" start="2024-05-28T14:28:26.620469" elapsed="5.578579"/>
</kw>
<kw name="Click the login in button" owner="GenericResources">
<kw name="Click Element" owner="SeleniumLibrary">
<msg time="2024-05-28T14:28:32.201134" level="INFO">Clicking element '//i[@class="fa fa-user"]//parent::a'.</msg>
<arg>${login_button}</arg>
<doc>Click the element identified by ``locator``.</doc>
<status status="PASS" start="2024-05-28T14:28:32.200089" elapsed="3.071718"/>
</kw>
<status status="PASS" start="2024-05-28T14:28:32.200089" elapsed="3.071718"/>
</kw>
<kw name="Fill the login form by default credentials for user role" owner="LoginResources">
<kw name="Click Button" owner="SeleniumLibrary">
<msg time="2024-05-28T14:28:35.274079" level="INFO">Clicking button 'css:button[class='btn']'.</msg>
<arg>${signin_button}</arg>
<doc>Clicks the button identified by ``locator``.</doc>
<status status="PASS" start="2024-05-28T14:28:35.274079" elapsed="5.901038"/>
</kw>
<status status="PASS" start="2024-05-28T14:28:35.273020" elapsed="5.902097"/>
</kw>
<kw name="Verify the successfull login with valid credentials for user" owner="LoginResources">
<kw name="Click Link" owner="SeleniumLibrary">
<msg time="2024-05-28T14:28:41.177113" level="INFO">Clicking link 'css:a[class="dropdown-toggle"]'.</msg>
<arg>${pofile_icon}</arg>
<doc>Clicks a link identified by ``locator``.</doc>
<status status="PASS" start="2024-05-28T14:28:41.177113" elapsed="0.168380"/>
</kw>
<kw name="Wait Until Element Is Enabled" owner="SeleniumLibrary">
<arg>${profile_name}</arg>
<doc>Waits until the element ``locator`` is enabled.</doc>
<status status="PASS" start="2024-05-28T14:28:41.346516" elapsed="0.056562"/>
</kw>
<kw name="Element Text Should Be" owner="SeleniumLibrary">
<msg time="2024-05-28T14:28:41.404116" level="INFO">Verifying element 'css:div[class="sstopuser-test"] h5' contains exact text 'Patient'.</msg>
<arg>${profile_name}</arg>
<arg>Patient</arg>
<doc>Verifies that element ``locator`` contains exact the text ``expected``.</doc>
<status status="PASS" start="2024-05-28T14:28:41.403078" elapsed="0.026426"/>
</kw>
<status status="PASS" start="2024-05-28T14:28:41.177113" elapsed="0.252891"/>
</kw>
<kw name="Sucessfull search by bill number" owner="UserResources">
<kw name="Click Link" owner="SeleniumLibrary">
<msg time="2024-05-28T14:28:41.431775" level="INFO">Clicking link 'xpath://i[@class="fas fa-mortar-pestle"]//parent::a'.</msg>
<arg>${pharmacy_option}</arg>
<doc>Clicks a link identified by ``locator``.</doc>
<status status="PASS" start="2024-05-28T14:28:41.430576" elapsed="0.766750"/>
</kw>
<kw name="Wait Until Element Is Enabled" owner="SeleniumLibrary">
<arg>${pharmacy_bill_search_field}</arg>
<doc>Waits until the element ``locator`` is enabled.</doc>
<status status="PASS" start="2024-05-28T14:28:42.197326" elapsed="0.045726"/>
</kw>
<kw name="Input Text" owner="SeleniumLibrary">
<msg time="2024-05-28T14:28:42.244089" level="INFO">Typing text 'PHARMAB307' into text field 'css:input[type="search"]'.</msg>
<arg>${pharmacy_bill_search_field}</arg>
<arg>PHARMAB307</arg>
<doc>Types the given ``text`` into the text field identified by ``locator``.</doc>
<status status="PASS" start="2024-05-28T14:28:42.243052" elapsed="0.202324"/>
</kw>
<status status="PASS" start="2024-05-28T14:28:41.430576" elapsed="1.014800"/>
</kw>
<kw name="Verify the successfull search by bill number" owner="UserResources">
<kw name="Wait Until Element Is Visible" owner="SeleniumLibrary">
<arg>${pharmacy_bill_record_assert}</arg>
<doc>Waits until the element ``locator`` is visible.</doc>
<status status="PASS" start="2024-05-28T14:28:42.446712" elapsed="0.034054"/>
</kw>
<kw name="Should Not Contain" owner="BuiltIn">
<arg>${pharmacy_bill_record_assert}</arg>
<arg>Records: 0 to 0 of 0</arg>
<doc>Fails if ``container`` contains ``item`` one or more times.</doc>
<status status="PASS" start="2024-05-28T14:28:42.481252" elapsed="0.000479"/>
</kw>
<status status="PASS" start="2024-05-28T14:28:42.446712" elapsed="0.035019"/>
</kw>
<kw name="Successfull view of the bill details" owner="UserResources">
<kw name="Wait Until Element Is Enabled" owner="SeleniumLibrary">
<arg>${pharmacy_view_details}</arg>
<doc>Waits until the element ``locator`` is enabled.</doc>
<status status="PASS" start="2024-05-28T14:28:42.484773" elapsed="0.043102"/>
</kw>
<kw name="Click Link" owner="SeleniumLibrary">
<msg time="2024-05-28T14:28:42.527875" level="INFO">Clicking link 'xpath://a[@class="btn btn-default btn-xs"]'.</msg>
<arg>${pharmacy_view_details}</arg>
<doc>Clicks a link identified by ``locator``.</doc>
<status status="PASS" start="2024-05-28T14:28:42.527875" elapsed="0.084956"/>
</kw>
<status status="PASS" start="2024-05-28T14:28:42.483744" elapsed="0.129087"/>
</kw>
<kw name="Verify the successfull view of the bill details" owner="UserResources">
<kw name="Wait Until Element Is Visible" owner="SeleniumLibrary">
<arg>${view_detail_assert}</arg>
<doc>Waits until the element ``locator`` is visible.</doc>
<status status="PASS" start="2024-05-28T14:28:42.614969" elapsed="0.245828"/>
</kw>
<kw name="Element Text Should Be" owner="SeleniumLibrary">
<msg time="2024-05-28T14:28:42.861835" level="INFO">Verifying element 'xpath://h5[text()='Bill No : PHARMAB307']' contains exact text 'Bill No : PHARMAB307'.</msg>
<arg>${view_detail_assert}</arg>
<arg>Bill No : PHARMAB307</arg>
<doc>Verifies that element ``locator`` contains exact the text ``expected``.</doc>
<status status="PASS" start="2024-05-28T14:28:42.861835" elapsed="0.031158"/>
</kw>
<status status="PASS" start="2024-05-28T14:28:42.613975" elapsed="0.279018"/>
</kw>
<kw name="Close the browser" owner="GenericResources" type="TEARDOWN">
<kw name="Close Browser" owner="SeleniumLibrary">
<doc>Closes the current browser.</doc>
<status status="PASS" start="2024-05-28T14:28:42.895060" elapsed="2.340310"/>
</kw>
<status status="PASS" start="2024-05-28T14:28:42.894071" elapsed="2.341299"/>
</kw>
<status status="PASS" start="2024-05-28T14:28:26.619187" elapsed="18.617193"/>
</test>
<doc>Test case for the valid view bill details</doc>
<status status="PASS" start="2024-05-28T14:28:26.597600" elapsed="18.640764"/>
</suite>
<status status="FAIL" start="2024-05-28T14:23:48.822931" elapsed="296.418423"/>
</suite>
<statistics>
<total>
<stat pass="15" fail="2" skip="0">All Tests</stat>
</total>
<tag>
<stat pass="2" fail="0" skip="0">smoke</stat>
</tag>
<suite>
<stat pass="15" fail="2" skip="0" id="s1" name="TestCases">TestCases</stat>
<stat pass="1" fail="0" skip="0" id="s1-s1" name="Test Invalid Addnewpatient">TestCases.Test Invalid Addnewpatient</stat>
<stat pass="1" fail="0" skip="0" id="s1-s2" name="Test Invalid Billsearch">TestCases.Test Invalid Billsearch</stat>
<stat pass="5" fail="0" skip="0" id="s1-s3" name="Test Invalid Doctorlogin">TestCases.Test Invalid Doctorlogin</stat>
<stat pass="1" fail="0" skip="0" id="s1-s4" name="Test Invalid Update Bedstatus">TestCases.Test Invalid Update Bedstatus</stat>
<stat pass="0" fail="1" skip="0" id="s1-s5" name="Test Invalid Viewbillsearch">TestCases.Test Invalid Viewbillsearch</stat>
<stat pass="1" fail="0" skip="0" id="s1-s6" name="Test Valid Addnewpatient">TestCases.Test Valid Addnewpatient</stat>
<stat pass="1" fail="0" skip="0" id="s1-s7" name="Test Valid Billsearch">TestCases.Test Valid Billsearch</stat>
<stat pass="2" fail="0" skip="0" id="s1-s8" name="Test Valid Doctorlogin">TestCases.Test Valid Doctorlogin</stat>
<stat pass="0" fail="1" skip="0" id="s1-s9" name="Test Valid NotificationDelete">TestCases.Test Valid NotificationDelete</stat>
<stat pass="1" fail="0" skip="0" id="s1-s10" name="Test Valid Update Bedstatus">TestCases.Test Valid Update Bedstatus</stat>
<stat pass="1" fail="0" skip="0" id="s1-s11" name="Test Valid Userlogin">TestCases.Test Valid Userlogin</stat>
<stat pass="1" fail="0" skip="0" id="s1-s12" name="Test Valid Viewbilldetails">TestCases.Test Valid Viewbilldetails</stat>
</suite>
</statistics>
<errors>
</errors>
</robot>
