<?xml version="1.0" encoding="UTF-8"?>
<robot generator="Robot 7.0 (Python 3.11.0 on win32)" generated="2024-05-28T17:27:13.955659" rpa="false" schemaversion="5">
<suite id="s1" name="Smart Hospital" source="C:\Users\KARTHIPRIYA R\OneDrive\Desktop\SmartHospital\Smart_Hospital">
<suite id="s1-s1" name="TestCases" source="C:\Users\KARTHIPRIYA R\OneDrive\Desktop\SmartHospital\Smart_Hospital\TestCases">
<suite id="s1-s1-s1" name="Test Invalid Doctorlogin" source="C:\Users\KARTHIPRIYA R\OneDrive\Desktop\SmartHospital\Smart_Hospital\TestCases\Test_Invalid_Doctorlogin.robot">
<test id="s1-s1-s1-t1" name="Unsucessfull doctor login using invalid login credentials" line="12">
<kw name="Open the browser with url" owner="GenericResources" type="SETUP">
<kw name="Create Webdriver" owner="SeleniumLibrary">
<msg time="2024-05-28T17:27:14.439235" level="INFO">Creating an instance of the Chrome WebDriver.</msg>
<arg>Chrome</arg>
<doc>Creates an instance of Selenium WebDriver.</doc>
<status status="PASS" start="2024-05-28T17:27:14.438332" elapsed="4.287288"/>
</kw>
<kw name="Go To" owner="SeleniumLibrary">
<msg time="2024-05-28T17:27:18.726614" level="INFO">Opening url 'https://demo.smart-hospital.in/'</msg>
<arg>${url}</arg>
<doc>Navigates the current browser window to the provided ``url``.</doc>
<status status="PASS" start="2024-05-28T17:27:18.726117" elapsed="0.617141"/>
</kw>
<kw name="Maximize Browser Window" owner="SeleniumLibrary">
<doc>Maximizes current browser window.</doc>
<status status="PASS" start="2024-05-28T17:27:19.343755" elapsed="3.532900"/>
</kw>
<kw name="Set Selenium Implicit Wait" owner="SeleniumLibrary">
<arg>5</arg>
<doc>Sets the implicit wait value used by Selenium.</doc>
<status status="PASS" start="2024-05-28T17:27:22.877151" elapsed="0.015053"/>
</kw>
<status status="PASS" start="2024-05-28T17:27:14.437332" elapsed="8.455369"/>
</kw>
<kw name="Click the login in button" owner="GenericResources">
<kw name="Click Element" owner="SeleniumLibrary">
<msg time="2024-05-28T17:27:22.895706" level="INFO">Clicking element '//i[@class="fa fa-user"]//parent::a'.</msg>
<arg>${login_button}</arg>
<doc>Click the element identified by ``locator``.</doc>
<status status="PASS" start="2024-05-28T17:27:22.894712" elapsed="2.051775"/>
</kw>
<status status="PASS" start="2024-05-28T17:27:22.893197" elapsed="2.053290"/>
</kw>
<kw name="Fill the login form with login credentials for doctor" owner="LoginResources">
<kw name="Click Link" owner="SeleniumLibrary">
<msg time="2024-05-28T17:27:24.953304" level="INFO">Clicking link 'xpath://i[@class="fa fa-user"]//parent::a'.</msg>
<arg>${admin_login_button}</arg>
<doc>Clicks a link identified by ``locator``.</doc>
<status status="PASS" start="2024-05-28T17:27:24.947493" elapsed="0.592825"/>
</kw>
<kw name="Switch Window" owner="SeleniumLibrary">
<arg>new</arg>
<doc>Switches to browser window matching ``locator``.</doc>
<status status="PASS" start="2024-05-28T17:27:25.540814" elapsed="0.085622"/>
</kw>
<kw name="Input Text" owner="SeleniumLibrary">
<msg time="2024-05-28T17:27:25.627429" level="INFO">Typing text 'sonia@gmail.com' into text field 'css:input[name='username']'.</msg>
<arg>${username_field}</arg>
<arg>${username}</arg>
<doc>Types the given ``text`` into the text field identified by ``locator``.</doc>
<status status="PASS" start="2024-05-28T17:27:25.626436" elapsed="2.112795"/>
</kw>
<kw name="Input Password" owner="SeleniumLibrary">
<msg time="2024-05-28T17:27:27.740722" level="INFO">Typing password into text field 'css:input[name='password']'.</msg>
<msg time="2024-05-28T17:27:27.822734" level="INFO">Temporally setting log level to: NONE</msg>
<arg>${password_field}</arg>
<arg>${password}</arg>
<doc>Types the given password into the text field identified by ``locator``.</doc>
<status status="PASS" start="2024-05-28T17:27:27.739729" elapsed="0.199509"/>
</kw>
<kw name="Click Button" owner="SeleniumLibrary">
<msg time="2024-05-28T17:27:27.940728" level="INFO">Clicking button 'css:button[class='btn']'.</msg>
<arg>${signin_button}</arg>
<doc>Clicks the button identified by ``locator``.</doc>
<status status="PASS" start="2024-05-28T17:27:27.939735" elapsed="0.822995"/>
</kw>
<arg>${doctor_valid_username}</arg>
<arg>${doctor_invalid_password}</arg>
<status status="PASS" start="2024-05-28T17:27:24.947493" elapsed="3.815734"/>
</kw>
<kw name="Verify the unsucessfull login with invalid credentials" owner="LoginResources">
<kw name="Element Text Should Be" owner="SeleniumLibrary">
<msg time="2024-05-28T17:27:28.764220" level="INFO">Verifying element 'css:div[class="alert alert-danger"]' contains exact text 'Invalid Username or Password'.</msg>
<arg>${invalid_credentials_message}</arg>
<arg>Invalid Username or Password</arg>
<doc>Verifies that element ``locator`` contains exact the text ``expected``.</doc>
<status status="PASS" start="2024-05-28T17:27:28.763724" elapsed="0.042107"/>
</kw>
<status status="PASS" start="2024-05-28T17:27:28.763227" elapsed="0.043102"/>
</kw>
<kw name="Close the browser" owner="GenericResources" type="TEARDOWN">
<kw name="Close Browser" owner="SeleniumLibrary">
<doc>Closes the current browser.</doc>
<status status="PASS" start="2024-05-28T17:27:28.806329" elapsed="2.328045"/>
</kw>
<status status="PASS" start="2024-05-28T17:27:28.806329" elapsed="2.329040"/>
</kw>
<status status="PASS" start="2024-05-28T17:27:14.434456" elapsed="16.700913"/>
</test>
<test id="s1-s1-s1-t2" name="Unsucessfull doctor login by clicking invalid user role" line="17">
<kw name="Open the browser with url" owner="GenericResources" type="SETUP">
<kw name="Create Webdriver" owner="SeleniumLibrary">
<msg time="2024-05-28T17:27:31.138629" level="INFO">Creating an instance of the Chrome WebDriver.</msg>
<arg>Chrome</arg>
<doc>Creates an instance of Selenium WebDriver.</doc>
<status status="PASS" start="2024-05-28T17:27:31.137851" elapsed="3.620208"/>
</kw>
<kw name="Go To" owner="SeleniumLibrary">
<msg time="2024-05-28T17:27:34.759143" level="INFO">Opening url 'https://demo.smart-hospital.in/'</msg>
<arg>${url}</arg>
<doc>Navigates the current browser window to the provided ``url``.</doc>
<status status="PASS" start="2024-05-28T17:27:34.758646" elapsed="0.602059"/>
</kw>
<kw name="Maximize Browser Window" owner="SeleniumLibrary">
<doc>Maximizes current browser window.</doc>
<status status="PASS" start="2024-05-28T17:27:35.361202" elapsed="2.210670"/>
</kw>
<kw name="Set Selenium Implicit Wait" owner="SeleniumLibrary">
<arg>5</arg>
<doc>Sets the implicit wait value used by Selenium.</doc>
<status status="PASS" start="2024-05-28T17:27:37.572369" elapsed="0.003085"/>
</kw>
<status status="PASS" start="2024-05-28T17:27:31.137354" elapsed="6.438596"/>
</kw>
<kw name="Click the login in button" owner="GenericResources">
<kw name="Click Element" owner="SeleniumLibrary">
<msg time="2024-05-28T17:27:37.577937" level="INFO">Clicking element '//i[@class="fa fa-user"]//parent::a'.</msg>
<arg>${login_button}</arg>
<doc>Click the element identified by ``locator``.</doc>
<status status="PASS" start="2024-05-28T17:27:37.576944" elapsed="1.647034"/>
</kw>
<status status="PASS" start="2024-05-28T17:27:37.576447" elapsed="1.647531"/>
</kw>
<kw name="Fill the unsuccessfull login form by clicking the doctor role" owner="LoginResources">
<kw name="Click Link" owner="SeleniumLibrary">
<msg time="2024-05-28T17:27:39.225974" level="INFO">Clicking link 'xpath://i[@class="fa fa-user"]//parent::a'.</msg>
<arg>${admin_login_button}</arg>
<doc>Clicks a link identified by ``locator``.</doc>
<status status="PASS" start="2024-05-28T17:27:39.224971" elapsed="0.514240"/>
</kw>
<kw name="Switch Window" owner="SeleniumLibrary">
<arg>new</arg>
<doc>Switches to browser window matching ``locator``.</doc>
<status status="PASS" start="2024-05-28T17:27:39.739211" elapsed="0.020713"/>
</kw>
<kw name="Click Link" owner="SeleniumLibrary">
<msg time="2024-05-28T17:27:39.760421" level="INFO">Clicking link 'xpath://a[text()='Pharmacist']'.</msg>
<arg>${invalid_doctor_button}</arg>
<doc>Clicks a link identified by ``locator``.</doc>
<status status="PASS" start="2024-05-28T17:27:39.759924" elapsed="1.083539"/>
</kw>
<kw name="Click Button" owner="SeleniumLibrary">
<msg time="2024-05-28T17:27:40.843463" level="INFO">Clicking button 'css:button[class='btn']'.</msg>
<arg>${signin_button}</arg>
<doc>Clicks the button identified by ``locator``.</doc>
<status status="PASS" start="2024-05-28T17:27:40.843463" elapsed="4.135453"/>
</kw>
<status status="PASS" start="2024-05-28T17:27:39.224475" elapsed="5.754441"/>
</kw>
<kw name="Verify the unsuccessfull login with valid credentials for doctor" owner="LoginResources">
<kw name="Click Link" owner="SeleniumLibrary">
<msg time="2024-05-28T17:27:44.979921" level="INFO">Clicking link 'css:a[class="dropdown-toggle"]'.</msg>
<arg>${pofile_icon}</arg>
<doc>Clicks a link identified by ``locator``.</doc>
<status status="PASS" start="2024-05-28T17:27:44.978916" elapsed="0.166437"/>
</kw>
<kw name="Element Text Should Not Be" owner="SeleniumLibrary">
<msg time="2024-05-28T17:27:45.146662" level="INFO">Verifying element 'css:div[class="sstopuser-test"] h5' does not contain exact text 'Doctor'.</msg>
<arg>${profile_name}</arg>
<arg>Doctor</arg>
<doc>Verifies that element ``locator`` does not contain exact the text ``not_expected``.</doc>
<status status="PASS" start="2024-05-28T17:27:45.145953" elapsed="0.076445"/>
</kw>
<status status="PASS" start="2024-05-28T17:27:44.978916" elapsed="0.243903"/>
</kw>
<kw name="Close the browser" owner="GenericResources" type="TEARDOWN">
<kw name="Close Browser" owner="SeleniumLibrary">
<doc>Closes the current browser.</doc>
<status status="PASS" start="2024-05-28T17:27:45.224128" elapsed="4.960972"/>
</kw>
<status status="PASS" start="2024-05-28T17:27:45.223207" elapsed="4.962186"/>
</kw>
<status status="PASS" start="2024-05-28T17:27:31.136361" elapsed="19.049032"/>
</test>
<test id="s1-s1-s1-t3" name="Unsucessfull doctor login with blank username and password" line="22">
<kw name="Open the browser with url" owner="GenericResources" type="SETUP">
<kw name="Create Webdriver" owner="SeleniumLibrary">
<msg time="2024-05-28T17:27:50.188869" level="INFO">Creating an instance of the Chrome WebDriver.</msg>
<arg>Chrome</arg>
<doc>Creates an instance of Selenium WebDriver.</doc>
<status status="PASS" start="2024-05-28T17:27:50.188372" elapsed="2.525980"/>
</kw>
<kw name="Go To" owner="SeleniumLibrary">
<msg time="2024-05-28T17:27:52.716034" level="INFO">Opening url 'https://demo.smart-hospital.in/'</msg>
<arg>${url}</arg>
<doc>Navigates the current browser window to the provided ``url``.</doc>
<status status="PASS" start="2024-05-28T17:27:52.715346" elapsed="2.425431"/>
</kw>
<kw name="Maximize Browser Window" owner="SeleniumLibrary">
<doc>Maximizes current browser window.</doc>
<status status="PASS" start="2024-05-28T17:27:55.140777" elapsed="0.040352"/>
</kw>
<kw name="Set Selenium Implicit Wait" owner="SeleniumLibrary">
<arg>5</arg>
<doc>Sets the implicit wait value used by Selenium.</doc>
<status status="PASS" start="2024-05-28T17:27:55.181376" elapsed="0.003190"/>
</kw>
<status status="PASS" start="2024-05-28T17:27:50.187379" elapsed="4.998633"/>
</kw>
<kw name="Click the login in button" owner="GenericResources">
<kw name="Click Element" owner="SeleniumLibrary">
<msg time="2024-05-28T17:27:55.187467" level="INFO">Clicking element '//i[@class="fa fa-user"]//parent::a'.</msg>
<arg>${login_button}</arg>
<doc>Click the element identified by ``locator``.</doc>
<status status="PASS" start="2024-05-28T17:27:55.187467" elapsed="1.585068"/>
</kw>
<status status="PASS" start="2024-05-28T17:27:55.186408" elapsed="1.586127"/>
</kw>
<kw name="Click the admin login button" owner="LoginResources">
<kw name="Click Link" owner="SeleniumLibrary">
<msg time="2024-05-28T17:27:56.774702" level="INFO">Clicking link 'xpath://i[@class="fa fa-user"]//parent::a'.</msg>
<arg>${admin_login_button}</arg>
<doc>Clicks a link identified by ``locator``.</doc>
<status status="PASS" start="2024-05-28T17:27:56.773711" elapsed="0.464074"/>
</kw>
<kw name="Switch Window" owner="SeleniumLibrary">
<arg>new</arg>
<doc>Switches to browser window matching ``locator``.</doc>
<status status="PASS" start="2024-05-28T17:27:57.238281" elapsed="0.025665"/>
</kw>
<status status="PASS" start="2024-05-28T17:27:56.773711" elapsed="0.490235"/>
</kw>
<kw name="Click the signin button" owner="LoginResources">
<kw name="Click Button" owner="SeleniumLibrary">
<msg time="2024-05-28T17:27:57.265949" level="INFO">Clicking button 'css:button[class='btn']'.</msg>
<arg>${signin_button}</arg>
<doc>Clicks the button identified by ``locator``.</doc>
<status status="PASS" start="2024-05-28T17:27:57.265453" elapsed="1.395627"/>
</kw>
<status status="PASS" start="2024-05-28T17:27:57.264460" elapsed="1.397686"/>
</kw>
<kw name="Verify the unsuccessfull login with blank credentials" owner="LoginResources">
<kw name="Element Text Should Be" owner="SeleniumLibrary">
<msg time="2024-05-28T17:27:58.662146" level="INFO">Verifying element 'css:input[name='username']+span&gt;p' contains exact text 'The Username field is required.'.</msg>
<arg>${required_username_message}</arg>
<arg>The Username field is required.</arg>
<doc>Verifies that element ``locator`` contains exact the text ``expected``.</doc>
<status status="PASS" start="2024-05-28T17:27:58.662146" elapsed="0.038746"/>
</kw>
<kw name="Element Text Should Be" owner="SeleniumLibrary">
<msg time="2024-05-28T17:27:58.701689" level="INFO">Verifying element 'css:input[name='password']+span&gt;p' contains exact text 'The Password field is required.'.</msg>
<arg>${required_password_message}</arg>
<arg>The Password field is required.</arg>
<doc>Verifies that element ``locator`` contains exact the text ``expected``.</doc>
<status status="PASS" start="2024-05-28T17:27:58.701689" elapsed="0.026098"/>
</kw>
<status status="PASS" start="2024-05-28T17:27:58.662146" elapsed="0.065641"/>
</kw>
<kw name="Close the browser" owner="GenericResources" type="TEARDOWN">
<kw name="Close Browser" owner="SeleniumLibrary">
<doc>Closes the current browser.</doc>
<status status="PASS" start="2024-05-28T17:27:58.728788" elapsed="2.270490"/>
</kw>
<status status="PASS" start="2024-05-28T17:27:58.728788" elapsed="2.270938"/>
</kw>
<status status="PASS" start="2024-05-28T17:27:50.186385" elapsed="10.813341"/>
</test>
<test id="s1-s1-s1-t4" name="Unsucessfull doctor login with blank username" line="28">
<kw name="Open the browser with url" owner="GenericResources" type="SETUP">
<kw name="Create Webdriver" owner="SeleniumLibrary">
<msg time="2024-05-28T17:28:01.002544" level="INFO">Creating an instance of the Chrome WebDriver.</msg>
<arg>Chrome</arg>
<doc>Creates an instance of Selenium WebDriver.</doc>
<status status="PASS" start="2024-05-28T17:28:01.001577" elapsed="1.552546"/>
</kw>
<kw name="Go To" owner="SeleniumLibrary">
<msg time="2024-05-28T17:28:02.554123" level="INFO">Opening url 'https://demo.smart-hospital.in/'</msg>
<arg>${url}</arg>
<doc>Navigates the current browser window to the provided ``url``.</doc>
<status status="PASS" start="2024-05-28T17:28:02.554123" elapsed="2.770489"/>
</kw>
<kw name="Maximize Browser Window" owner="SeleniumLibrary">
<doc>Maximizes current browser window.</doc>
<status status="PASS" start="2024-05-28T17:28:05.324612" elapsed="0.036434"/>
</kw>
<kw name="Set Selenium Implicit Wait" owner="SeleniumLibrary">
<arg>5</arg>
<doc>Sets the implicit wait value used by Selenium.</doc>
<status status="PASS" start="2024-05-28T17:28:05.361046" elapsed="0.002004"/>
</kw>
<status status="PASS" start="2024-05-28T17:28:01.001577" elapsed="4.361473"/>
</kw>
<kw name="Click the login in button" owner="GenericResources">
<kw name="Click Element" owner="SeleniumLibrary">
<msg time="2024-05-28T17:28:05.364386" level="INFO">Clicking element '//i[@class="fa fa-user"]//parent::a'.</msg>
<arg>${login_button}</arg>
<doc>Click the element identified by ``locator``.</doc>
<status status="PASS" start="2024-05-28T17:28:05.364047" elapsed="1.819946"/>
</kw>
<status status="PASS" start="2024-05-28T17:28:05.363050" elapsed="1.821934"/>
</kw>
<kw name="Fill the login form with login credentials for doctor" owner="LoginResources">
<kw name="Click Link" owner="SeleniumLibrary">
<msg time="2024-05-28T17:28:07.186499" level="INFO">Clicking link 'xpath://i[@class="fa fa-user"]//parent::a'.</msg>
<arg>${admin_login_button}</arg>
<doc>Clicks a link identified by ``locator``.</doc>
<status status="PASS" start="2024-05-28T17:28:07.185469" elapsed="0.513051"/>
</kw>
<kw name="Switch Window" owner="SeleniumLibrary">
<arg>new</arg>
<doc>Switches to browser window matching ``locator``.</doc>
<status status="PASS" start="2024-05-28T17:28:07.699016" elapsed="0.014229"/>
</kw>
<kw name="Input Text" owner="SeleniumLibrary">
<msg time="2024-05-28T17:28:07.714287" level="INFO">Typing text '' into text field 'css:input[name='username']'.</msg>
<arg>${username_field}</arg>
<arg>${username}</arg>
<doc>Types the given ``text`` into the text field identified by ``locator``.</doc>
<status status="PASS" start="2024-05-28T17:28:07.713245" elapsed="1.277042"/>
</kw>
<kw name="Input Password" owner="SeleniumLibrary">
<msg time="2024-05-28T17:28:08.991269" level="INFO">Typing password into text field 'css:input[name='password']'.</msg>
<msg time="2024-05-28T17:28:09.056410" level="INFO">Temporally setting log level to: NONE</msg>
<arg>${password_field}</arg>
<arg>${password}</arg>
<doc>Types the given password into the text field identified by ``locator``.</doc>
<status status="PASS" start="2024-05-28T17:28:08.990287" elapsed="0.164514"/>
</kw>
<kw name="Click Button" owner="SeleniumLibrary">
<msg time="2024-05-28T17:28:09.155800" level="INFO">Clicking button 'css:button[class='btn']'.</msg>
<arg>${signin_button}</arg>
<doc>Clicks the button identified by ``locator``.</doc>
<status status="PASS" start="2024-05-28T17:28:09.154801" elapsed="0.571359"/>
</kw>
<arg>username=</arg>
<arg>password="sdfghj"</arg>
<status status="PASS" start="2024-05-28T17:28:07.185331" elapsed="2.541826"/>
</kw>
<kw name="Verify the unsucessfull login with the blank username" owner="LoginResources">
<kw name="Element Text Should Be" owner="SeleniumLibrary">
<msg time="2024-05-28T17:28:09.728153" level="INFO">Verifying element 'css:input[name='username']+span&gt;p' contains exact text 'The Username field is required.'.</msg>
<arg>${required_username_message}</arg>
<arg>The Username field is required.</arg>
<doc>Verifies that element ``locator`` contains exact the text ``expected``.</doc>
<status status="PASS" start="2024-05-28T17:28:09.728153" elapsed="0.036550"/>
</kw>
<status status="PASS" start="2024-05-28T17:28:09.727157" elapsed="0.037546"/>
</kw>
<kw name="Close the browser" owner="GenericResources" type="TEARDOWN">
<kw name="Close Browser" owner="SeleniumLibrary">
<doc>Closes the current browser.</doc>
<status status="PASS" start="2024-05-28T17:28:09.766866" elapsed="2.264458"/>
</kw>
<status status="PASS" start="2024-05-28T17:28:09.766866" elapsed="2.264458"/>
</kw>
<status status="PASS" start="2024-05-28T17:28:01.000523" elapsed="11.031318"/>
</test>
<test id="s1-s1-s1-t5" name="Unsucessfull doctor login with the blank password" line="33">
<kw name="Open the browser with url" owner="GenericResources" type="SETUP">
<kw name="Create Webdriver" owner="SeleniumLibrary">
<msg time="2024-05-28T17:28:12.034769" level="INFO">Creating an instance of the Chrome WebDriver.</msg>
<arg>Chrome</arg>
<doc>Creates an instance of Selenium WebDriver.</doc>
<status status="PASS" start="2024-05-28T17:28:12.034769" elapsed="1.649817"/>
</kw>
<kw name="Go To" owner="SeleniumLibrary">
<msg time="2024-05-28T17:28:13.685582" level="INFO">Opening url 'https://demo.smart-hospital.in/'</msg>
<arg>${url}</arg>
<doc>Navigates the current browser window to the provided ``url``.</doc>
<status status="PASS" start="2024-05-28T17:28:13.684586" elapsed="2.595717"/>
</kw>
<kw name="Maximize Browser Window" owner="SeleniumLibrary">
<doc>Maximizes current browser window.</doc>
<status status="PASS" start="2024-05-28T17:28:16.280799" elapsed="0.024968"/>
</kw>
<kw name="Set Selenium Implicit Wait" owner="SeleniumLibrary">
<arg>5</arg>
<doc>Sets the implicit wait value used by Selenium.</doc>
<status status="PASS" start="2024-05-28T17:28:16.306264" elapsed="0.001007"/>
</kw>
<status status="PASS" start="2024-05-28T17:28:12.033762" elapsed="4.273509"/>
</kw>
<kw name="Click the login in button" owner="GenericResources">
<kw name="Click Element" owner="SeleniumLibrary">
<msg time="2024-05-28T17:28:16.309036" level="INFO">Clicking element '//i[@class="fa fa-user"]//parent::a'.</msg>
<arg>${login_button}</arg>
<doc>Click the element identified by ``locator``.</doc>
<status status="PASS" start="2024-05-28T17:28:16.308678" elapsed="1.785600"/>
</kw>
<status status="PASS" start="2024-05-28T17:28:16.308267" elapsed="1.786011"/>
</kw>
<kw name="Fill the login form with login credentials for doctor" owner="LoginResources">
<kw name="Click Link" owner="SeleniumLibrary">
<msg time="2024-05-28T17:28:18.095479" level="INFO">Clicking link 'xpath://i[@class="fa fa-user"]//parent::a'.</msg>
<arg>${admin_login_button}</arg>
<doc>Clicks a link identified by ``locator``.</doc>
<status status="PASS" start="2024-05-28T17:28:18.095479" elapsed="0.526203"/>
</kw>
<kw name="Switch Window" owner="SeleniumLibrary">
<arg>new</arg>
<doc>Switches to browser window matching ``locator``.</doc>
<status status="PASS" start="2024-05-28T17:28:18.622179" elapsed="0.016517"/>
</kw>
<kw name="Input Text" owner="SeleniumLibrary">
<msg time="2024-05-28T17:28:18.638696" level="INFO">Typing text '"sonia@gmail.com"' into text field 'css:input[name='username']'.</msg>
<arg>${username_field}</arg>
<arg>${username}</arg>
<doc>Types the given ``text`` into the text field identified by ``locator``.</doc>
<status status="PASS" start="2024-05-28T17:28:18.638696" elapsed="0.791638"/>
</kw>
<kw name="Input Password" owner="SeleniumLibrary">
<msg time="2024-05-28T17:28:19.431625" level="INFO">Typing password into text field 'css:input[name='password']'.</msg>
<msg time="2024-05-28T17:28:19.487450" level="INFO">Temporally setting log level to: NONE</msg>
<arg>${password_field}</arg>
<arg>${password}</arg>
<doc>Types the given password into the text field identified by ``locator``.</doc>
<status status="PASS" start="2024-05-28T17:28:19.431329" elapsed="0.123395"/>
</kw>
<kw name="Click Button" owner="SeleniumLibrary">
<msg time="2024-05-28T17:28:19.554724" level="INFO">Clicking button 'css:button[class='btn']'.</msg>
<arg>${signin_button}</arg>
<doc>Clicks the button identified by ``locator``.</doc>
<status status="PASS" start="2024-05-28T17:28:19.554724" elapsed="0.590811"/>
</kw>
<arg>username="sonia@gmail.com"</arg>
<arg>password=</arg>
<status status="PASS" start="2024-05-28T17:28:18.094278" elapsed="2.051257"/>
</kw>
<kw name="Verify the unsucessfull login with the blank password" owner="LoginResources">
<kw name="Element Text Should Be" owner="SeleniumLibrary">
<msg time="2024-05-28T17:28:20.147818" level="INFO">Verifying element 'css:input[name='password']+span&gt;p' contains exact text 'The Password field is required.'.</msg>
<arg>${required_password_message}</arg>
<arg>The Password field is required.</arg>
<doc>Verifies that element ``locator`` contains exact the text ``expected``.</doc>
<status status="PASS" start="2024-05-28T17:28:20.146538" elapsed="0.042198"/>
</kw>
<status status="PASS" start="2024-05-28T17:28:20.145535" elapsed="0.043201"/>
</kw>
<kw name="Close the browser" owner="GenericResources" type="TEARDOWN">
<kw name="Close Browser" owner="SeleniumLibrary">
<doc>Closes the current browser.</doc>
<status status="PASS" start="2024-05-28T17:28:20.188736" elapsed="2.259251"/>
</kw>
<status status="PASS" start="2024-05-28T17:28:20.188736" elapsed="2.259251"/>
</kw>
<status status="PASS" start="2024-05-28T17:28:12.033094" elapsed="10.414893"/>
</test>
<doc>Test case for the invalid doctor login</doc>
<status status="PASS" start="2024-05-28T17:27:14.015587" elapsed="68.433474"/>
</suite>
<status status="PASS" start="2024-05-28T17:27:14.012544" elapsed="68.438509"/>
</suite>
<status status="PASS" start="2024-05-28T17:27:13.972988" elapsed="68.478065"/>
</suite>
<statistics>
<total>
<stat pass="5" fail="0" skip="0">All Tests</stat>
</total>
<tag>
</tag>
<suite>
<stat pass="5" fail="0" skip="0" id="s1" name="Smart Hospital">Smart Hospital</stat>
<stat pass="5" fail="0" skip="0" id="s1-s1" name="TestCases">Smart Hospital.TestCases</stat>
<stat pass="5" fail="0" skip="0" id="s1-s1-s1" name="Test Invalid Doctorlogin">Smart Hospital.TestCases.Test Invalid Doctorlogin</stat>
</suite>
</statistics>
<errors>
</errors>
</robot>
