<?xml version="1.0" encoding="UTF-8"?>
<robot generator="Robot 7.0 (Python 3.11.0 on win32)" generated="2024-05-28T15:52:18.366392" rpa="false" schemaversion="5">
<suite id="s1" name="TestCases" source="C:\Users\KARTHIPRIYA R\OneDrive\Desktop\SmartHospital\TestCases">
<suite id="s1-s1" name="Test Valid Doctorlogin" source="C:\Users\KARTHIPRIYA R\OneDrive\Desktop\SmartHospital\TestCases\Test_Valid_Doctorlogin.robot">
<test id="s1-s1-t1" name="Successfull doctor login by clicking doctor login button" line="12">
<kw name="Open the browser with url" owner="GenericResources" type="SETUP">
<kw name="Create Webdriver" owner="SeleniumLibrary">
<msg time="2024-05-28T15:52:18.828303" level="INFO">Creating an instance of the Chrome WebDriver.</msg>
<arg>Chrome</arg>
<doc>Creates an instance of Selenium WebDriver.</doc>
<status status="PASS" start="2024-05-28T15:52:18.828071" elapsed="7.651221"/>
</kw>
<kw name="Go To" owner="SeleniumLibrary">
<msg time="2024-05-28T15:52:26.481391" level="INFO">Opening url 'https://demo.smart-hospital.in/'</msg>
<arg>${url}</arg>
<doc>Navigates the current browser window to the provided ``url``.</doc>
<status status="PASS" start="2024-05-28T15:52:26.480302" elapsed="7.019313"/>
</kw>
<kw name="Maximize Browser Window" owner="SeleniumLibrary">
<doc>Maximizes current browser window.</doc>
<status status="PASS" start="2024-05-28T15:52:33.500871" elapsed="0.965529"/>
</kw>
<kw name="Set Selenium Implicit Wait" owner="SeleniumLibrary">
<arg>5</arg>
<doc>Sets the implicit wait value used by Selenium.</doc>
<status status="PASS" start="2024-05-28T15:52:34.469303" elapsed="0.011905"/>
</kw>
<status status="PASS" start="2024-05-28T15:52:18.826748" elapsed="15.658791"/>
</kw>
<kw name="Click the login in button" owner="GenericResources">
<kw name="Click Element" owner="SeleniumLibrary">
<msg time="2024-05-28T15:52:34.493588" level="INFO">Clicking element '//i[@class="fa fa-user"]//parent::a'.</msg>
<arg>${login_button}</arg>
<doc>Click the element identified by ``locator``.</doc>
<status status="PASS" start="2024-05-28T15:52:34.491007" elapsed="8.499992"/>
</kw>
<status status="PASS" start="2024-05-28T15:52:34.487012" elapsed="8.503987"/>
</kw>
<kw name="Fill the successfull login form by clicking the doctor role" owner="LoginResources">
<kw name="Click Link" owner="SeleniumLibrary">
<msg time="2024-05-28T15:52:42.993379" level="INFO">Clicking link 'xpath://i[@class="fa fa-user"]//parent::a'.</msg>
<arg>${admin_login_button}</arg>
<doc>Clicks a link identified by ``locator``.</doc>
<status status="PASS" start="2024-05-28T15:52:42.992275" elapsed="1.318851"/>
</kw>
<kw name="Switch Window" owner="SeleniumLibrary">
<arg>new</arg>
<doc>Switches to browser window matching ``locator``.</doc>
<status status="PASS" start="2024-05-28T15:52:44.312628" elapsed="1.647522"/>
</kw>
<kw name="Click Link" owner="SeleniumLibrary">
<msg time="2024-05-28T15:52:45.971462" level="INFO">Clicking link 'xpath://a[text()='Doctor']'.</msg>
<arg>${valid_doctor_button}</arg>
<doc>Clicks a link identified by ``locator``.</doc>
<status status="PASS" start="2024-05-28T15:52:45.960973" elapsed="1.443811"/>
</kw>
<kw name="Click Button" owner="SeleniumLibrary">
<msg time="2024-05-28T15:52:47.406427" level="INFO">Clicking button 'css:button[class='btn']'.</msg>
<arg>${signin_button}</arg>
<doc>Clicks the button identified by ``locator``.</doc>
<status status="PASS" start="2024-05-28T15:52:47.405434" elapsed="8.399651"/>
</kw>
<status status="PASS" start="2024-05-28T15:52:42.991779" elapsed="12.813802"/>
</kw>
<kw name="Verify the successfull login with valid credentials for doctor" owner="LoginResources">
<kw name="Click Link" owner="SeleniumLibrary">
<msg time="2024-05-28T15:52:55.808680" level="INFO">Clicking link 'css:a[class="dropdown-toggle"]'.</msg>
<arg>${pofile_icon}</arg>
<doc>Clicks a link identified by ``locator``.</doc>
<status status="PASS" start="2024-05-28T15:52:55.807697" elapsed="2.082499"/>
</kw>
<kw name="Wait Until Element Is Enabled" owner="SeleniumLibrary">
<arg>${profile_name}</arg>
<doc>Waits until the element ``locator`` is enabled.</doc>
<status status="PASS" start="2024-05-28T15:52:57.891201" elapsed="2.192300"/>
</kw>
<kw name="Element Text Should Be" owner="SeleniumLibrary">
<msg time="2024-05-28T15:53:00.085372" level="INFO">Verifying element 'css:div[class="sstopuser-test"] h5' contains exact text 'Doctor'.</msg>
<arg>${profile_name}</arg>
<arg>Doctor</arg>
<doc>Verifies that element ``locator`` contains exact the text ``expected``.</doc>
<status status="PASS" start="2024-05-28T15:53:00.084505" elapsed="0.235936"/>
</kw>
<status status="PASS" start="2024-05-28T15:52:55.806613" elapsed="4.514820"/>
</kw>
<kw name="Close the browser" owner="GenericResources" type="TEARDOWN">
<kw name="Close Browser" owner="SeleniumLibrary">
<doc>Closes the current browser.</doc>
<status status="PASS" start="2024-05-28T15:53:00.323532" elapsed="12.669346"/>
</kw>
<status status="PASS" start="2024-05-28T15:53:00.322491" elapsed="12.670992"/>
</kw>
<status status="PASS" start="2024-05-28T15:52:18.825336" elapsed="54.168147"/>
</test>
<test id="s1-s1-t2" name="Successful patient login by the default login credentials" line="17">
<kw name="Open the browser with url" owner="GenericResources" type="SETUP">
<kw name="Create Webdriver" owner="SeleniumLibrary">
<msg time="2024-05-28T15:53:12.999114" level="INFO">Creating an instance of the Chrome WebDriver.</msg>
<arg>Chrome</arg>
<doc>Creates an instance of Selenium WebDriver.</doc>
<status status="PASS" start="2024-05-28T15:53:12.998618" elapsed="2.394313"/>
</kw>
<kw name="Go To" owner="SeleniumLibrary">
<msg time="2024-05-28T15:53:15.394881" level="INFO">Opening url 'https://demo.smart-hospital.in/'</msg>
<arg>${url}</arg>
<doc>Navigates the current browser window to the provided ``url``.</doc>
<status status="PASS" start="2024-05-28T15:53:15.394190" elapsed="2.492592"/>
</kw>
<kw name="Maximize Browser Window" owner="SeleniumLibrary">
<doc>Maximizes current browser window.</doc>
<status status="PASS" start="2024-05-28T15:53:17.887177" elapsed="0.054711"/>
</kw>
<kw name="Set Selenium Implicit Wait" owner="SeleniumLibrary">
<arg>5</arg>
<doc>Sets the implicit wait value used by Selenium.</doc>
<status status="PASS" start="2024-05-28T15:53:17.942141" elapsed="0.009696"/>
</kw>
<status status="PASS" start="2024-05-28T15:53:12.998121" elapsed="4.954602"/>
</kw>
<kw name="Click the login in button" owner="GenericResources">
<kw name="Click Element" owner="SeleniumLibrary">
<msg time="2024-05-28T15:53:17.955374" level="INFO">Clicking element '//i[@class="fa fa-user"]//parent::a'.</msg>
<arg>${login_button}</arg>
<doc>Click the element identified by ``locator``.</doc>
<status status="PASS" start="2024-05-28T15:53:17.954740" elapsed="1.699618"/>
</kw>
<status status="PASS" start="2024-05-28T15:53:17.953735" elapsed="1.700623"/>
</kw>
<kw name="Fill the login form by default credentials for user role" owner="LoginResources">
<kw name="Click Button" owner="SeleniumLibrary">
<msg time="2024-05-28T15:53:19.656735" level="INFO">Clicking button 'css:button[class='btn']'.</msg>
<arg>${signin_button}</arg>
<doc>Clicks the button identified by ``locator``.</doc>
<status status="PASS" start="2024-05-28T15:53:19.655741" elapsed="8.851748"/>
</kw>
<status status="PASS" start="2024-05-28T15:53:19.654961" elapsed="8.853047"/>
</kw>
<kw name="Verify the successfull login with valid credentials for user" owner="LoginResources">
<kw name="Click Link" owner="SeleniumLibrary">
<msg time="2024-05-28T15:53:28.512369" level="INFO">Clicking link 'css:a[class="dropdown-toggle"]'.</msg>
<arg>${pofile_icon}</arg>
<doc>Clicks a link identified by ``locator``.</doc>
<status status="PASS" start="2024-05-28T15:53:28.510710" elapsed="3.389392"/>
</kw>
<kw name="Wait Until Element Is Enabled" owner="SeleniumLibrary">
<arg>${profile_name}</arg>
<doc>Waits until the element ``locator`` is enabled.</doc>
<status status="PASS" start="2024-05-28T15:53:31.900598" elapsed="1.505835"/>
</kw>
<kw name="Element Text Should Be" owner="SeleniumLibrary">
<msg time="2024-05-28T15:53:33.408293" level="INFO">Verifying element 'css:div[class="sstopuser-test"] h5' contains exact text 'Patient'.</msg>
<arg>${profile_name}</arg>
<arg>Patient</arg>
<doc>Verifies that element ``locator`` contains exact the text ``expected``.</doc>
<status status="PASS" start="2024-05-28T15:53:33.407235" elapsed="0.260657"/>
</kw>
<status status="PASS" start="2024-05-28T15:53:28.508667" elapsed="5.159811"/>
</kw>
<kw name="Close the browser" owner="GenericResources" type="TEARDOWN">
<kw name="Close Browser" owner="SeleniumLibrary">
<doc>Closes the current browser.</doc>
<status status="PASS" start="2024-05-28T15:53:33.670839" elapsed="4.657452"/>
</kw>
<status status="PASS" start="2024-05-28T15:53:33.668974" elapsed="4.659814"/>
</kw>
<status status="PASS" start="2024-05-28T15:53:12.996135" elapsed="25.332653"/>
</test>
<doc>Test case for the valid doctor login</doc>
<status status="PASS" start="2024-05-28T15:52:18.432036" elapsed="79.899591"/>
</suite>
<status status="PASS" start="2024-05-28T15:52:18.399185" elapsed="79.934479"/>
</suite>
<statistics>
<total>
<stat pass="2" fail="0" skip="0">All Tests</stat>
</total>
<tag>
</tag>
<suite>
<stat pass="2" fail="0" skip="0" id="s1" name="TestCases">TestCases</stat>
<stat pass="2" fail="0" skip="0" id="s1-s1" name="Test Valid Doctorlogin">TestCases.Test Valid Doctorlogin</stat>
</suite>
</statistics>
<errors>
</errors>
</robot>
