<?xml version="1.0" encoding="UTF-8"?>
<robot generator="Robot 7.0 (Python 3.11.0 on win32)" generated="2024-05-28T15:52:18.357926" rpa="false" schemaversion="5">
<suite id="s1" name="TestCases" source="C:\Users\KARTHIPRIYA R\OneDrive\Desktop\SmartHospital\TestCases">
<suite id="s1-s1" name="Test Invalid Addnewpatient" source="C:\Users\KARTHIPRIYA R\OneDrive\Desktop\SmartHospital\TestCases\Test_Invalid_Addnewpatient.robot">
<test id="s1-s1-t1" name="addition of new patient" line="16">
<kw name="Open the browser with url" owner="GenericResources" type="SETUP">
<kw name="Create Webdriver" owner="SeleniumLibrary">
<msg time="2024-05-28T15:52:25.992525" level="INFO">Creating an instance of the Chrome WebDriver.</msg>
<arg>Chrome</arg>
<doc>Creates an instance of Selenium WebDriver.</doc>
<status status="PASS" start="2024-05-28T15:52:25.991350" elapsed="11.778165"/>
</kw>
<kw name="Go To" owner="SeleniumLibrary">
<msg time="2024-05-28T15:52:37.794003" level="INFO">Opening url 'https://demo.smart-hospital.in/'</msg>
<arg>${url}</arg>
<doc>Navigates the current browser window to the provided ``url``.</doc>
<status status="PASS" start="2024-05-28T15:52:37.770682" elapsed="5.234855"/>
</kw>
<kw name="Maximize Browser Window" owner="SeleniumLibrary">
<doc>Maximizes current browser window.</doc>
<status status="PASS" start="2024-05-28T15:52:43.006064" elapsed="0.478950"/>
</kw>
<kw name="Set Selenium Implicit Wait" owner="SeleniumLibrary">
<arg>5</arg>
<doc>Sets the implicit wait value used by Selenium.</doc>
<status status="PASS" start="2024-05-28T15:52:43.485916" elapsed="0.141735"/>
</kw>
<status status="PASS" start="2024-05-28T15:52:25.989356" elapsed="17.638295"/>
</kw>
<kw name="Unsuccessfull addition of new patient">
<kw name="Click the login in button" owner="GenericResources">
<kw name="Click Element" owner="SeleniumLibrary">
<msg time="2024-05-28T15:52:43.860211" level="INFO">Clicking element '//i[@class="fa fa-user"]//parent::a'.</msg>
<arg>${login_button}</arg>
<doc>Click the element identified by ``locator``.</doc>
<status status="PASS" start="2024-05-28T15:52:43.636655" elapsed="5.239219"/>
</kw>
<status status="PASS" start="2024-05-28T15:52:43.635166" elapsed="5.241204"/>
</kw>
<kw name="Fill the successfull login form by clicking the doctor role" owner="LoginResources">
<kw name="Click Link" owner="SeleniumLibrary">
<msg time="2024-05-28T15:52:48.881839" level="INFO">Clicking link 'xpath://i[@class="fa fa-user"]//parent::a'.</msg>
<arg>${admin_login_button}</arg>
<doc>Clicks a link identified by ``locator``.</doc>
<status status="PASS" start="2024-05-28T15:52:48.879417" elapsed="1.529805"/>
</kw>
<kw name="Switch Window" owner="SeleniumLibrary">
<arg>new</arg>
<doc>Switches to browser window matching ``locator``.</doc>
<status status="PASS" start="2024-05-28T15:52:50.417619" elapsed="0.425039"/>
</kw>
<kw name="Click Link" owner="SeleniumLibrary">
<msg time="2024-05-28T15:52:50.847089" level="INFO">Clicking link 'xpath://a[text()='Doctor']'.</msg>
<arg>${valid_doctor_button}</arg>
<doc>Clicks a link identified by ``locator``.</doc>
<status status="PASS" start="2024-05-28T15:52:50.844413" elapsed="1.645726"/>
</kw>
<kw name="Click Button" owner="SeleniumLibrary">
<msg time="2024-05-28T15:52:52.492431" level="INFO">Clicking button 'css:button[class='btn']'.</msg>
<arg>${signin_button}</arg>
<doc>Clicks the button identified by ``locator``.</doc>
<status status="PASS" start="2024-05-28T15:52:52.490634" elapsed="6.999778"/>
</kw>
<status status="PASS" start="2024-05-28T15:52:48.877313" elapsed="10.613562"/>
</kw>
<kw name="Verify the successfull login with valid credentials for doctor" owner="LoginResources">
<kw name="Click Link" owner="SeleniumLibrary">
<msg time="2024-05-28T15:52:59.493037" level="INFO">Clicking link 'css:a[class="dropdown-toggle"]'.</msg>
<arg>${pofile_icon}</arg>
<doc>Clicks a link identified by ``locator``.</doc>
<status status="PASS" start="2024-05-28T15:52:59.491994" elapsed="1.178244"/>
</kw>
<kw name="Wait Until Element Is Enabled" owner="SeleniumLibrary">
<arg>${profile_name}</arg>
<doc>Waits until the element ``locator`` is enabled.</doc>
<status status="PASS" start="2024-05-28T15:53:00.671235" elapsed="0.814192"/>
</kw>
<kw name="Element Text Should Be" owner="SeleniumLibrary">
<msg time="2024-05-28T15:53:01.487421" level="INFO">Verifying element 'css:div[class="sstopuser-test"] h5' contains exact text 'Doctor'.</msg>
<arg>${profile_name}</arg>
<arg>Doctor</arg>
<doc>Verifies that element ``locator`` contains exact the text ``expected``.</doc>
<status status="PASS" start="2024-05-28T15:53:01.486424" elapsed="0.139052"/>
</kw>
<status status="PASS" start="2024-05-28T15:52:59.491378" elapsed="2.134098"/>
</kw>
<kw name="Addition of new patient in the IPD inpatient with valid Credentials" owner="DoctorResources">
<kw name="Click Link" owner="SeleniumLibrary">
<msg time="2024-05-28T15:53:01.631458" level="INFO">Clicking link 'xpath://i[@class="fas fa-procedures"]//parent::a'.</msg>
<arg>${IPD_in_patient}</arg>
<doc>Clicks a link identified by ``locator``.</doc>
<status status="PASS" start="2024-05-28T15:53:01.629465" elapsed="4.653226"/>
</kw>
<kw name="Click Link" owner="SeleniumLibrary">
<msg time="2024-05-28T15:53:06.284181" level="INFO">Clicking link 'css:a[id="addp"]'.</msg>
<arg>${add_patient_button}</arg>
<doc>Clicks a link identified by ``locator``.</doc>
<status status="PASS" start="2024-05-28T15:53:06.283187" elapsed="0.925324"/>
</kw>
<kw name="Click Link" owner="SeleniumLibrary">
<msg time="2024-05-28T15:53:07.212700" level="INFO">Clicking link 'css:a[id="addpip"]'.</msg>
<arg>${new_patient_button}</arg>
<doc>Clicks a link identified by ``locator``.</doc>
<status status="PASS" start="2024-05-28T15:53:07.209524" elapsed="0.516003"/>
</kw>
<kw name="Input Text" owner="SeleniumLibrary">
<msg time="2024-05-28T15:53:07.727018" level="INFO">Typing text '' into text field 'css:input[id="name"]'.</msg>
<arg>${name_field}</arg>
<arg>${patient_name}</arg>
<doc>Types the given ``text`` into the text field identified by ``locator``.</doc>
<status status="PASS" start="2024-05-28T15:53:07.726024" elapsed="1.340574"/>
</kw>
<kw name="Input Text" owner="SeleniumLibrary">
<msg time="2024-05-28T15:53:09.068399" level="INFO">Typing text 'krish' into text field 'css:div[class="col-lg-6 col-md-6 col-sm-6"] input[name="guardian_name"]'.</msg>
<arg>${guardian_name_field}</arg>
<arg>${guardian_name}</arg>
<doc>Types the given ``text`` into the text field identified by ``locator``.</doc>
<status status="PASS" start="2024-05-28T15:53:09.067095" elapsed="0.294039"/>
</kw>
<kw name="Input Text" owner="SeleniumLibrary">
<msg time="2024-05-28T15:53:09.363445" level="INFO">Typing text '05/29/2002' into text field 'xpath://div[@class="col-sm-4"]//input[@name="dob"]'.</msg>
<arg>${dob_field}</arg>
<arg>${dob}</arg>
<doc>Types the given ``text`` into the text field identified by ``locator``.</doc>
<status status="PASS" start="2024-05-28T15:53:09.361134" elapsed="0.643831"/>
</kw>
<kw name="Input Text" owner="SeleniumLibrary">
<msg time="2024-05-28T15:53:10.008441" level="INFO">Typing text '9977554433' into text field 'css:input[id="number"]'.</msg>
<arg>${phone_number_field}</arg>
<arg>${phone_number}</arg>
<doc>Types the given ``text`` into the text field identified by ``locator``.</doc>
<status status="PASS" start="2024-05-28T15:53:10.005957" elapsed="0.264000"/>
</kw>
<kw name="Input Text" owner="SeleniumLibrary">
<msg time="2024-05-28T15:53:10.272600" level="INFO">Typing text 'praburam@gmail.com' into text field 'css:input[id="addformemail"]'.</msg>
<arg>${email_field}</arg>
<arg>${email}</arg>
<doc>Types the given ``text`` into the text field identified by ``locator``.</doc>
<status status="PASS" start="2024-05-28T15:53:10.270956" elapsed="0.404516"/>
</kw>
<kw name="Input Text" owner="SeleniumLibrary">
<msg time="2024-05-28T15:53:10.676819" level="INFO">Typing text 'kaveri avenu,amman nager,coimbatore-98' into text field 'css:input[name="address"]'.</msg>
<arg>${address_field}</arg>
<arg>${address}</arg>
<doc>Types the given ``text`` into the text field identified by ``locator``.</doc>
<status status="PASS" start="2024-05-28T15:53:10.676050" elapsed="0.382343"/>
</kw>
<kw name="Input Text" owner="SeleniumLibrary">
<msg time="2024-05-28T15:53:11.059882" level="INFO">Typing text 'voimiting' into text field 'css:div[class="col-lg-12 col-md-12 col-sm-12"] textarea[name="known_allergies"]'.</msg>
<arg>${known_allergies_field}</arg>
<arg>${known_allergies}</arg>
<doc>Types the given ``text`` into the text field identified by ``locator``.</doc>
<status status="PASS" start="2024-05-28T15:53:11.058889" elapsed="0.228903"/>
</kw>
<kw name="Input Text" owner="SeleniumLibrary">
<msg time="2024-05-28T15:53:11.289281" level="INFO">Typing text '1876548' into text field 'css:input[name="insurance_id"]'.</msg>
<arg>${TPA_ID_field}</arg>
<arg>${TPA_ID}</arg>
<doc>Types the given ``text`` into the text field identified by ``locator``.</doc>
<status status="PASS" start="2024-05-28T15:53:11.288287" elapsed="0.193420"/>
</kw>
<kw name="Input Text" owner="SeleniumLibrary">
<msg time="2024-05-28T15:53:11.483040" level="INFO">Typing text '2026-09-01 00:00:00' into text field 'css:input[name="validity"]'.</msg>
<arg>${TPA_validity_field}</arg>
<arg>${TPA_Validity}</arg>
<doc>Types the given ``text`` into the text field identified by ``locator``.</doc>
<status status="PASS" start="2024-05-28T15:53:11.482204" elapsed="0.379570"/>
</kw>
<kw name="Input Text" owner="SeleniumLibrary">
<msg time="2024-05-28T15:53:11.863120" level="INFO">Typing text '345678' into text field 'css:input[name="identification_number"]'.</msg>
<arg>${national_identity_number_field}</arg>
<arg>${ni_number}</arg>
<doc>Types the given ``text`` into the text field identified by ``locator``.</doc>
<status status="PASS" start="2024-05-28T15:53:11.862273" elapsed="0.160761"/>
</kw>
<kw name="Input Text" owner="SeleniumLibrary">
<msg time="2024-05-28T15:53:12.024172" level="INFO">Typing text '9876543456' into text field 'css:input[id="custom_fields[patient][3]"]'.</msg>
<arg>${alternate_number_field}</arg>
<arg>${alternate_number}</arg>
<doc>Types the given ``text`` into the text field identified by ``locator``.</doc>
<status status="PASS" start="2024-05-28T15:53:12.023531" elapsed="0.163514"/>
</kw>
<kw name="Click Button" owner="SeleniumLibrary">
<msg time="2024-05-28T15:53:12.187738" level="INFO">Clicking button 'css:button[id="formaddpabtn"]'.</msg>
<arg>${save_button}</arg>
<doc>Clicks the button identified by ``locator``.</doc>
<status status="PASS" start="2024-05-28T15:53:12.187242" elapsed="0.204151"/>
</kw>
<arg>${patient_name}</arg>
<arg>${guardian_name}</arg>
<arg>${dob}</arg>
<arg>${bloodgroup}</arg>
<arg>${marital_status}</arg>
<arg>${phone_number}</arg>
<arg>${email}</arg>
<arg>${address}</arg>
<arg>${known_allergies}</arg>
<arg>${TPA_ID}</arg>
<arg>${TPA_Validity}</arg>
<arg>${ni_number}</arg>
<arg>${alternate_number}</arg>
<status status="PASS" start="2024-05-28T15:53:01.627080" elapsed="10.765497"/>
</kw>
<kw name="Verify the unsuccessfull addition of new patient" owner="DoctorResources">
<kw name="Element Text Should Be" owner="SeleniumLibrary">
<msg time="2024-05-28T15:53:12.396742" level="INFO">Verifying element 'css:div[class='toast-message'] p' contains exact text 'The Name field is required.'.</msg>
<arg>${addnewpatient_invalidalert}</arg>
<arg>The Name field is required.</arg>
<doc>Verifies that element ``locator`` contains exact the text ``expected``.</doc>
<status status="PASS" start="2024-05-28T15:53:12.396014" elapsed="0.265808"/>
</kw>
<status status="PASS" start="2024-05-28T15:53:12.394165" elapsed="0.268235"/>
</kw>
<arg>patient_name=</arg>
<arg>guardian_name=krish</arg>
<arg>dob=05/29/2002</arg>
<arg>bloodgroup=O+</arg>
<arg>marital_status=Single</arg>
<arg>phone_number=9977554433</arg>
<arg>email=praburam@gmail.com</arg>
<arg>address=kaveri avenu,amman nager,coimbatore-98</arg>
<arg>known_allergies=voimiting</arg>
<arg>TPA_ID=1876548</arg>
<arg>TPA_Validity=2026-09-01 00:00:00</arg>
<arg>ni_number=345678</arg>
<arg>alternate_number=9876543456</arg>
<status status="PASS" start="2024-05-28T15:52:43.633118" elapsed="29.029282"/>
</kw>
<kw name="Close the browser" owner="GenericResources" type="TEARDOWN">
<kw name="Close Browser" owner="SeleniumLibrary">
<doc>Closes the current browser.</doc>
<status status="PASS" start="2024-05-28T15:53:12.666159" elapsed="2.474201"/>
</kw>
<status status="PASS" start="2024-05-28T15:53:12.664152" elapsed="2.476208"/>
</kw>
<status status="PASS" start="2024-05-28T15:52:25.977978" elapsed="49.162382"/>
</test>
<doc>Test case to add new patient in the patient list</doc>
<status status="PASS" start="2024-05-28T15:52:18.412922" elapsed="56.729258"/>
</suite>
<status status="PASS" start="2024-05-28T15:52:18.388966" elapsed="56.756296"/>
</suite>
<statistics>
<total>
<stat pass="1" fail="0" skip="0">All Tests</stat>
</total>
<tag>
</tag>
<suite>
<stat pass="1" fail="0" skip="0" id="s1" name="TestCases">TestCases</stat>
<stat pass="1" fail="0" skip="0" id="s1-s1" name="Test Invalid Addnewpatient">TestCases.Test Invalid Addnewpatient</stat>
</suite>
</statistics>
<errors>
</errors>
</robot>
