<?xml version="1.0" encoding="UTF-8"?>
<robot generator="Robot 7.0 (Python 3.11.0 on win32)" generated="2024-05-28T17:27:14.058336" rpa="false" schemaversion="5">
<suite id="s1" name="Smart Hospital" source="C:\Users\KARTHIPRIYA R\OneDrive\Desktop\SmartHospital\Smart_Hospital">
<suite id="s1-s1" name="TestCases" source="C:\Users\KARTHIPRIYA R\OneDrive\Desktop\SmartHospital\Smart_Hospital\TestCases">
<suite id="s1-s1-s1" name="Test Valid Billsearch" source="C:\Users\KARTHIPRIYA R\OneDrive\Desktop\SmartHospital\Smart_Hospital\TestCases\Test_Valid_Billsearch.robot">
<test id="s1-s1-s1-t1" name="Successfull search for a bill using bill number" line="11">
<kw name="Open the browser with url" owner="GenericResources" type="SETUP">
<kw name="Create Webdriver" owner="SeleniumLibrary">
<msg time="2024-05-28T17:27:14.562179" level="INFO">Creating an instance of the Chrome WebDriver.</msg>
<arg>Chrome</arg>
<doc>Creates an instance of Selenium WebDriver.</doc>
<status status="PASS" start="2024-05-28T17:27:14.561503" elapsed="4.613810"/>
</kw>
<kw name="Go To" owner="SeleniumLibrary">
<msg time="2024-05-28T17:27:19.176316" level="INFO">Opening url 'https://demo.smart-hospital.in/'</msg>
<arg>${url}</arg>
<doc>Navigates the current browser window to the provided ``url``.</doc>
<status status="PASS" start="2024-05-28T17:27:19.175810" elapsed="5.971340"/>
</kw>
<kw name="Maximize Browser Window" owner="SeleniumLibrary">
<doc>Maximizes current browser window.</doc>
<status status="PASS" start="2024-05-28T17:27:25.147645" elapsed="0.066999"/>
</kw>
<kw name="Set Selenium Implicit Wait" owner="SeleniumLibrary">
<arg>5</arg>
<doc>Sets the implicit wait value used by Selenium.</doc>
<status status="PASS" start="2024-05-28T17:27:25.216133" elapsed="0.004444"/>
</kw>
<status status="PASS" start="2024-05-28T17:27:14.560456" elapsed="10.660618"/>
</kw>
<kw name="Click the login in button" owner="GenericResources">
<kw name="Click Element" owner="SeleniumLibrary">
<msg time="2024-05-28T17:27:25.223336" level="INFO">Clicking element '//i[@class="fa fa-user"]//parent::a'.</msg>
<arg>${login_button}</arg>
<doc>Click the element identified by ``locator``.</doc>
<status status="PASS" start="2024-05-28T17:27:25.222067" elapsed="2.105212"/>
</kw>
<status status="PASS" start="2024-05-28T17:27:25.221570" elapsed="2.105709"/>
</kw>
<kw name="Fill the login form by default credentials for user role" owner="LoginResources">
<kw name="Click Button" owner="SeleniumLibrary">
<msg time="2024-05-28T17:27:27.329266" level="INFO">Clicking button 'css:button[class='btn']'.</msg>
<arg>${signin_button}</arg>
<doc>Clicks the button identified by ``locator``.</doc>
<status status="PASS" start="2024-05-28T17:27:27.328770" elapsed="4.134547"/>
</kw>
<status status="PASS" start="2024-05-28T17:27:27.327776" elapsed="4.135541"/>
</kw>
<kw name="Verify the successfull login with valid credentials for user" owner="LoginResources">
<kw name="Click Link" owner="SeleniumLibrary">
<msg time="2024-05-28T17:27:31.465801" level="INFO">Clicking link 'css:a[class="dropdown-toggle"]'.</msg>
<arg>${pofile_icon}</arg>
<doc>Clicks a link identified by ``locator``.</doc>
<status status="PASS" start="2024-05-28T17:27:31.465304" elapsed="0.316030"/>
</kw>
<kw name="Wait Until Element Is Enabled" owner="SeleniumLibrary">
<arg>${profile_name}</arg>
<doc>Waits until the element ``locator`` is enabled.</doc>
<status status="PASS" start="2024-05-28T17:27:31.783054" elapsed="0.290120"/>
</kw>
<kw name="Element Text Should Be" owner="SeleniumLibrary">
<msg time="2024-05-28T17:27:32.074167" level="INFO">Verifying element 'css:div[class="sstopuser-test"] h5' contains exact text 'Patient'.</msg>
<arg>${profile_name}</arg>
<arg>Patient</arg>
<doc>Verifies that element ``locator`` contains exact the text ``expected``.</doc>
<status status="PASS" start="2024-05-28T17:27:32.073174" elapsed="0.082148"/>
</kw>
<status status="PASS" start="2024-05-28T17:27:31.463849" elapsed="0.691968"/>
</kw>
<kw name="Sucessfull search by bill number" owner="UserResources">
<kw name="Click Link" owner="SeleniumLibrary">
<msg time="2024-05-28T17:27:32.157307" level="INFO">Clicking link 'xpath://i[@class="fas fa-mortar-pestle"]//parent::a'.</msg>
<arg>${pharmacy_option}</arg>
<doc>Clicks a link identified by ``locator``.</doc>
<status status="PASS" start="2024-05-28T17:27:32.156810" elapsed="1.316749"/>
</kw>
<kw name="Wait Until Element Is Enabled" owner="SeleniumLibrary">
<arg>${pharmacy_bill_search_field}</arg>
<doc>Waits until the element ``locator`` is enabled.</doc>
<status status="PASS" start="2024-05-28T17:27:33.474055" elapsed="0.354281"/>
</kw>
<kw name="Input Text" owner="SeleniumLibrary">
<msg time="2024-05-28T17:27:33.829423" level="INFO">Typing text 'PHARMAB307' into text field 'css:input[type="search"]'.</msg>
<arg>${pharmacy_bill_search_field}</arg>
<arg>PHARMAB307</arg>
<doc>Types the given ``text`` into the text field identified by ``locator``.</doc>
<status status="PASS" start="2024-05-28T17:27:33.828832" elapsed="1.210812"/>
</kw>
<status status="PASS" start="2024-05-28T17:27:32.156314" elapsed="2.883330"/>
</kw>
<kw name="Verify the successfull search by bill number" owner="UserResources">
<kw name="Wait Until Element Is Visible" owner="SeleniumLibrary">
<arg>${pharmacy_bill_record_assert}</arg>
<doc>Waits until the element ``locator`` is visible.</doc>
<status status="PASS" start="2024-05-28T17:27:35.041134" elapsed="0.031812"/>
</kw>
<kw name="Should Not Contain" owner="BuiltIn">
<arg>${pharmacy_bill_record_assert}</arg>
<arg>Records: 0 to 0 of 0</arg>
<doc>Fails if ``container`` contains ``item`` one or more times.</doc>
<status status="PASS" start="2024-05-28T17:27:35.072946" elapsed="0.000993"/>
</kw>
<status status="PASS" start="2024-05-28T17:27:35.040141" elapsed="0.033798"/>
</kw>
<kw name="Close the browser" owner="GenericResources" type="TEARDOWN">
<kw name="Close Browser" owner="SeleniumLibrary">
<doc>Closes the current browser.</doc>
<status status="PASS" start="2024-05-28T17:27:35.074931" elapsed="3.744201"/>
</kw>
<status status="PASS" start="2024-05-28T17:27:35.074437" elapsed="3.745193"/>
</kw>
<status status="PASS" start="2024-05-28T17:27:14.555142" elapsed="24.264488"/>
</test>
<doc>Test case for the valid for a bill search</doc>
<status status="PASS" start="2024-05-28T17:27:14.142962" elapsed="24.677661"/>
</suite>
<status status="PASS" start="2024-05-28T17:27:14.140884" elapsed="24.680732"/>
</suite>
<status status="PASS" start="2024-05-28T17:27:14.104517" elapsed="24.718092"/>
</suite>
<statistics>
<total>
<stat pass="1" fail="0" skip="0">All Tests</stat>
</total>
<tag>
</tag>
<suite>
<stat pass="1" fail="0" skip="0" id="s1" name="Smart Hospital">Smart Hospital</stat>
<stat pass="1" fail="0" skip="0" id="s1-s1" name="TestCases">Smart Hospital.TestCases</stat>
<stat pass="1" fail="0" skip="0" id="s1-s1-s1" name="Test Valid Billsearch">Smart Hospital.TestCases.Test Valid Billsearch</stat>
</suite>
</statistics>
<errors>
</errors>
</robot>
