<?xml version="1.0" encoding="UTF-8"?>
<robot generator="Robot 7.0 (Python 3.11.0 on win32)" generated="2024-05-28T15:52:18.347825" rpa="false" schemaversion="5">
<suite id="s1" name="TestCases" source="C:\Users\KARTHIPRIYA R\OneDrive\Desktop\SmartHospital\TestCases">
<suite id="s1-s1" name="Test Invalid Billsearch" source="C:\Users\KARTHIPRIYA R\OneDrive\Desktop\SmartHospital\TestCases\Test_Invalid_Billsearch.robot">
<test id="s1-s1-t1" name="Unsuccessfull search for a bill using bill number" line="11">
<kw name="Open the browser with url" owner="GenericResources" type="SETUP">
<kw name="Create Webdriver" owner="SeleniumLibrary">
<msg time="2024-05-28T15:52:18.736352" level="INFO">Creating an instance of the Chrome WebDriver.</msg>
<arg>Chrome</arg>
<doc>Creates an instance of Selenium WebDriver.</doc>
<status status="PASS" start="2024-05-28T15:52:18.735357" elapsed="7.814973"/>
</kw>
<kw name="Go To" owner="SeleniumLibrary">
<msg time="2024-05-28T15:52:26.552882" level="INFO">Opening url 'https://demo.smart-hospital.in/'</msg>
<arg>${url}</arg>
<doc>Navigates the current browser window to the provided ``url``.</doc>
<status status="PASS" start="2024-05-28T15:52:26.551820" elapsed="5.344613"/>
</kw>
<kw name="Maximize Browser Window" owner="SeleniumLibrary">
<doc>Maximizes current browser window.</doc>
<status status="PASS" start="2024-05-28T15:52:31.897430" elapsed="1.922351"/>
</kw>
<kw name="Set Selenium Implicit Wait" owner="SeleniumLibrary">
<arg>5</arg>
<doc>Sets the implicit wait value used by Selenium.</doc>
<status status="PASS" start="2024-05-28T15:52:33.821439" elapsed="0.030262"/>
</kw>
<status status="PASS" start="2024-05-28T15:52:18.734359" elapsed="15.117342"/>
</kw>
<kw name="Click the login in button" owner="GenericResources">
<kw name="Click Element" owner="SeleniumLibrary">
<msg time="2024-05-28T15:52:33.856368" level="INFO">Clicking element '//i[@class="fa fa-user"]//parent::a'.</msg>
<arg>${login_button}</arg>
<doc>Click the element identified by ``locator``.</doc>
<status status="PASS" start="2024-05-28T15:52:33.854548" elapsed="6.467597"/>
</kw>
<status status="PASS" start="2024-05-28T15:52:33.853058" elapsed="6.469584"/>
</kw>
<kw name="Fill the login form by default credentials for user role" owner="LoginResources">
<kw name="Click Button" owner="SeleniumLibrary">
<msg time="2024-05-28T15:52:40.326778" level="INFO">Clicking button 'css:button[class='btn']'.</msg>
<arg>${signin_button}</arg>
<doc>Clicks the button identified by ``locator``.</doc>
<status status="PASS" start="2024-05-28T15:52:40.324855" elapsed="5.560227"/>
</kw>
<status status="PASS" start="2024-05-28T15:52:40.323037" elapsed="5.563037"/>
</kw>
<kw name="Verify the successfull login with valid credentials for user" owner="LoginResources">
<kw name="Click Link" owner="SeleniumLibrary">
<msg time="2024-05-28T15:52:45.903588" level="INFO">Clicking link 'css:a[class="dropdown-toggle"]'.</msg>
<arg>${pofile_icon}</arg>
<doc>Clicks a link identified by ``locator``.</doc>
<status status="PASS" start="2024-05-28T15:52:45.893394" elapsed="0.456207"/>
</kw>
<kw name="Wait Until Element Is Enabled" owner="SeleniumLibrary">
<arg>${profile_name}</arg>
<doc>Waits until the element ``locator`` is enabled.</doc>
<status status="PASS" start="2024-05-28T15:52:46.355598" elapsed="0.734888"/>
</kw>
<kw name="Element Text Should Be" owner="SeleniumLibrary">
<msg time="2024-05-28T15:52:47.092031" level="INFO">Verifying element 'css:div[class="sstopuser-test"] h5' contains exact text 'Patient'.</msg>
<arg>${profile_name}</arg>
<arg>Patient</arg>
<doc>Verifies that element ``locator`` contains exact the text ``expected``.</doc>
<status status="PASS" start="2024-05-28T15:52:47.090982" elapsed="0.214879"/>
</kw>
<status status="PASS" start="2024-05-28T15:52:45.890262" elapsed="1.415599"/>
</kw>
<kw name="Unsuccessfull search by bill number" owner="UserResources">
<kw name="Click Link" owner="SeleniumLibrary">
<msg time="2024-05-28T15:52:47.309070" level="INFO">Clicking link 'xpath://i[@class="fas fa-mortar-pestle"]//parent::a'.</msg>
<arg>${pharmacy_option}</arg>
<doc>Clicks a link identified by ``locator``.</doc>
<status status="PASS" start="2024-05-28T15:52:47.307351" elapsed="2.110919"/>
</kw>
<kw name="Wait Until Element Is Enabled" owner="SeleniumLibrary">
<arg>${pharmacy_bill_search_field}</arg>
<doc>Waits until the element ``locator`` is enabled.</doc>
<status status="PASS" start="2024-05-28T15:52:49.418765" elapsed="0.203622"/>
</kw>
<kw name="Input Text" owner="SeleniumLibrary">
<msg time="2024-05-28T15:52:49.624407" level="INFO">Typing text 'lkjhgfcvb' into text field 'css:input[type="search"]'.</msg>
<arg>${pharmacy_bill_search_field}</arg>
<arg>lkjhgfcvb</arg>
<doc>Types the given ``text`` into the text field identified by ``locator``.</doc>
<status status="PASS" start="2024-05-28T15:52:49.623257" elapsed="0.647296"/>
</kw>
<status status="PASS" start="2024-05-28T15:52:47.306357" elapsed="2.964196"/>
</kw>
<kw name="Verify the unsuccessfull search by bill number" owner="UserResources">
<kw name="Wait Until Element Is Visible" owner="SeleniumLibrary">
<arg>${pharmacy_bill_record_assert}</arg>
<doc>Waits until the element ``locator`` is visible.</doc>
<status status="PASS" start="2024-05-28T15:52:50.272560" elapsed="0.096024"/>
</kw>
<kw name="Element Text Should Be" owner="SeleniumLibrary">
<msg time="2024-05-28T15:52:50.371083" level="INFO">Verifying element 'css:div[id="DataTables_Table_0_info"]' contains exact text 'Records: 0 to 0 of 0 (filtered from 10 total records)'.</msg>
<arg>${pharmacy_bill_record_assert}</arg>
<arg>Records: 0 to 0 of 0 (filtered from 10 total records)</arg>
<doc>Verifies that element ``locator`` contains exact the text ``expected``.</doc>
<status status="PASS" start="2024-05-28T15:52:50.369576" elapsed="0.073325"/>
</kw>
<status status="PASS" start="2024-05-28T15:52:50.271457" elapsed="0.171941"/>
</kw>
<kw name="Close the browser" owner="GenericResources" type="TEARDOWN">
<kw name="Close Browser" owner="SeleniumLibrary">
<doc>Closes the current browser.</doc>
<status status="PASS" start="2024-05-28T15:52:50.445887" elapsed="9.071079"/>
</kw>
<status status="PASS" start="2024-05-28T15:52:50.443894" elapsed="9.074083"/>
</kw>
<status status="PASS" start="2024-05-28T15:52:18.733362" elapsed="40.784927"/>
</test>
<doc>Test case for the Invalid search for a bill using bill number</doc>
<status status="PASS" start="2024-05-28T15:52:18.391010" elapsed="41.134199"/>
</suite>
<status status="PASS" start="2024-05-28T15:52:18.365158" elapsed="41.164687"/>
</suite>
<statistics>
<total>
<stat pass="1" fail="0" skip="0">All Tests</stat>
</total>
<tag>
</tag>
<suite>
<stat pass="1" fail="0" skip="0" id="s1" name="TestCases">TestCases</stat>
<stat pass="1" fail="0" skip="0" id="s1-s1" name="Test Invalid Billsearch">TestCases.Test Invalid Billsearch</stat>
</suite>
</statistics>
<errors>
</errors>
</robot>
