<?xml version="1.0" encoding="UTF-8"?>
<robot generator="Robot 7.0 (Python 3.11.0 on win32)" generated="2024-05-28T17:27:43.953098" rpa="false" schemaversion="5">
<suite id="s1" name="Smart Hospital" source="C:\Users\KARTHIPRIYA R\OneDrive\Desktop\SmartHospital\Smart_Hospital">
<suite id="s1-s1" name="TestCases" source="C:\Users\KARTHIPRIYA R\OneDrive\Desktop\SmartHospital\Smart_Hospital\TestCases">
<suite id="s1-s1-s1" name="Test Valid Update Bedstatus" source="C:\Users\KARTHIPRIYA R\OneDrive\Desktop\SmartHospital\Smart_Hospital\TestCases\Test_Valid_Update_Bedstatus.robot">
<test id="s1-s1-s1-t1" name="Successfull update of bedstaus" line="12">
<kw name="Open the browser with url" owner="GenericResources" type="SETUP">
<kw name="Create Webdriver" owner="SeleniumLibrary">
<msg time="2024-05-28T17:27:44.373430" level="INFO">Creating an instance of the Chrome WebDriver.</msg>
<arg>Chrome</arg>
<doc>Creates an instance of Selenium WebDriver.</doc>
<status status="PASS" start="2024-05-28T17:27:44.372934" elapsed="2.949138"/>
</kw>
<kw name="Go To" owner="SeleniumLibrary">
<msg time="2024-05-28T17:27:47.323563" level="INFO">Opening url 'https://demo.smart-hospital.in/'</msg>
<arg>${url}</arg>
<doc>Navigates the current browser window to the provided ``url``.</doc>
<status status="PASS" start="2024-05-28T17:27:47.322569" elapsed="2.741736"/>
</kw>
<kw name="Maximize Browser Window" owner="SeleniumLibrary">
<doc>Maximizes current browser window.</doc>
<status status="PASS" start="2024-05-28T17:27:50.065298" elapsed="0.044263"/>
</kw>
<kw name="Set Selenium Implicit Wait" owner="SeleniumLibrary">
<arg>5</arg>
<doc>Sets the implicit wait value used by Selenium.</doc>
<status status="PASS" start="2024-05-28T17:27:50.109561" elapsed="0.002370"/>
</kw>
<status status="PASS" start="2024-05-28T17:27:44.371320" elapsed="5.741107"/>
</kw>
<kw name="Click the login in button" owner="GenericResources">
<kw name="Click Element" owner="SeleniumLibrary">
<msg time="2024-05-28T17:27:50.114391" level="INFO">Clicking element '//i[@class="fa fa-user"]//parent::a'.</msg>
<arg>${login_button}</arg>
<doc>Click the element identified by ``locator``.</doc>
<status status="PASS" start="2024-05-28T17:27:50.113428" elapsed="1.674879"/>
</kw>
<status status="PASS" start="2024-05-28T17:27:50.112427" elapsed="1.676376"/>
</kw>
<kw name="Fill the successfull login form by clicking the doctor role" owner="LoginResources">
<kw name="Click Link" owner="SeleniumLibrary">
<msg time="2024-05-28T17:27:51.789304" level="INFO">Clicking link 'xpath://i[@class="fa fa-user"]//parent::a'.</msg>
<arg>${admin_login_button}</arg>
<doc>Clicks a link identified by ``locator``.</doc>
<status status="PASS" start="2024-05-28T17:27:51.789304" elapsed="0.775107"/>
</kw>
<kw name="Switch Window" owner="SeleniumLibrary">
<arg>new</arg>
<doc>Switches to browser window matching ``locator``.</doc>
<status status="PASS" start="2024-05-28T17:27:52.564807" elapsed="0.030845"/>
</kw>
<kw name="Click Link" owner="SeleniumLibrary">
<msg time="2024-05-28T17:27:52.596645" level="INFO">Clicking link 'xpath://a[text()='Doctor']'.</msg>
<arg>${valid_doctor_button}</arg>
<doc>Clicks a link identified by ``locator``.</doc>
<status status="PASS" start="2024-05-28T17:27:52.595652" elapsed="0.742535"/>
</kw>
<kw name="Click Button" owner="SeleniumLibrary">
<msg time="2024-05-28T17:27:53.338187" level="INFO">Clicking button 'css:button[class='btn']'.</msg>
<arg>${signin_button}</arg>
<doc>Clicks the button identified by ``locator``.</doc>
<status status="PASS" start="2024-05-28T17:27:53.338187" elapsed="3.957042"/>
</kw>
<status status="PASS" start="2024-05-28T17:27:51.788803" elapsed="5.506426"/>
</kw>
<kw name="Verify the successfull login with valid credentials for doctor" owner="LoginResources">
<kw name="Click Link" owner="SeleniumLibrary">
<msg time="2024-05-28T17:27:57.296239" level="INFO">Clicking link 'css:a[class="dropdown-toggle"]'.</msg>
<arg>${pofile_icon}</arg>
<doc>Clicks a link identified by ``locator``.</doc>
<status status="PASS" start="2024-05-28T17:27:57.296239" elapsed="0.095343"/>
</kw>
<kw name="Wait Until Element Is Enabled" owner="SeleniumLibrary">
<arg>${profile_name}</arg>
<doc>Waits until the element ``locator`` is enabled.</doc>
<status status="PASS" start="2024-05-28T17:27:57.392078" elapsed="0.039701"/>
</kw>
<kw name="Element Text Should Be" owner="SeleniumLibrary">
<msg time="2024-05-28T17:27:57.433132" level="INFO">Verifying element 'css:div[class="sstopuser-test"] h5' contains exact text 'Doctor'.</msg>
<arg>${profile_name}</arg>
<arg>Doctor</arg>
<doc>Verifies that element ``locator`` contains exact the text ``expected``.</doc>
<status status="PASS" start="2024-05-28T17:27:57.432103" elapsed="0.035591"/>
</kw>
<status status="PASS" start="2024-05-28T17:27:57.295229" elapsed="0.172961"/>
</kw>
<kw name="Successfull update of the bed status" owner="DoctorResources">
<kw name="Click Link" owner="SeleniumLibrary">
<msg time="2024-05-28T17:27:57.469686" level="INFO">Clicking link 'xpath://i[@class="fas fa-bed cal15"]//parent::a'.</msg>
<arg>${betstatus_icon}</arg>
<doc>Clicks a link identified by ``locator``.</doc>
<status status="PASS" start="2024-05-28T17:27:57.469185" elapsed="0.077500"/>
</kw>
<kw name="Click Element" owner="SeleniumLibrary">
<msg time="2024-05-28T17:27:57.547687" level="INFO">Clicking element 'xpath://div[text()='FF - 145']'.</msg>
<msg time="2024-05-28T17:28:02.676161" level="INFO" html="true">&lt;/td&gt;&lt;/tr&gt;&lt;tr&gt;&lt;td colspan="3"&gt;&lt;a href="selenium-screenshot-1.png"&gt;&lt;img src="selenium-screenshot-1.png" width="800px"&gt;&lt;/a&gt;</msg>
<msg time="2024-05-28T17:28:02.676215" level="FAIL">Element with locator 'xpath://div[text()='FF - 145']' not found.</msg>
<arg>${bed_145}</arg>
<doc>Click the element identified by ``locator``.</doc>
<status status="FAIL" start="2024-05-28T17:27:57.546685" elapsed="5.132238">Element with locator 'xpath://div[text()='FF - 145']' not found.</status>
</kw>
<kw name="Click Element" owner="SeleniumLibrary">
<arg>${patientSelect_field}</arg>
<doc>Click the element identified by ``locator``.</doc>
<status status="NOT RUN" start="2024-05-28T17:28:02.680375" elapsed="0.000000"/>
</kw>
<kw name="Input Text" owner="SeleniumLibrary">
<arg>${patientinput_field}</arg>
<arg>Evander</arg>
<doc>Types the given ``text`` into the text field identified by ``locator``.</doc>
<status status="NOT RUN" start="2024-05-28T17:28:02.680862" elapsed="0.000000"/>
</kw>
<kw name="Click Element" owner="SeleniumLibrary">
<arg>${add_patient_name}</arg>
<doc>Click the element identified by ``locator``.</doc>
<status status="NOT RUN" start="2024-05-28T17:28:02.681359" elapsed="0.000000"/>
</kw>
<kw name="Click Element" owner="SeleniumLibrary">
<arg>${Addmision_date}</arg>
<doc>Click the element identified by ``locator``.</doc>
<status status="NOT RUN" start="2024-05-28T17:28:02.681856" elapsed="0.000000"/>
</kw>
<kw name="Select From List By Value" owner="SeleniumLibrary">
<arg>${doctal_consultant_select}</arg>
<arg>11</arg>
<doc>Selects options from selection list ``locator`` by ``values``.</doc>
<status status="NOT RUN" start="2024-05-28T17:28:02.682431" elapsed="0.000000"/>
</kw>
<kw name="Click Button" owner="SeleniumLibrary">
<arg>${bed_status_save_button}</arg>
<doc>Clicks the button identified by ``locator``.</doc>
<status status="NOT RUN" start="2024-05-28T17:28:02.682927" elapsed="0.000087"/>
</kw>
<status status="FAIL" start="2024-05-28T17:27:57.468190" elapsed="5.214824">Element with locator 'xpath://div[text()='FF - 145']' not found.</status>
</kw>
<kw name="Verify the successfull updation of the bed status" owner="DoctorResources">
<status status="NOT RUN" start="2024-05-28T17:28:02.683510" elapsed="0.000497"/>
</kw>
<kw name="Close the browser" owner="GenericResources" type="TEARDOWN">
<kw name="Close Browser" owner="SeleniumLibrary">
<doc>Closes the current browser.</doc>
<status status="PASS" start="2024-05-28T17:28:02.685080" elapsed="2.379311"/>
</kw>
<status status="PASS" start="2024-05-28T17:28:02.684007" elapsed="2.381044"/>
</kw>
<tag>smoke</tag>
<status status="FAIL" start="2024-05-28T17:27:44.369981" elapsed="20.695070">Element with locator 'xpath://div[text()='FF - 145']' not found.</status>
</test>
<doc>Test case for the valid bed status update</doc>
<status status="FAIL" start="2024-05-28T17:27:44.014744" elapsed="21.051797"/>
</suite>
<status status="FAIL" start="2024-05-28T17:27:44.011615" elapsed="21.055968"/>
</suite>
<status status="FAIL" start="2024-05-28T17:27:43.979038" elapsed="21.089565"/>
</suite>
<statistics>
<total>
<stat pass="0" fail="1" skip="0">All Tests</stat>
</total>
<tag>
<stat pass="0" fail="1" skip="0">smoke</stat>
</tag>
<suite>
<stat pass="0" fail="1" skip="0" id="s1" name="Smart Hospital">Smart Hospital</stat>
<stat pass="0" fail="1" skip="0" id="s1-s1" name="TestCases">Smart Hospital.TestCases</stat>
<stat pass="0" fail="1" skip="0" id="s1-s1-s1" name="Test Valid Update Bedstatus">Smart Hospital.TestCases.Test Valid Update Bedstatus</stat>
</suite>
</statistics>
<errors>
</errors>
</robot>
