<?xml version="1.0" encoding="UTF-8"?>
<robot generator="Robot 7.0 (Python 3.11.0 on win32)" generated="2024-05-28T15:53:17.508888" rpa="false" schemaversion="5">
<suite id="s1" name="TestCases" source="C:\Users\KARTHIPRIYA R\OneDrive\Desktop\SmartHospital\TestCases">
<suite id="s1-s1" name="Test Valid Userlogin" source="C:\Users\KARTHIPRIYA R\OneDrive\Desktop\SmartHospital\TestCases\Test_Valid_Userlogin.robot">
<test id="s1-s1-t1" name="Successful patient login by the default login credentials" line="12">
<kw name="Open the browser with url" owner="GenericResources" type="SETUP">
<kw name="Create Webdriver" owner="SeleniumLibrary">
<msg time="2024-05-28T15:53:18.453533" level="INFO">Creating an instance of the Chrome WebDriver.</msg>
<arg>Chrome</arg>
<doc>Creates an instance of Selenium WebDriver.</doc>
<status status="PASS" start="2024-05-28T15:53:18.453533" elapsed="3.187733"/>
</kw>
<kw name="Go To" owner="SeleniumLibrary">
<msg time="2024-05-28T15:53:21.646028" level="INFO">Opening url 'https://demo.smart-hospital.in/'</msg>
<arg>${url}</arg>
<doc>Navigates the current browser window to the provided ``url``.</doc>
<status status="PASS" start="2024-05-28T15:53:21.642485" elapsed="0.632330"/>
</kw>
<kw name="Maximize Browser Window" owner="SeleniumLibrary">
<doc>Maximizes current browser window.</doc>
<status status="PASS" start="2024-05-28T15:53:22.275311" elapsed="5.833339"/>
</kw>
<kw name="Set Selenium Implicit Wait" owner="SeleniumLibrary">
<arg>5</arg>
<doc>Sets the implicit wait value used by Selenium.</doc>
<status status="PASS" start="2024-05-28T15:53:28.110115" elapsed="0.025136"/>
</kw>
<status status="PASS" start="2024-05-28T15:53:18.452539" elapsed="9.683226"/>
</kw>
<kw name="Click the login in button" owner="GenericResources">
<kw name="Click Element" owner="SeleniumLibrary">
<msg time="2024-05-28T15:53:28.138926" level="INFO">Clicking element '//i[@class="fa fa-user"]//parent::a'.</msg>
<arg>${login_button}</arg>
<doc>Click the element identified by ``locator``.</doc>
<status status="PASS" start="2024-05-28T15:53:28.137818" elapsed="5.918597"/>
</kw>
<status status="PASS" start="2024-05-28T15:53:28.136263" elapsed="5.920648"/>
</kw>
<kw name="Fill the login form by default credentials for user role" owner="LoginResources">
<kw name="Click Button" owner="SeleniumLibrary">
<msg time="2024-05-28T15:53:34.059036" level="INFO">Clicking button 'css:button[class='btn']'.</msg>
<arg>${signin_button}</arg>
<doc>Clicks the button identified by ``locator``.</doc>
<status status="PASS" start="2024-05-28T15:53:34.057915" elapsed="3.916289"/>
</kw>
<status status="PASS" start="2024-05-28T15:53:34.056911" elapsed="3.917293"/>
</kw>
<kw name="Verify the successfull login with valid credentials for user" owner="LoginResources">
<kw name="Click Link" owner="SeleniumLibrary">
<msg time="2024-05-28T15:53:37.978439" level="INFO">Clicking link 'css:a[class="dropdown-toggle"]'.</msg>
<arg>${pofile_icon}</arg>
<doc>Clicks a link identified by ``locator``.</doc>
<status status="PASS" start="2024-05-28T15:53:37.976995" elapsed="0.090570"/>
</kw>
<kw name="Wait Until Element Is Enabled" owner="SeleniumLibrary">
<arg>${profile_name}</arg>
<doc>Waits until the element ``locator`` is enabled.</doc>
<status status="PASS" start="2024-05-28T15:53:38.068060" elapsed="0.118201"/>
</kw>
<kw name="Element Text Should Be" owner="SeleniumLibrary">
<msg time="2024-05-28T15:53:38.187413" level="INFO">Verifying element 'css:div[class="sstopuser-test"] h5' contains exact text 'Patient'.</msg>
<arg>${profile_name}</arg>
<arg>Patient</arg>
<doc>Verifies that element ``locator`` contains exact the text ``expected``.</doc>
<status status="PASS" start="2024-05-28T15:53:38.186758" elapsed="0.053758"/>
</kw>
<status status="PASS" start="2024-05-28T15:53:37.974204" elapsed="0.266312"/>
</kw>
<kw name="Close the browser" owner="GenericResources" type="TEARDOWN">
<kw name="Close Browser" owner="SeleniumLibrary">
<doc>Closes the current browser.</doc>
<status status="PASS" start="2024-05-28T15:53:38.241521" elapsed="2.335881"/>
</kw>
<status status="PASS" start="2024-05-28T15:53:38.241521" elapsed="2.336378"/>
</kw>
<status status="PASS" start="2024-05-28T15:53:18.451541" elapsed="22.126358"/>
</test>
<doc>Test case for the valid user login</doc>
<status status="PASS" start="2024-05-28T15:53:17.634387" elapsed="22.946549"/>
</suite>
<status status="PASS" start="2024-05-28T15:53:17.541644" elapsed="23.040619"/>
</suite>
<statistics>
<total>
<stat pass="1" fail="0" skip="0">All Tests</stat>
</total>
<tag>
</tag>
<suite>
<stat pass="1" fail="0" skip="0" id="s1" name="TestCases">TestCases</stat>
<stat pass="1" fail="0" skip="0" id="s1-s1" name="Test Valid Userlogin">TestCases.Test Valid Userlogin</stat>
</suite>
</statistics>
<errors>
</errors>
</robot>
