<?xml version="1.0" encoding="UTF-8"?>
<robot generator="Robot 7.0 (Python 3.11.0 on win32)" generated="2024-05-28T17:27:13.948176" rpa="false" schemaversion="5">
<suite id="s1" name="Smart Hospital" source="C:\Users\KARTHIPRIYA R\OneDrive\Desktop\SmartHospital\Smart_Hospital">
<suite id="s1-s1" name="TestCases" source="C:\Users\KARTHIPRIYA R\OneDrive\Desktop\SmartHospital\Smart_Hospital\TestCases">
<suite id="s1-s1-s1" name="Test Valid NotificationDelete" source="C:\Users\KARTHIPRIYA R\OneDrive\Desktop\SmartHospital\Smart_Hospital\TestCases\Test_Valid_NotificationDelete.robot">
<test id="s1-s1-s1-t1" name="Sucsessfull deletion of notification message" line="13">
<kw name="Open the browser with url" owner="GenericResources" type="SETUP">
<kw name="Create Webdriver" owner="SeleniumLibrary">
<msg time="2024-05-28T17:27:14.393054" level="INFO">Creating an instance of the Chrome WebDriver.</msg>
<arg>Chrome</arg>
<doc>Creates an instance of Selenium WebDriver.</doc>
<status status="PASS" start="2024-05-28T17:27:14.393054" elapsed="4.332566"/>
</kw>
<kw name="Go To" owner="SeleniumLibrary">
<msg time="2024-05-28T17:27:18.726614" level="INFO">Opening url 'https://demo.smart-hospital.in/'</msg>
<arg>${url}</arg>
<doc>Navigates the current browser window to the provided ``url``.</doc>
<status status="PASS" start="2024-05-28T17:27:18.726117" elapsed="3.898788"/>
</kw>
<kw name="Maximize Browser Window" owner="SeleniumLibrary">
<doc>Maximizes current browser window.</doc>
<status status="PASS" start="2024-05-28T17:27:22.625402" elapsed="0.114144"/>
</kw>
<kw name="Set Selenium Implicit Wait" owner="SeleniumLibrary">
<arg>5</arg>
<doc>Sets the implicit wait value used by Selenium.</doc>
<status status="PASS" start="2024-05-28T17:27:22.740042" elapsed="0.002527"/>
</kw>
<status status="PASS" start="2024-05-28T17:27:14.391552" elapsed="8.351017"/>
</kw>
<kw name="Click the login in button" owner="GenericResources">
<kw name="Click Element" owner="SeleniumLibrary">
<msg time="2024-05-28T17:27:22.744558" level="INFO">Clicking element '//i[@class="fa fa-user"]//parent::a'.</msg>
<arg>${login_button}</arg>
<doc>Click the element identified by ``locator``.</doc>
<status status="PASS" start="2024-05-28T17:27:22.743563" elapsed="2.096908"/>
</kw>
<status status="PASS" start="2024-05-28T17:27:22.743066" elapsed="2.097405"/>
</kw>
<kw name="Fill the successfull login form by clicking the doctor role" owner="LoginResources">
<kw name="Click Link" owner="SeleniumLibrary">
<msg time="2024-05-28T17:27:24.842616" level="INFO">Clicking link 'xpath://i[@class="fa fa-user"]//parent::a'.</msg>
<arg>${admin_login_button}</arg>
<doc>Clicks a link identified by ``locator``.</doc>
<status status="PASS" start="2024-05-28T17:27:24.842119" elapsed="0.602723"/>
</kw>
<kw name="Switch Window" owner="SeleniumLibrary">
<arg>new</arg>
<doc>Switches to browser window matching ``locator``.</doc>
<status status="PASS" start="2024-05-28T17:27:25.445339" elapsed="0.062273"/>
</kw>
<kw name="Click Link" owner="SeleniumLibrary">
<msg time="2024-05-28T17:27:25.508713" level="INFO">Clicking link 'xpath://a[text()='Doctor']'.</msg>
<arg>${valid_doctor_button}</arg>
<doc>Clicks a link identified by ``locator``.</doc>
<status status="PASS" start="2024-05-28T17:27:25.507741" elapsed="2.086879"/>
</kw>
<kw name="Click Button" owner="SeleniumLibrary">
<msg time="2024-05-28T17:27:27.595613" level="INFO">Clicking button 'css:button[class='btn']'.</msg>
<arg>${signin_button}</arg>
<doc>Clicks the button identified by ``locator``.</doc>
<status status="PASS" start="2024-05-28T17:27:27.595116" elapsed="4.897809"/>
</kw>
<status status="PASS" start="2024-05-28T17:27:24.841603" elapsed="7.651322"/>
</kw>
<kw name="Verify the successfull login with valid credentials for doctor" owner="LoginResources">
<kw name="Click Link" owner="SeleniumLibrary">
<msg time="2024-05-28T17:27:32.494426" level="INFO">Clicking link 'css:a[class="dropdown-toggle"]'.</msg>
<arg>${pofile_icon}</arg>
<doc>Clicks a link identified by ``locator``.</doc>
<status status="PASS" start="2024-05-28T17:27:32.493421" elapsed="0.669401"/>
</kw>
<kw name="Wait Until Element Is Enabled" owner="SeleniumLibrary">
<arg>${profile_name}</arg>
<doc>Waits until the element ``locator`` is enabled.</doc>
<status status="PASS" start="2024-05-28T17:27:33.163319" elapsed="0.062256"/>
</kw>
<kw name="Element Text Should Be" owner="SeleniumLibrary">
<msg time="2024-05-28T17:27:33.226591" level="INFO">Verifying element 'css:div[class="sstopuser-test"] h5' contains exact text 'Doctor'.</msg>
<arg>${profile_name}</arg>
<arg>Doctor</arg>
<doc>Verifies that element ``locator`` contains exact the text ``expected``.</doc>
<status status="PASS" start="2024-05-28T17:27:33.225575" elapsed="0.037781"/>
</kw>
<status status="PASS" start="2024-05-28T17:27:32.493421" elapsed="0.769935"/>
</kw>
<kw name="Delete the all notification message" owner="DoctorResources">
<kw name="Click Link" owner="SeleniumLibrary">
<msg time="2024-05-28T17:27:33.266526" level="INFO">Clicking link 'xpath://i[@class="fa fa-bell-o"]//parent::a'.</msg>
<arg>${notification_icon}</arg>
<doc>Clicks a link identified by ``locator``.</doc>
<status status="PASS" start="2024-05-28T17:27:33.264525" elapsed="1.283369"/>
</kw>
<kw name="Click Button" owner="SeleniumLibrary">
<msg time="2024-05-28T17:27:34.552074" level="INFO">Clicking button 'xpath://i[@class="fa fa-trash"]//parent::button'.</msg>
<arg>${delete_notification_button}</arg>
<doc>Clicks the button identified by ``locator``.</doc>
<status status="PASS" start="2024-05-28T17:27:34.549744" elapsed="0.470397"/>
</kw>
<kw name="Alert Should Be Present" owner="SeleniumLibrary">
<msg time="2024-05-28T17:27:35.021631" level="INFO">HANDLE::&lt;class 'NoneType'&gt;::None</msg>
<doc>Verifies that an alert is present and by default, accepts it.</doc>
<status status="PASS" start="2024-05-28T17:27:35.020637" elapsed="0.011743"/>
</kw>
<status status="PASS" start="2024-05-28T17:27:33.264368" elapsed="1.768012"/>
</kw>
<kw name="Verify sucsessfull deletion of all notification messages" owner="DoctorResources">
<kw name="Click Link" owner="SeleniumLibrary">
<msg time="2024-05-28T17:27:35.036665" level="INFO">Clicking link 'xpath://i[@class="fa fa-bell-o"]//parent::a'.</msg>
<arg>${notification_icon}</arg>
<doc>Clicks a link identified by ``locator``.</doc>
<status status="PASS" start="2024-05-28T17:27:35.036070" elapsed="0.616890"/>
</kw>
<kw name="Element Text Should Be" owner="SeleniumLibrary">
<msg time="2024-05-28T17:27:35.653977" level="INFO">Verifying element 'css:div[class="alert alert-danger"]' contains exact text 'No Record Found'.</msg>
<arg>css:div[class="alert alert-danger"]</arg>
<arg>No Record Found</arg>
<doc>Verifies that element ``locator`` contains exact the text ``expected``.</doc>
<status status="PASS" start="2024-05-28T17:27:35.653481" elapsed="0.033354"/>
</kw>
<status status="PASS" start="2024-05-28T17:27:35.033539" elapsed="0.653792"/>
</kw>
<kw name="Close the browser" owner="GenericResources" type="TEARDOWN">
<kw name="Close Browser" owner="SeleniumLibrary">
<doc>Closes the current browser.</doc>
<status status="PASS" start="2024-05-28T17:27:35.688821" elapsed="2.548219"/>
</kw>
<status status="PASS" start="2024-05-28T17:27:35.687828" elapsed="2.549212"/>
</kw>
<status status="PASS" start="2024-05-28T17:27:14.386910" elapsed="23.850626"/>
</test>
<doc>Test case for valid delete all notification messages</doc>
<status status="PASS" start="2024-05-28T17:27:14.001924" elapsed="24.238609"/>
</suite>
<status status="PASS" start="2024-05-28T17:27:13.998203" elapsed="24.244317"/>
</suite>
<status status="PASS" start="2024-05-28T17:27:13.973485" elapsed="24.270095"/>
</suite>
<statistics>
<total>
<stat pass="1" fail="0" skip="0">All Tests</stat>
</total>
<tag>
</tag>
<suite>
<stat pass="1" fail="0" skip="0" id="s1" name="Smart Hospital">Smart Hospital</stat>
<stat pass="1" fail="0" skip="0" id="s1-s1" name="TestCases">Smart Hospital.TestCases</stat>
<stat pass="1" fail="0" skip="0" id="s1-s1-s1" name="Test Valid NotificationDelete">Smart Hospital.TestCases.Test Valid NotificationDelete</stat>
</suite>
</statistics>
<errors>
</errors>
</robot>
